{
  "runnable": false,
  "phase": "stage4_advanced_memory",
  "error_type": "RuntimeError",
  "message": "Traceback (most recent call last):\n  File \"/home/hyc/miniconda3/envs/sglang/lib/python3.11/site-packages/triton/language/core.py\", line 34, in wrapper\n    return fn(*args, **kwargs)\n           ^^^^^^^^^^^^^^^^^^^\n  File \"/home/hyc/miniconda3/envs/sglang/lib/python3.11/site-packages/triton/language/core.py\", line 1490, in full\n    shape = _shape_check_impl(shape)\n            ^^^^^^^^^^^^^^^^^^^^^^^^\n  File \"/home/hyc/miniconda3/envs/sglang/lib/python3.11/site-packages/triton/language/core.py\", line 1474, in _shape_check_impl\n    validate_block_shape(shape)\n  File \"/home/hyc/miniconda3/envs/sglang/lib/python3.11/site-packages/triton/language/_utils.py\", line 14, in validate_block_shape\n    raise TypeError(f\"Shape element {i} must have type `constexpr[int]`, got `constexpr[{type(d)}]\")\nTypeError: Shape element 0 must have type `constexpr[int]`, got `constexpr[<class 'triton.language.core.tensor'>]\n\nThe above exception was the direct cause of the following exception:\n\ntriton.compiler.errors.CompilationError: at 10:11:\ndef zeros(shape, dtype):\n    \"\"\"\n    Returns a tensor filled with the scalar value 0 for the given :code:`shape` and :code:`dtype`.\n\n    :param shape: Shape of the new array, e.g., (8, 16) or (8, )\n    :type shape: tuple of ints\n    :param dtype: Data-type of the new array, e.g., :code:`tl.float16`\n    :type dtype: DType\n    \"\"\"\n    return core.full(shape, 0, dtype)\n           ^\n\nThe above exception was the direct cause of the following exception:\n\nTraceback (most recent call last):\n  File \"/home/hyc/LLMKernel/utils/compile_and_run.py\", line 538, in compare_and_bench\n    test_out, _ = _run_once(test_model, inp, dev)\n                  ^^^^^^^^^^^^^^^^^^^^^^^^^^^^^^^\n  File \"/home/hyc/LLMKernel/utils/compile_and_run.py\", line 132, in _run_once\n    out = model(*inp)\n          ^^^^^^^^^^^\n  File \"/home/hyc/miniconda3/envs/sglang/lib/python3.11/site-packages/torch/nn/modules/module.py\", line 1751, in _wrapped_call_impl\n    return self._call_impl(*args, **kwargs)\n           ^^^^^^^^^^^^^^^^^^^^^^^^^^^^^^^^\n  File \"/home/hyc/miniconda3/envs/sglang/lib/python3.11/site-packages/torch/nn/modules/module.py\", line 1762, in _call_impl\n    return forward_call(*args, **kwargs)\n           ^^^^^^^^^^^^^^^^^^^^^^^^^^^^^\n  File \"/home/hyc/LLMKernel/run/20251214_114800_batch_range81to100_deepseek_deepseek/96_ConvTranspose3d_Multiply_Max_GlobalAvgPool_Clamp/code/kernel_20251214_193544.py\", line 301, in forward\n    x = fused_post_convtranspose(x, self.scale, self.maxpool_kernel_size)\n        ^^^^^^^^^^^^^^^^^^^^^^^^^^^^^^^^^^^^^^^^^^^^^^^^^^^^^^^^^^^^^^^^^\n  File \"/home/hyc/LLMKernel/run/20251214_114800_batch_range81to100_deepseek_deepseek/96_ConvTranspose3d_Multiply_Max_GlobalAvgPool_Clamp/code/kernel_20251214_193544.py\", line 264, in fused_post_convtranspose\n    global_avg_pool_clamp_kernel[grid2](\n  File \"/home/hyc/miniconda3/envs/sglang/lib/python3.11/site-packages/triton/runtime/jit.py\", line 347, in <lambda>\n    return lambda *args, **kwargs: self.run(grid=grid, warmup=False, *args, **kwargs)\n                                   ^^^^^^^^^^^^^^^^^^^^^^^^^^^^^^^^^^^^^^^^^^^^^^^^^^\n  File \"/home/hyc/miniconda3/envs/sglang/lib/python3.11/site-packages/triton/runtime/jit.py\", line 569, in run\n    kernel = self.compile(src, target=target, options=options.__dict__)\n             ^^^^^^^^^^^^^^^^^^^^^^^^^^^^^^^^^^^^^^^^^^^^^^^^^^^^^^^^^^\n  File \"/home/hyc/miniconda3/envs/sglang/lib/python3.11/site-packages/triton/compiler/compiler.py\", line 278, in compile\n    module = src.make_ir(options, codegen_fns, module_map, context)\n             ^^^^^^^^^^^^^^^^^^^^^^^^^^^^^^^^^^^^^^^^^^^^^^^^^^^^^^\n  File \"/home/hyc/miniconda3/envs/sglang/lib/python3.11/site-packages/triton/compiler/compiler.py\", line 81, in make_ir\n    return ast_to_ttir(self.fn, self, context=context, options=options, codegen_fns=codegen_fns,\n           ^^^^^^^^^^^^^^^^^^^^^^^^^^^^^^^^^^^^^^^^^^^^^^^^^^^^^^^^^^^^^^^^^^^^^^^^^^^^^^^^^^^^^\ntriton.compiler.errors.CompilationError: at 33:19:\n\n    # Initialize accumulators\n    sum_acc = tl.zeros((BLOCK_C,), dtype=tl.float32)\n    count_acc = tl.zeros((BLOCK_C,), dtype=tl.float32)\n\n    # Total number of elements to reduce (spatial dimensions)\n    total_elements = D * H * W\n\n    if REDUCE_IN_SMEM:\n        # Use shared memory for better reduction performance\n        smem_size = BLOCK_C * BLOCK_W\n        smem_sum = tl.zeros((smem_size,), dtype=tl.float32)\n                   ^\n"
}