[Seed] Generating seed kernel...
[Seed 1/2] Generating...
[92mFinish reason: stop[0m
Usage: In=2340, Out=13295, Total=15635
[seed_0] score=0.6466 (baseline=8.9708ms)
[seed_0] metrics saved to: /home/hyc/LLMKernel/run/20251228_085453_batch_range11to24_openai_deepseek/12_VGG19/evaluation/eval_0009.json
[Seed 1] Final score: 0.6466 âœ“
[Seed 2/2] Generating...
[92mFinish reason: stop[0m
Usage: In=2340, Out=4384, Total=6724
[91mTest Error (RuntimeError):[0m Traceback (most recent call last):
  File "/home/hyc/LLMKernel/utils/compile_and_run.py", line 536, in compare_and_bench
    test_model = ModelNew(*init_args, **init_kwargs)
                 ^^^^^^^^^^^^^^^^^^^^^^^^^^^^^^^^^^^
  File "/home/hyc/LLMKernel/run/20251228_085453_batch_range11to24_openai_deepseek/12_VGG19/code/kernel_20251228_090725.py", line 261, in __init__
    nn.init.kaiming_uniform_(w, a=math.sqrt(5))
                                  ^^^^
NameError: name 'math' is not defined

[seed_1] failed. See metrics.message for details.
[seed_1] metrics saved to: /home/hyc/LLMKernel/run/20251228_085453_batch_range11to24_openai_deepseek/12_VGG19/evaluation/eval_0010.json
[Seed 2] Failed, attempting repair...
[92mFinish reason: stop[0m
Usage: In=3179, Out=3858, Total=7037
[seed_1_repair_1] score=0.6784 (baseline=8.9708ms)
[seed_1_repair_1] metrics saved to: /home/hyc/LLMKernel/run/20251228_085453_batch_range11to24_openai_deepseek/12_VGG19/evaluation/eval_0011.json
[Seed 2 Repair] Score: 0.6784 âœ“
[Seed 2] Final score: 0.6784 âœ“

================================================================================
[Hybrid Strategy] Analyzing all seeds for algorithmic optimization...
[Hybrid Strategy] - 2 seed(s) with score < 1.0 (rescue)
================================================================================

[Hybrid] Seed 1: score=0.6466 < 1.0
[Hybrid] Attempting algorithm analysis rescue...
[Hybrid] Requesting LLM analysis for seed 1...
[92mFinish reason: stop[0m
Usage: In=6215, Out=1546, Total=7761
[Hybrid] Worth optimizing: yes
[Hybrid] Reason: The custom 3x3 convolution kernel uses a straightforward direct algorithm and is significantly slower than cuDNN, so an algorithmic improvement on all 3x3 layers can yield a large endâ€‘toâ€‘end gain.
[Hybrid] Analysis complete for seed 1, generating optimized kernel...
[Hybrid] Bottleneck: All VGG blocks are dominated by 3x3 strideâ€‘1 convolutions implemented as naive d...
[Hybrid] Optimization: Replace the direct 3x3 convolution in `conv3x3_bias_relu_kernel` with a Winograd...
[Hybrid] Expected speedup: 30-50%
[92mFinish reason: stop[0m
Usage: In=6558, Out=27549, Total=34107
[91mTest Error (RuntimeError):[0m Traceback (most recent call last):
  File "/home/hyc/miniconda3/envs/sglang/lib/python3.11/site-packages/triton/language/core.py", line 43, in wrapper
    return fn(*args, **kwargs)
           ^^^^^^^^^^^^^^^^^^^
  File "/home/hyc/miniconda3/envs/sglang/lib/python3.11/site-packages/triton/language/core.py", line 1101, in __getitem__
    raise ValueError(f"unsupported tensor index: {sl}")
ValueError: unsupported tensor index: constexpr[0]

The above exception was the direct cause of the following exception:

Traceback (most recent call last):
  File "/home/hyc/LLMKernel/utils/compile_and_run.py", line 555, in compare_and_bench
    test_out, _ = _run_once(test_model, inp, dev)
                  ^^^^^^^^^^^^^^^^^^^^^^^^^^^^^^^
  File "/home/hyc/LLMKernel/utils/compile_and_run.py", line 132, in _run_once
    out = model(*inp)
          ^^^^^^^^^^^
  File "/home/hyc/miniconda3/envs/sglang/lib/python3.11/site-packages/torch/nn/modules/module.py", line 1775, in _wrapped_call_impl
    return self._call_impl(*args, **kwargs)
           ^^^^^^^^^^^^^^^^^^^^^^^^^^^^^^^^
  File "/home/hyc/miniconda3/envs/sglang/lib/python3.11/site-packages/torch/nn/modules/module.py", line 1786, in _call_impl
    return forward_call(*args, **kwargs)
           ^^^^^^^^^^^^^^^^^^^^^^^^^^^^^
  File "/home/hyc/LLMKernel/run/20251228_085453_batch_range11to24_openai_deepseek/12_VGG19/code/kernel_20251228_091100.py", line 646, in forward
    x = conv3x3_bias_relu(x, self.conv1_1_weight, self.conv1_1_bias)
        ^^^^^^^^^^^^^^^^^^^^^^^^^^^^^^^^^^^^^^^^^^^^^^^^^^^^^^^^^^^^
  File "/home/hyc/LLMKernel/run/20251228_085453_batch_range11to24_openai_deepseek/12_VGG19/code/kernel_20251228_091100.py", line 485, in conv3x3_bias_relu
    conv3x3_winograd_bias_relu_kernel[grid](
  File "/home/hyc/miniconda3/envs/sglang/lib/python3.11/site-packages/triton/runtime/jit.py", line 419, in <lambda>
    return lambda *args, **kwargs: self.run(grid=grid, warmup=False, *args, **kwargs)
                                   ^^^^^^^^^^^^^^^^^^^^^^^^^^^^^^^^^^^^^^^^^^^^^^^^^^
  File "/home/hyc/miniconda3/envs/sglang/lib/python3.11/site-packages/triton/runtime/jit.py", line 733, in run
    kernel = self._do_compile(key, signature, device, constexprs, options, attrs, warmup)
             ^^^^^^^^^^^^^^^^^^^^^^^^^^^^^^^^^^^^^^^^^^^^^^^^^^^^^^^^^^^^^^^^^^^^^^^^^^^^
  File "/home/hyc/miniconda3/envs/sglang/lib/python3.11/site-packages/triton/runtime/jit.py", line 861, in _do_compile
    kernel = self.compile(src, target=target, options=options.__dict__)
             ^^^^^^^^^^^^^^^^^^^^^^^^^^^^^^^^^^^^^^^^^^^^^^^^^^^^^^^^^^
  File "/home/hyc/miniconda3/envs/sglang/lib/python3.11/site-packages/triton/compiler/compiler.py", line 300, in compile
    module = src.make_ir(target, options, codegen_fns, module_map, context)
             ^^^^^^^^^^^^^^^^^^^^^^^^^^^^^^^^^^^^^^^^^^^^^^^^^^^^^^^^^^^^^^
  File "/home/hyc/miniconda3/envs/sglang/lib/python3.11/site-packages/triton/compiler/compiler.py", line 80, in make_ir
    return ast_to_ttir(self.fn, self, context=context, options=options, codegen_fns=codegen_fns,
           ^^^^^^^^^^^^^^^^^^^^^^^^^^^^^^^^^^^^^^^^^^^^^^^^^^^^^^^^^^^^^^^^^^^^^^^^^^^^^^^^^^^^^
triton.compiler.errors.CompilationError: at 79:13:
        mask_x = mask_h & mask_w

        d = tl.load(x_ptrs, mask=mask_x, other=0.0).to(tl.float32)  # (4,4)

        # Winograd input transform: V = B^T * d * B
        # using F(2x2,3x3) with
        # B^T = [[1, 0,-1, 0],
        #        [0, 1, 1, 0],
        #        [0,-1, 1, 0],
        #        [0, 1, 0,-1]]
        # Row transform: T = B^T * d
        d0 = d[0, :]
             ^
unsupported tensor index: constexpr[0]

[algorithm_optimized_seed0] failed. See metrics.message for details.
[algorithm_optimized_seed0] metrics saved to: /home/hyc/LLMKernel/run/20251228_085453_batch_range11to24_openai_deepseek/12_VGG19/evaluation/eval_0012.json
[Hybrid] Algorithm-optimized kernel failed, attempting repair...
[92mFinish reason: stop[0m
Usage: In=8884, Out=15800, Total=24684
[algorithm_optimized_seed0_repair1] score=0.0088 (baseline=8.9708ms)
[algorithm_optimized_seed0_repair1] metrics saved to: /home/hyc/LLMKernel/run/20251228_085453_batch_range11to24_openai_deepseek/12_VGG19/evaluation/eval_0013.json
[Hybrid] âœ“ Repair successful for algorithm-optimized seed 1
[Hybrid] âœ“ Rescue successful: 0.6466 â†’ 0.0088

[Hybrid] Seed 2: score=0.6784 < 1.0
[Hybrid] Attempting algorithm analysis rescue...
[Hybrid] Requesting LLM analysis for seed 2...
[92mFinish reason: stop[0m
Usage: In=4248, Out=1068, Total=5316
[Hybrid] Worth optimizing: yes
[Hybrid] Reason: The current Triton classifier does an expensive weight transpose on every forward pass, adding large O(KÂ·N) memory traffic that can be removed by changing the weight layout.
[Hybrid] Analysis complete for seed 2, generating optimized kernel...
[Hybrid] Bottleneck: Each fused_linear / fused_linear_relu call performs `weight.t().contiguous()` at...
[Hybrid] Optimization: Change the classifier to store weights directly in the GEMM-friendly [K, N] layo...
[Hybrid] Expected speedup: 20-30% end-to-end (and much larger, ~2-3x, on just the FC/classifier portion)
[92mFinish reason: stop[0m
Usage: In=4575, Out=5652, Total=10227
[algorithm_optimized_seed1] score=0.8604 (baseline=8.9708ms)
[algorithm_optimized_seed1] metrics saved to: /home/hyc/LLMKernel/run/20251228_085453_batch_range11to24_openai_deepseek/12_VGG19/evaluation/eval_0014.json
[Hybrid] âœ“ Rescue successful: 0.6784 â†’ 0.8604

================================================================================
[Hybrid] Candidate Selection
================================================================================
[Hybrid] Total candidates: 4
  [1] seed 1: 0.6466
  [2] seed 2: 0.6784
  [3] algo-optimized (from seed 1): 0.0088
  [4] algo-optimized (from seed 2): 0.8604

[Hybrid] â˜… Selected best candidate: score=0.8604

[Optimization] Starting 3-stage optimization...

================================================================================
[Stage 1/3] grid_and_parallel
Description: Optimize grid layout and parallel work distribution across SMs.
Current candidates: 1, best score: 0.8604
================================================================================
[Stage 1] Profiling best candidate...
[Stage 1] Generating optimized kernel...
[92mFinish reason: stop[0m
Usage: In=3628, Out=7290, Total=10918
[stage1_grid_and_parallel] score=0.9937 (baseline=8.9708ms)
[stage1_grid_and_parallel] metrics saved to: /home/hyc/LLMKernel/run/20251228_085453_batch_range11to24_openai_deepseek/12_VGG19/evaluation/eval_0015.json
  Optimized kernel score: 0.9937 âœ“
[Stage 1] â˜… New best score: 0.9937

================================================================================
[Stage 2/3] block_tiling
Description: Tune BLOCK_M/N/K sizes for optimal register/memory balance.
Current candidates: 1, best score: 0.9937
================================================================================
[Stage 2] Profiling best candidate...
[Stage 2] Generating optimized kernel...
[92mFinish reason: stop[0m
Usage: In=4377, Out=6658, Total=11035
[stage2_block_tiling] score=1.0255 (baseline=8.9708ms)
[stage2_block_tiling] metrics saved to: /home/hyc/LLMKernel/run/20251228_085453_batch_range11to24_openai_deepseek/12_VGG19/evaluation/eval_0016.json
  Optimized kernel score: 1.0255 âœ“
[Stage 2] â˜… New best score: 1.0255

================================================================================
[Stage 3/3] memory_and_tuning
Description: Optimize memory access patterns and fine-tune num_stages/num_warps.
Current candidates: 1, best score: 1.0255
================================================================================
[Stage 3] Profiling best candidate...
[Stage 3] Generating optimized kernel...
[92mFinish reason: stop[0m
Usage: In=4308, Out=6539, Total=10847
[stage3_memory_and_tuning] score=0.9962 (baseline=8.9708ms)
[stage3_memory_and_tuning] metrics saved to: /home/hyc/LLMKernel/run/20251228_085453_batch_range11to24_openai_deepseek/12_VGG19/evaluation/eval_0017.json
  Optimized kernel score: 0.9962 âœ“
[Stage 3] Current: 0.9962 (global best: 1.0255)
[12_VGG19.py] Figure saved to: /home/hyc/LLMKernel/run/20251228_085453_batch_range11to24_openai_deepseek/12_VGG19/figures/12_VGG19_score.png
