{
  "runnable": false,
  "phase": "stage1_repair",
  "error_type": "RuntimeError",
  "message": "Traceback (most recent call last):\n  File \"/home/hyc/miniconda3/envs/hyc/lib/python3.11/site-packages/triton/language/core.py\", line 43, in wrapper\n    return fn(*args, **kwargs)\n           ^^^^^^^^^^^^^^^^^^^\n  File \"/home/hyc/miniconda3/envs/hyc/lib/python3.11/site-packages/triton/language/core.py\", line 1094, in __getitem__\n    for dim, sl in enumerate(slices):\n  File \"/home/hyc/miniconda3/envs/hyc/lib/python3.11/site-packages/triton/language/core.py\", line 41, in wrapper\n    raise ValueError(\"Did you forget to add @triton.jit ? \"\nValueError: Did you forget to add @triton.jit ? (`_semantic` argument must be provided outside of JIT functions.)\n\nThe above exception was the direct cause of the following exception:\n\nTraceback (most recent call last):\n  File \"/home/hyc/LLMKernel/utils/compile_and_run.py\", line 533, in compare_and_bench\n    test_out, _ = _run_once(test_model, inp, dev)\n                  ^^^^^^^^^^^^^^^^^^^^^^^^^^^^^^^\n  File \"/home/hyc/LLMKernel/utils/compile_and_run.py\", line 131, in _run_once\n    out = model(*inp)\n          ^^^^^^^^^^^\n  File \"/home/hyc/miniconda3/envs/hyc/lib/python3.11/site-packages/torch/nn/modules/module.py\", line 1775, in _wrapped_call_impl\n    return self._call_impl(*args, **kwargs)\n           ^^^^^^^^^^^^^^^^^^^^^^^^^^^^^^^^\n  File \"/home/hyc/miniconda3/envs/hyc/lib/python3.11/site-packages/torch/nn/modules/module.py\", line 1786, in _call_impl\n    return forward_call(*args, **kwargs)\n           ^^^^^^^^^^^^^^^^^^^^^^^^^^^^^\n  File \"/home/hyc/LLMKernel/run/20251212_085222_batch_range20to30_deepseek_deepseek/34_InstanceNorm/code/kernel_20251212_104544.py\", line 204, in forward\n    return triton_instance_norm(x)\n           ^^^^^^^^^^^^^^^^^^^^^^^\n  File \"/home/hyc/LLMKernel/run/20251212_085222_batch_range20to30_deepseek_deepseek/34_InstanceNorm/code/kernel_20251212_104544.py\", line 187, in triton_instance_norm\n    normalize_kernel[grid2](\n  File \"/home/hyc/miniconda3/envs/hyc/lib/python3.11/site-packages/triton/runtime/jit.py\", line 419, in <lambda>\n    return lambda *args, **kwargs: self.run(grid=grid, warmup=False, *args, **kwargs)\n                                   ^^^^^^^^^^^^^^^^^^^^^^^^^^^^^^^^^^^^^^^^^^^^^^^^^^\n  File \"/home/hyc/miniconda3/envs/hyc/lib/python3.11/site-packages/triton/runtime/jit.py\", line 733, in run\n    kernel = self._do_compile(key, signature, device, constexprs, options, attrs, warmup)\n             ^^^^^^^^^^^^^^^^^^^^^^^^^^^^^^^^^^^^^^^^^^^^^^^^^^^^^^^^^^^^^^^^^^^^^^^^^^^^\n  File \"/home/hyc/miniconda3/envs/hyc/lib/python3.11/site-packages/triton/runtime/jit.py\", line 861, in _do_compile\n    kernel = self.compile(src, target=target, options=options.__dict__)\n             ^^^^^^^^^^^^^^^^^^^^^^^^^^^^^^^^^^^^^^^^^^^^^^^^^^^^^^^^^^\n  File \"/home/hyc/miniconda3/envs/hyc/lib/python3.11/site-packages/triton/compiler/compiler.py\", line 300, in compile\n    module = src.make_ir(target, options, codegen_fns, module_map, context)\n             ^^^^^^^^^^^^^^^^^^^^^^^^^^^^^^^^^^^^^^^^^^^^^^^^^^^^^^^^^^^^^^\n  File \"/home/hyc/miniconda3/envs/hyc/lib/python3.11/site-packages/triton/compiler/compiler.py\", line 80, in make_ir\n    return ast_to_ttir(self.fn, self, context=context, options=options, codegen_fns=codegen_fns,\n           ^^^^^^^^^^^^^^^^^^^^^^^^^^^^^^^^^^^^^^^^^^^^^^^^^^^^^^^^^^^^^^^^^^^^^^^^^^^^^^^^^^^^^\ntriton.compiler.errors.CompilationError: at 48:34:\n        # Process each (n,c) slice\n        for nc_idx in range(BLOCK_NC):\n            nc_idx_val = pid_nc + nc_idx\n            nc_valid = nc_idx_val < stride_nc\n\n            if nc_valid and tl.sum(spatial_chunk_mask) > 0:\n                # Load input\n                x_ptrs = x_ptr + nc_idx_val * spatial_size + spatial_idx\n                x = tl.load(x_ptrs, mask=spatial_chunk_mask, other=0.0)\n\n                # Normalize\n                normalized = (x - mean_val[nc_idx]) * inv_std[nc_idx]\n                                  ^\nDid you forget to add @triton.jit ? (`_semantic` argument must be provided outside of JIT functions.)\n"
}