{
  "runnable": false,
  "phase": "stage4_advanced_memory",
  "error_type": "RuntimeError",
  "message": "Traceback (most recent call last):\n  File \"/home/hyc/LLMKernel/utils/compile_and_run.py\", line 538, in compare_and_bench\n    test_out, _ = _run_once(test_model, inp, dev)\n                  ^^^^^^^^^^^^^^^^^^^^^^^^^^^^^^^\n  File \"/home/hyc/LLMKernel/utils/compile_and_run.py\", line 132, in _run_once\n    out = model(*inp)\n          ^^^^^^^^^^^\n  File \"/home/hyc/miniconda3/envs/sglang/lib/python3.11/site-packages/torch/nn/modules/module.py\", line 1751, in _wrapped_call_impl\n    return self._call_impl(*args, **kwargs)\n           ^^^^^^^^^^^^^^^^^^^^^^^^^^^^^^^^\n  File \"/home/hyc/miniconda3/envs/sglang/lib/python3.11/site-packages/torch/nn/modules/module.py\", line 1762, in _call_impl\n    return forward_call(*args, **kwargs)\n           ^^^^^^^^^^^^^^^^^^^^^^^^^^^^^\n  File \"/home/hyc/LLMKernel/run/20251214_114657_batch_range25to55_deepseek_deepseek/44_ConvTranspose2d_Multiply_GlobalAvgPool_GlobalAvgPool_Mean/code/kernel_20251214_211711.py\", line 225, in forward\n    x = fused_multiply_gap(x, self.multiplier)\n        ^^^^^^^^^^^^^^^^^^^^^^^^^^^^^^^^^^^^^^\n  File \"/home/hyc/LLMKernel/run/20251214_114657_batch_range25to55_deepseek_deepseek/44_ConvTranspose2d_Multiply_GlobalAvgPool_GlobalAvgPool_Mean/code/kernel_20251214_211711.py\", line 197, in fused_multiply_gap\n    fused_multiply_gap_kernel_ultra_opt[grid](\n  File \"/home/hyc/miniconda3/envs/sglang/lib/python3.11/site-packages/triton/runtime/jit.py\", line 347, in <lambda>\n    return lambda *args, **kwargs: self.run(grid=grid, warmup=False, *args, **kwargs)\n                                   ^^^^^^^^^^^^^^^^^^^^^^^^^^^^^^^^^^^^^^^^^^^^^^^^^^\n  File \"/home/hyc/miniconda3/envs/sglang/lib/python3.11/site-packages/triton/runtime/jit.py\", line 569, in run\n    kernel = self.compile(src, target=target, options=options.__dict__)\n             ^^^^^^^^^^^^^^^^^^^^^^^^^^^^^^^^^^^^^^^^^^^^^^^^^^^^^^^^^^\n  File \"/home/hyc/miniconda3/envs/sglang/lib/python3.11/site-packages/triton/compiler/compiler.py\", line 278, in compile\n    module = src.make_ir(options, codegen_fns, module_map, context)\n             ^^^^^^^^^^^^^^^^^^^^^^^^^^^^^^^^^^^^^^^^^^^^^^^^^^^^^^\n  File \"/home/hyc/miniconda3/envs/sglang/lib/python3.11/site-packages/triton/compiler/compiler.py\", line 81, in make_ir\n    return ast_to_ttir(self.fn, self, context=context, options=options, codegen_fns=codegen_fns,\n           ^^^^^^^^^^^^^^^^^^^^^^^^^^^^^^^^^^^^^^^^^^^^^^^^^^^^^^^^^^^^^^^^^^^^^^^^^^^^^^^^^^^^^\ntriton.compiler.errors.CompilationError: at 34:4:\n    channel_sum = tl.zeros((BLOCK_C,), dtype=tl.float32)\n\n    # Optimized memory access pattern with reduced register pressure\n    hw_size = spatial_size\n    num_tiles = tl.cdiv(hw_size, BLOCK_HW)\n\n    # Precompute constants for better compiler optimization\n    stride_xc_local = stride_xc\n    stride_xn_local = stride_xn\n    W_local = W\n\n    for tile_idx in range(num_tiles):\n    ^\nAssertionError(\"Loop-carried variable channel_sum has initial type <['32'], fp32> but is re-assigned to <['32', '32'], fp32> in loop! Please make sure that the type stays consistent.\")\n"
}