[Seed] Generating seed kernel...
[Seed 1/2] Generating...
[92mFinish reason: stop[0m
Usage: In=1676, Out=11820, Total=13496
[91mTest Error (RuntimeError):[0m Traceback (most recent call last):
  File "/home/hyc/miniconda3/envs/sglang/lib/python3.11/site-packages/triton/language/core.py", line 43, in wrapper
    return fn(*args, **kwargs)
           ^^^^^^^^^^^^^^^^^^^
  File "/home/hyc/miniconda3/envs/sglang/lib/python3.11/site-packages/triton/language/core.py", line 1101, in __getitem__
    raise ValueError(f"unsupported tensor index: {sl}")
ValueError: unsupported tensor index: constexpr[0]

The above exception was the direct cause of the following exception:

Traceback (most recent call last):
  File "/home/hyc/LLMKernel/utils/compile_and_run.py", line 555, in compare_and_bench
    test_out, _ = _run_once(test_model, inp, dev)
                  ^^^^^^^^^^^^^^^^^^^^^^^^^^^^^^^
  File "/home/hyc/LLMKernel/utils/compile_and_run.py", line 132, in _run_once
    out = model(*inp)
          ^^^^^^^^^^^
  File "/home/hyc/miniconda3/envs/sglang/lib/python3.11/site-packages/torch/nn/modules/module.py", line 1775, in _wrapped_call_impl
    return self._call_impl(*args, **kwargs)
           ^^^^^^^^^^^^^^^^^^^^^^^^^^^^^^^^
  File "/home/hyc/miniconda3/envs/sglang/lib/python3.11/site-packages/torch/nn/modules/module.py", line 1786, in _call_impl
    return forward_call(*args, **kwargs)
           ^^^^^^^^^^^^^^^^^^^^^^^^^^^^^
  File "/home/hyc/LLMKernel/run/20251229_022947_batch_range55to77_openai_deepseek/67_Conv2d_GELU_GlobalAvgPool/code/kernel_20251229_025748.py", line 196, in forward
    x = conv2d_gelu_triton(x, self.weight, self.bias)
        ^^^^^^^^^^^^^^^^^^^^^^^^^^^^^^^^^^^^^^^^^^^^^
  File "/home/hyc/LLMKernel/run/20251229_022947_batch_range55to77_openai_deepseek/67_Conv2d_GELU_GlobalAvgPool/code/kernel_20251229_025748.py", line 154, in conv2d_gelu_triton
    conv2d_gelu_kernel[grid](
  File "/home/hyc/miniconda3/envs/sglang/lib/python3.11/site-packages/triton/runtime/jit.py", line 419, in <lambda>
    return lambda *args, **kwargs: self.run(grid=grid, warmup=False, *args, **kwargs)
                                   ^^^^^^^^^^^^^^^^^^^^^^^^^^^^^^^^^^^^^^^^^^^^^^^^^^
  File "/home/hyc/miniconda3/envs/sglang/lib/python3.11/site-packages/triton/runtime/jit.py", line 733, in run
    kernel = self._do_compile(key, signature, device, constexprs, options, attrs, warmup)
             ^^^^^^^^^^^^^^^^^^^^^^^^^^^^^^^^^^^^^^^^^^^^^^^^^^^^^^^^^^^^^^^^^^^^^^^^^^^^
  File "/home/hyc/miniconda3/envs/sglang/lib/python3.11/site-packages/triton/runtime/jit.py", line 861, in _do_compile
    kernel = self.compile(src, target=target, options=options.__dict__)
             ^^^^^^^^^^^^^^^^^^^^^^^^^^^^^^^^^^^^^^^^^^^^^^^^^^^^^^^^^^
  File "/home/hyc/miniconda3/envs/sglang/lib/python3.11/site-packages/triton/compiler/compiler.py", line 300, in compile
    module = src.make_ir(target, options, codegen_fns, module_map, context)
             ^^^^^^^^^^^^^^^^^^^^^^^^^^^^^^^^^^^^^^^^^^^^^^^^^^^^^^^^^^^^^^
  File "/home/hyc/miniconda3/envs/sglang/lib/python3.11/site-packages/triton/compiler/compiler.py", line 80, in make_ir
    return ast_to_ttir(self.fn, self, context=context, options=options, codegen_fns=codegen_fns,
           ^^^^^^^^^^^^^^^^^^^^^^^^^^^^^^^^^^^^^^^^^^^^^^^^^^^^^^^^^^^^^^^^^^^^^^^^^^^^^^^^^^^^^
triton.compiler.errors.CompilationError: at 72:11:
    acc = acc + bias[None, :]

    x_fp32 = acc
    x_cubed = x_fp32 * x_fp32 * x_fp32
    k0 = 0.7978845608028654  # sqrt(2/pi)
    inner = k0 * (x_fp32 + 0.044715 * x_cubed)
    two_inner = 2.0 * inner
    exp2 = tl.exp(two_inner)
    tanh_inner = (exp2 - 1.0) / (exp2 + 1.0)
    acc = 0.5 * x_fp32 * (1.0 + tanh_inner)

    bs_s = bs_b[:, 0]
           ^
unsupported tensor index: constexpr[0]

[seed_0] failed. See metrics.message for details.
[seed_0] metrics saved to: /home/hyc/LLMKernel/run/20251229_022947_batch_range55to77_openai_deepseek/67_Conv2d_GELU_GlobalAvgPool/evaluation/eval_0017.json
[Seed 1] Failed, attempting repair...
[92mFinish reason: stop[0m
Usage: In=3157, Out=5931, Total=9088
[seed_0_repair_1] score=1.7265 (baseline=14.2303ms)
[seed_0_repair_1] metrics saved to: /home/hyc/LLMKernel/run/20251229_022947_batch_range55to77_openai_deepseek/67_Conv2d_GELU_GlobalAvgPool/evaluation/eval_0018.json
[Seed 1 Repair] Score: 1.7265 âœ“
[Seed 1] Final score: 1.7265 âœ“
[Seed 2/2] Generating...
[92mFinish reason: stop[0m
Usage: In=1676, Out=9849, Total=11525
[seed_1] score=0.0903 (baseline=14.2924ms)
[seed_1] metrics saved to: /home/hyc/LLMKernel/run/20251229_022947_batch_range55to77_openai_deepseek/67_Conv2d_GELU_GlobalAvgPool/evaluation/eval_0019.json
[Seed 2] Final score: 0.0903 âœ“

================================================================================
[Hybrid Strategy] Analyzing all seeds for algorithmic optimization...
[Hybrid Strategy] - 1 seed(s) with score < 1.0 (rescue)
[Hybrid Strategy] - 1 seed(s) with score >= 1.0 (further optimization)
================================================================================

[Hybrid] Seed 1: score=1.7265 >= 1.0
[Hybrid] Attempting algorithm analysis for further optimization...
[ncu] Using GPU device 2 (CUDA_VISIBLE_DEVICES=2)
[ncu] running: /usr/local/cuda/bin/ncu --csv --page=raw --target-processes=all --replay-mode=kernel --profile-from-start=on --log-file=/home/hyc/LLMKernel/ncu_temp_3555121.csv --metrics=sm__throughput.avg.pct_of_peak_sustained_elapsed,launch__grid_size,sm__warps_active.avg.pct_of_peak_sustained_active,dram__throughput.avg.pct_of_peak_sustained_elapsed,lts__t_sector_hit_rate.pct,smsp__warp_issue_stalled_memory_dependency_per_warp_active.pct /home/hyc/miniconda3/envs/sglang/bin/python bench_ref_inputs_3555121.py /home/hyc/LLMKernel/KernelBench/t/67_Conv2d_GELU_GlobalAvgPool.py /home/hyc/LLMKernel/run/20251229_022947_batch_range55to77_openai_deepseek/67_Conv2d_GELU_GlobalAvgPool/code/test_kernel_analysis_seed0.py --repeat 1
[ncu stdout]: [bench] Completed 1 iterations successfully

[ok] CSV written: /home/hyc/LLMKernel/ncu_temp_3555121.csv
[Hybrid] Requesting LLM analysis for seed 1...
[92mFinish reason: stop[0m
Usage: In=2890, Out=1458, Total=4348
[Hybrid] Worth optimizing: yes
[Hybrid] Reason: A large intermediate activation tensor is written and then immediately re-read just to perform a simple global average, so fusing the pooling into the conv kernel can significantly reduce memory traffic and kernel launches.
[Hybrid] Analysis complete for seed 1, generating optimized kernel...
[Hybrid] Bottleneck: The current design materializes the full (B, C_out, H_out, W_out) tensor to glob...
[Hybrid] Optimization: Fuse global average pooling into the conv2d_gelu kernel so that each thread/prog...
[Hybrid] Expected speedup: 15-25%
[92mFinish reason: stop[0m
Usage: In=3202, Out=10870, Total=14072
[91mTest Error (RuntimeError):[0m Traceback (most recent call last):
  File "/home/hyc/LLMKernel/utils/compile_and_run.py", line 555, in compare_and_bench
    test_out, _ = _run_once(test_model, inp, dev)
                  ^^^^^^^^^^^^^^^^^^^^^^^^^^^^^^^
  File "/home/hyc/LLMKernel/utils/compile_and_run.py", line 132, in _run_once
    out = model(*inp)
          ^^^^^^^^^^^
  File "/home/hyc/miniconda3/envs/sglang/lib/python3.11/site-packages/torch/nn/modules/module.py", line 1775, in _wrapped_call_impl
    return self._call_impl(*args, **kwargs)
           ^^^^^^^^^^^^^^^^^^^^^^^^^^^^^^^^
  File "/home/hyc/miniconda3/envs/sglang/lib/python3.11/site-packages/torch/nn/modules/module.py", line 1786, in _call_impl
    return forward_call(*args, **kwargs)
           ^^^^^^^^^^^^^^^^^^^^^^^^^^^^^
  File "/home/hyc/LLMKernel/run/20251229_022947_batch_range55to77_openai_deepseek/67_Conv2d_GELU_GlobalAvgPool/code/kernel_20251229_030150.py", line 191, in forward
    return conv2d_gelu_gap_triton(x, self.weight, self.bias)
           ^^^^^^^^^^^^^^^^^^^^^^^^^^^^^^^^^^^^^^^^^^^^^^^^^
  File "/home/hyc/LLMKernel/run/20251229_022947_batch_range55to77_openai_deepseek/67_Conv2d_GELU_GlobalAvgPool/code/kernel_20251229_030150.py", line 151, in conv2d_gelu_gap_triton
    conv2d_gelu_gap_kernel[grid](
  File "/home/hyc/miniconda3/envs/sglang/lib/python3.11/site-packages/triton/runtime/jit.py", line 419, in <lambda>
    return lambda *args, **kwargs: self.run(grid=grid, warmup=False, *args, **kwargs)
                                   ^^^^^^^^^^^^^^^^^^^^^^^^^^^^^^^^^^^^^^^^^^^^^^^^^^
  File "/home/hyc/miniconda3/envs/sglang/lib/python3.11/site-packages/triton/runtime/jit.py", line 733, in run
    kernel = self._do_compile(key, signature, device, constexprs, options, attrs, warmup)
             ^^^^^^^^^^^^^^^^^^^^^^^^^^^^^^^^^^^^^^^^^^^^^^^^^^^^^^^^^^^^^^^^^^^^^^^^^^^^
  File "/home/hyc/miniconda3/envs/sglang/lib/python3.11/site-packages/triton/runtime/jit.py", line 861, in _do_compile
    kernel = self.compile(src, target=target, options=options.__dict__)
             ^^^^^^^^^^^^^^^^^^^^^^^^^^^^^^^^^^^^^^^^^^^^^^^^^^^^^^^^^^
  File "/home/hyc/miniconda3/envs/sglang/lib/python3.11/site-packages/triton/compiler/compiler.py", line 300, in compile
    module = src.make_ir(target, options, codegen_fns, module_map, context)
             ^^^^^^^^^^^^^^^^^^^^^^^^^^^^^^^^^^^^^^^^^^^^^^^^^^^^^^^^^^^^^^
  File "/home/hyc/miniconda3/envs/sglang/lib/python3.11/site-packages/triton/compiler/compiler.py", line 80, in make_ir
    return ast_to_ttir(self.fn, self, context=context, options=options, codegen_fns=codegen_fns,
           ^^^^^^^^^^^^^^^^^^^^^^^^^^^^^^^^^^^^^^^^^^^^^^^^^^^^^^^^^^^^^^^^^^^^^^^^^^^^^^^^^^^^^
triton.compiler.errors.CompilationError: at 110:12:
        out_block = 0.5 * x_fp32 * (1.0 + tanh_inner)

        # mask out invalid spatial rows before reduction
        mask_hw_b = mask_hw[:, None]
        out_block = tl.where(mask_hw_b, out_block, 0.0)

        # reduce over spatial block and accumulate into global sum
        sum_hw = tl.sum(out_block, axis=0)  # [BLOCK_CO]
        acc_sum += sum_hw

    # finalize global average pooling
    denom = tl.float32(HW_out)
            ^
TypeError("'dtype' object is not callable")

[algorithm_optimized_seed0] failed. See metrics.message for details.
[algorithm_optimized_seed0] metrics saved to: /home/hyc/LLMKernel/run/20251229_022947_batch_range55to77_openai_deepseek/67_Conv2d_GELU_GlobalAvgPool/evaluation/eval_0020.json
[Hybrid] Algorithm-optimized kernel failed, attempting repair...
[92mFinish reason: stop[0m
Usage: In=2967, Out=4171, Total=7138
[algorithm_optimized_seed0_repair1] score=0.7627 (baseline=14.2924ms)
[algorithm_optimized_seed0_repair1] metrics saved to: /home/hyc/LLMKernel/run/20251229_022947_batch_range55to77_openai_deepseek/67_Conv2d_GELU_GlobalAvgPool/evaluation/eval_0021.json
[Hybrid] âœ“ Repair successful for algorithm-optimized seed 1
[Hybrid] âœ“ Rescue successful: 1.7265 â†’ 0.7627

[Hybrid] Seed 2: score=0.0903 < 1.0
[Hybrid] Attempting algorithm analysis rescue...
[ncu] Using GPU device 2 (CUDA_VISIBLE_DEVICES=2)
[ncu] running: /usr/local/cuda/bin/ncu --csv --page=raw --target-processes=all --replay-mode=kernel --profile-from-start=on --log-file=/home/hyc/LLMKernel/ncu_temp_3555121.csv --metrics=sm__throughput.avg.pct_of_peak_sustained_elapsed,launch__grid_size,sm__warps_active.avg.pct_of_peak_sustained_active,dram__throughput.avg.pct_of_peak_sustained_elapsed,lts__t_sector_hit_rate.pct,smsp__warp_issue_stalled_memory_dependency_per_warp_active.pct /home/hyc/miniconda3/envs/sglang/bin/python bench_ref_inputs_3555121.py /home/hyc/LLMKernel/KernelBench/t/67_Conv2d_GELU_GlobalAvgPool.py /home/hyc/LLMKernel/run/20251229_022947_batch_range55to77_openai_deepseek/67_Conv2d_GELU_GlobalAvgPool/code/test_kernel_analysis_seed1.py --repeat 1
[ncu stdout]: [bench] Completed 1 iterations successfully

[ok] CSV written: /home/hyc/LLMKernel/ncu_temp_3555121.csv
[Hybrid] Requesting LLM analysis for seed 2...
[92mFinish reason: stop[0m
Usage: In=2516, Out=1078, Total=3594
[Hybrid] Worth optimizing: yes
[Hybrid] Reason: The custom Triton kernel is over 10x slower than the PyTorch baseline, indicating a major algorithmic inefficiency in how convolution is implemented.
[Hybrid] Analysis complete for seed 2, generating optimized kernel...
[Hybrid] Bottleneck: The kernel implements convolution as a per-(batch, out_channel) serial loop over...
[Hybrid] Optimization: Replace the direct per-position convolution with a GEMM-based (im2col-style) con...
[Hybrid] Expected speedup: 5-15x vs the current Triton kernel (and likely up to ~2x vs the PyTorch baseline if matmul is well-tuned and tensor cores are used).
[92mFinish reason: stop[0m
Usage: In=2846, Out=5243, Total=8089
[algorithm_optimized_seed1] score=1.6419 (baseline=14.2924ms)
[algorithm_optimized_seed1] metrics saved to: /home/hyc/LLMKernel/run/20251229_022947_batch_range55to77_openai_deepseek/67_Conv2d_GELU_GlobalAvgPool/evaluation/eval_0022.json
[Hybrid] âœ“ Rescue successful: 0.0903 â†’ 1.6419

================================================================================
[Hybrid] Candidate Selection
================================================================================
[Hybrid] Total candidates: 4
  [1] seed 1: 1.7265
  [2] seed 2: 0.0903
  [3] algo-optimized (from seed 1): 0.7627
  [4] algo-optimized (from seed 2): 1.6419

[Hybrid] â˜… Selected best candidate: score=1.7265

[Optimization] Starting 3-stage optimization...

================================================================================
[Stage 1/3] grid_and_parallel
Description: Optimize grid layout and parallel work distribution across SMs.
Current candidates: 1, best score: 1.7265
================================================================================
[Stage 1] Profiling best candidate...
[ncu] Using GPU device 2 (CUDA_VISIBLE_DEVICES=2)
[ncu] running: /usr/local/cuda/bin/ncu --csv --page=raw --target-processes=all --replay-mode=kernel --profile-from-start=on --log-file=/home/hyc/LLMKernel/ncu_temp_3555121.csv --metrics=sm__throughput.avg.pct_of_peak_sustained_elapsed,launch__grid_size,sm__warps_active.avg.pct_of_peak_sustained_active,dram__throughput.avg.pct_of_peak_sustained_elapsed,lts__t_sector_hit_rate.pct,smsp__warp_issue_stalled_memory_dependency_per_warp_active.pct /home/hyc/miniconda3/envs/sglang/bin/python bench_ref_inputs_3555121.py /home/hyc/LLMKernel/KernelBench/t/67_Conv2d_GELU_GlobalAvgPool.py /home/hyc/LLMKernel/run/20251229_022947_batch_range55to77_openai_deepseek/67_Conv2d_GELU_GlobalAvgPool/code/test_kernel_analysis_seed1.py --repeat 1
[ncu stdout]: [bench] Completed 1 iterations successfully

[ok] CSV written: /home/hyc/LLMKernel/ncu_temp_3555121.csv
[Stage 1] Generating optimized kernel...
[92mFinish reason: stop[0m
Usage: In=2762, Out=6534, Total=9296
[stage1_grid_and_parallel] score=1.7233 (baseline=14.2924ms)
[stage1_grid_and_parallel] metrics saved to: /home/hyc/LLMKernel/run/20251229_022947_batch_range55to77_openai_deepseek/67_Conv2d_GELU_GlobalAvgPool/evaluation/eval_0023.json
  Optimized kernel score: 1.7233 âœ“
[Stage 1] Current: 1.7233 (global best: 1.7265)

================================================================================
[Stage 2/3] block_tiling
Description: Tune BLOCK_M/N/K sizes for optimal register/memory balance.
Current candidates: 1, best score: 1.7265
================================================================================
[Stage 2] Profiling best candidate...
[ncu] Using GPU device 2 (CUDA_VISIBLE_DEVICES=2)
[ncu] running: /usr/local/cuda/bin/ncu --csv --page=raw --target-processes=all --replay-mode=kernel --profile-from-start=on --log-file=/home/hyc/LLMKernel/ncu_temp_3555121.csv --metrics=sm__throughput.avg.pct_of_peak_sustained_elapsed,launch__grid_size,sm__warps_active.avg.pct_of_peak_sustained_active,dram__throughput.avg.pct_of_peak_sustained_elapsed,lts__t_sector_hit_rate.pct,smsp__warp_issue_stalled_memory_dependency_per_warp_active.pct /home/hyc/miniconda3/envs/sglang/bin/python bench_ref_inputs_3555121.py /home/hyc/LLMKernel/KernelBench/t/67_Conv2d_GELU_GlobalAvgPool.py /home/hyc/LLMKernel/run/20251229_022947_batch_range55to77_openai_deepseek/67_Conv2d_GELU_GlobalAvgPool/code/test_kernel_analysis_seed1.py --repeat 1
[ncu stdout]: [bench] Completed 1 iterations successfully

[ok] CSV written: /home/hyc/LLMKernel/ncu_temp_3555121.csv
[Stage 2] Generating optimized kernel...
[92mFinish reason: stop[0m
Usage: In=3281, Out=6063, Total=9344
[stage2_block_tiling] score=1.7200 (baseline=14.2924ms)
[stage2_block_tiling] metrics saved to: /home/hyc/LLMKernel/run/20251229_022947_batch_range55to77_openai_deepseek/67_Conv2d_GELU_GlobalAvgPool/evaluation/eval_0024.json
  Optimized kernel score: 1.7200 âœ“
[Stage 2] Current: 1.7200 (global best: 1.7265)

================================================================================
[Stage 3/3] memory_and_tuning
Description: Optimize memory access patterns and fine-tune num_stages/num_warps.
Current candidates: 1, best score: 1.7265
================================================================================
[Stage 3] Profiling best candidate...
[ncu] Using GPU device 2 (CUDA_VISIBLE_DEVICES=2)
[ncu] running: /usr/local/cuda/bin/ncu --csv --page=raw --target-processes=all --replay-mode=kernel --profile-from-start=on --log-file=/home/hyc/LLMKernel/ncu_temp_3555121.csv --metrics=sm__throughput.avg.pct_of_peak_sustained_elapsed,launch__grid_size,sm__warps_active.avg.pct_of_peak_sustained_active,dram__throughput.avg.pct_of_peak_sustained_elapsed,lts__t_sector_hit_rate.pct,smsp__warp_issue_stalled_memory_dependency_per_warp_active.pct /home/hyc/miniconda3/envs/sglang/bin/python bench_ref_inputs_3555121.py /home/hyc/LLMKernel/KernelBench/t/67_Conv2d_GELU_GlobalAvgPool.py /home/hyc/LLMKernel/run/20251229_022947_batch_range55to77_openai_deepseek/67_Conv2d_GELU_GlobalAvgPool/code/test_kernel_analysis_seed1.py --repeat 1
[ncu stdout]: [bench] Completed 1 iterations successfully

[ok] CSV written: /home/hyc/LLMKernel/ncu_temp_3555121.csv
[Stage 3] Generating optimized kernel...
[92mFinish reason: stop[0m
Usage: In=3406, Out=6936, Total=10342
[stage3_memory_and_tuning] score=1.8046 (baseline=14.2924ms)
[stage3_memory_and_tuning] metrics saved to: /home/hyc/LLMKernel/run/20251229_022947_batch_range55to77_openai_deepseek/67_Conv2d_GELU_GlobalAvgPool/evaluation/eval_0025.json
  Optimized kernel score: 1.8046 âœ“
[Stage 3] â˜… New best score: 1.8046
[67_Conv2d_GELU_GlobalAvgPool.py] Figure saved to: /home/hyc/LLMKernel/run/20251229_022947_batch_range55to77_openai_deepseek/67_Conv2d_GELU_GlobalAvgPool/figures/67_Conv2d_GELU_GlobalAvgPool_score.png
