{
  "runnable": false,
  "phase": "seed_1_repair_3",
  "error_type": "RuntimeError",
  "message": "Traceback (most recent call last):\n  File \"/home/hyc/miniconda3/envs/sglang/lib/python3.11/site-packages/triton/language/core.py\", line 43, in wrapper\n    return fn(*args, **kwargs)\n           ^^^^^^^^^^^^^^^^^^^\n  File \"/home/hyc/miniconda3/envs/sglang/lib/python3.11/site-packages/triton/language/core.py\", line 1094, in __getitem__\n    for dim, sl in enumerate(slices):\n  File \"/home/hyc/miniconda3/envs/sglang/lib/python3.11/site-packages/triton/language/core.py\", line 41, in wrapper\n    raise ValueError(\"Did you forget to add @triton.jit ? \"\nValueError: Did you forget to add @triton.jit ? (`_semantic` argument must be provided outside of JIT functions.)\n\nThe above exception was the direct cause of the following exception:\n\nTraceback (most recent call last):\n  File \"/home/hyc/LLMKernel/utils/compile_and_run.py\", line 555, in compare_and_bench\n    test_out, _ = _run_once(test_model, inp, dev)\n                  ^^^^^^^^^^^^^^^^^^^^^^^^^^^^^^^\n  File \"/home/hyc/LLMKernel/utils/compile_and_run.py\", line 132, in _run_once\n    out = model(*inp)\n          ^^^^^^^^^^^\n  File \"/home/hyc/miniconda3/envs/sglang/lib/python3.11/site-packages/torch/nn/modules/module.py\", line 1775, in _wrapped_call_impl\n    return self._call_impl(*args, **kwargs)\n           ^^^^^^^^^^^^^^^^^^^^^^^^^^^^^^^^\n  File \"/home/hyc/miniconda3/envs/sglang/lib/python3.11/site-packages/torch/nn/modules/module.py\", line 1786, in _call_impl\n    return forward_call(*args, **kwargs)\n           ^^^^^^^^^^^^^^^^^^^^^^^^^^^^^\n  File \"/home/hyc/LLMKernel/run/20251228_100418_49_Mamba2ReturnFinalState_openai_deepseek/49_Mamba2ReturnFinalState/code/kernel_20251228_101525.py\", line 293, in forward\n    decay_chunk = segsum_exp_triton(A_last_padded)  # [b, h, c+1, c+1]\n                  ^^^^^^^^^^^^^^^^^^^^^^^^^^^^^^^^\n  File \"/home/hyc/LLMKernel/run/20251228_100418_49_Mamba2ReturnFinalState_openai_deepseek/49_Mamba2ReturnFinalState/code/kernel_20251228_101525.py\", line 144, in segsum_exp_triton\n    segsum_exp_kernel[grid](\n  File \"/home/hyc/miniconda3/envs/sglang/lib/python3.11/site-packages/triton/runtime/jit.py\", line 419, in <lambda>\n    return lambda *args, **kwargs: self.run(grid=grid, warmup=False, *args, **kwargs)\n                                   ^^^^^^^^^^^^^^^^^^^^^^^^^^^^^^^^^^^^^^^^^^^^^^^^^^\n  File \"/home/hyc/miniconda3/envs/sglang/lib/python3.11/site-packages/triton/runtime/jit.py\", line 733, in run\n    kernel = self._do_compile(key, signature, device, constexprs, options, attrs, warmup)\n             ^^^^^^^^^^^^^^^^^^^^^^^^^^^^^^^^^^^^^^^^^^^^^^^^^^^^^^^^^^^^^^^^^^^^^^^^^^^^\n  File \"/home/hyc/miniconda3/envs/sglang/lib/python3.11/site-packages/triton/runtime/jit.py\", line 861, in _do_compile\n    kernel = self.compile(src, target=target, options=options.__dict__)\n             ^^^^^^^^^^^^^^^^^^^^^^^^^^^^^^^^^^^^^^^^^^^^^^^^^^^^^^^^^^\n  File \"/home/hyc/miniconda3/envs/sglang/lib/python3.11/site-packages/triton/compiler/compiler.py\", line 300, in compile\n    module = src.make_ir(target, options, codegen_fns, module_map, context)\n             ^^^^^^^^^^^^^^^^^^^^^^^^^^^^^^^^^^^^^^^^^^^^^^^^^^^^^^^^^^^^^^\n  File \"/home/hyc/miniconda3/envs/sglang/lib/python3.11/site-packages/triton/compiler/compiler.py\", line 80, in make_ir\n    return ast_to_ttir(self.fn, self, context=context, options=options, codegen_fns=codegen_fns,\n           ^^^^^^^^^^^^^^^^^^^^^^^^^^^^^^^^^^^^^^^^^^^^^^^^^^^^^^^^^^^^^^^^^^^^^^^^^^^^^^^^^^^^^\ntriton.compiler.errors.CompilationError: at 29:23:\n    x = tl.load(x_ptrs, mask=mask_b & mask_t, other=0.0)\n    x = x.to(tl.float32)\n\n    # Prefix sum along time dimension\n    prefix = tl.cumsum(x, axis=0)  # [BLOCK_T]\n\n    # For each row i, compute exp of segment sums sum_{k=i..j} x_k for all j >= i\n    for i in range(0, BLOCK_T):\n        if i < T:\n            # Prefix sum before position i (0 if i == 0)\n            if i > 0:\n                base = prefix[i - 1]\n                       ^\nDid you forget to add @triton.jit ? (`_semantic` argument must be provided outside of JIT functions.)\n"
}