{
  "runnable": false,
  "phase": "stage3_repair",
  "error_type": "RuntimeError",
  "message": "Traceback (most recent call last):\n  File \"/home/hyc/miniconda3/envs/sglang/lib/python3.11/site-packages/triton/language/core.py\", line 34, in wrapper\n    return fn(*args, **kwargs)\n           ^^^^^^^^^^^^^^^^^^^\n  File \"/home/hyc/miniconda3/envs/sglang/lib/python3.11/site-packages/triton/language/core.py\", line 2400, in reduce\n    return reduce((input, ), axis, combine_fn, keep_dims=keep_dims, _builder=_builder, _generator=_generator)[0]\n           ^^^^^^^^^^^^^^^^^^^^^^^^^^^^^^^^^^^^^^^^^^^^^^^^^^^^^^^^^^^^^^^^^^^^^^^^^^^^^^^^^^^^^^^^^^^^^^^^^^\n  File \"/home/hyc/miniconda3/envs/sglang/lib/python3.11/site-packages/triton/language/core.py\", line 34, in wrapper\n    return fn(*args, **kwargs)\n           ^^^^^^^^^^^^^^^^^^^\n  File \"/home/hyc/miniconda3/envs/sglang/lib/python3.11/site-packages/triton/language/core.py\", line 2424, in reduce\n    axis = _wrap_axis(axis, len(input[0].shape))\n           ^^^^^^^^^^^^^^^^^^^^^^^^^^^^^^^^^^^^^\n  File \"/home/hyc/miniconda3/envs/sglang/lib/python3.11/site-packages/triton/language/core.py\", line 1713, in _wrap_axis\n    raise ValueError(f\"invalid axis {axis}. Expected {-ndim} <= axis < {ndim}\")\nValueError: invalid axis 0. Expected 0 <= axis < 0\n\nThe above exception was the direct cause of the following exception:\n\ntriton.compiler.errors.CompilationError: at 7:11:\ndef sum(input, axis=None, keep_dims=False, dtype: core.constexpr = None):\n    # Pick a default dtype for the reduction if one was not specified.\n    out_dtype: core.constexpr = _pick_sum_dtype(input.dtype, dtype)\n\n    if out_dtype is not None:\n        input = input.to(out_dtype)\n    return core.reduce(input, axis, _sum_combine, keep_dims=keep_dims)\n           ^\n\nThe above exception was the direct cause of the following exception:\n\nTraceback (most recent call last):\n  File \"/home/hyc/LLMKernel/utils/compile_and_run.py\", line 535, in compare_and_bench\n    test_out, _ = _run_once(test_model, inp, dev)\n                  ^^^^^^^^^^^^^^^^^^^^^^^^^^^^^^^\n  File \"/home/hyc/LLMKernel/utils/compile_and_run.py\", line 132, in _run_once\n    out = model(*inp)\n          ^^^^^^^^^^^\n  File \"/home/hyc/miniconda3/envs/sglang/lib/python3.11/site-packages/torch/nn/modules/module.py\", line 1751, in _wrapped_call_impl\n    return self._call_impl(*args, **kwargs)\n           ^^^^^^^^^^^^^^^^^^^^^^^^^^^^^^^^\n  File \"/home/hyc/miniconda3/envs/sglang/lib/python3.11/site-packages/torch/nn/modules/module.py\", line 1762, in _call_impl\n    return forward_call(*args, **kwargs)\n           ^^^^^^^^^^^^^^^^^^^^^^^^^^^^^\n  File \"/home/hyc/LLMKernel/run/20251212_170115_batch_range70to100_deepseek_deepseek/94_MSELoss/code/kernel_20251213_014936.py\", line 153, in forward\n    return triton_mse_fast(predictions, targets)\n           ^^^^^^^^^^^^^^^^^^^^^^^^^^^^^^^^^^^^^\n  File \"/home/hyc/LLMKernel/run/20251212_170115_batch_range70to100_deepseek_deepseek/94_MSELoss/code/kernel_20251213_014936.py\", line 117, in triton_mse_fast\n    mse_kernel_fast[grid](\n  File \"/home/hyc/miniconda3/envs/sglang/lib/python3.11/site-packages/triton/runtime/jit.py\", line 347, in <lambda>\n    return lambda *args, **kwargs: self.run(grid=grid, warmup=False, *args, **kwargs)\n                                   ^^^^^^^^^^^^^^^^^^^^^^^^^^^^^^^^^^^^^^^^^^^^^^^^^^\n  File \"/home/hyc/miniconda3/envs/sglang/lib/python3.11/site-packages/triton/runtime/jit.py\", line 569, in run\n    kernel = self.compile(src, target=target, options=options.__dict__)\n             ^^^^^^^^^^^^^^^^^^^^^^^^^^^^^^^^^^^^^^^^^^^^^^^^^^^^^^^^^^\n  File \"/home/hyc/miniconda3/envs/sglang/lib/python3.11/site-packages/triton/compiler/compiler.py\", line 278, in compile\n    module = src.make_ir(options, codegen_fns, module_map, context)\n             ^^^^^^^^^^^^^^^^^^^^^^^^^^^^^^^^^^^^^^^^^^^^^^^^^^^^^^\n  File \"/home/hyc/miniconda3/envs/sglang/lib/python3.11/site-packages/triton/compiler/compiler.py\", line 81, in make_ir\n    return ast_to_ttir(self.fn, self, context=context, options=options, codegen_fns=codegen_fns,\n           ^^^^^^^^^^^^^^^^^^^^^^^^^^^^^^^^^^^^^^^^^^^^^^^^^^^^^^^^^^^^^^^^^^^^^^^^^^^^^^^^^^^^^\ntriton.compiler.errors.CompilationError: at 44:15:\n        thread_sum += tl.where(mask, squared, 0.0)\n\n    # Reduce within thread first (sum across elements processed by this thread)\n    thread_total = tl.sum(thread_sum, axis=0)\n\n    # Warp-level reduction\n    warp_size = 32\n    warp_id = tid // warp_size\n    lane_id = tid % warp_size\n\n    # Reduce within warp using shfl\n    warp_sum = tl.sum(thread_total, axis=0)\n               ^\n"
}