[Seed] Generating seed kernel...
[Seed 1/2] Generating...
[92mFinish reason: stop[0m
Usage: In=1618, Out=7005, Total=8623
[91mTest Error (RuntimeError):[0m Traceback (most recent call last):
  File "/home/hyc/LLMKernel/utils/compile_and_run.py", line 555, in compare_and_bench
    test_out, _ = _run_once(test_model, inp, dev)
                  ^^^^^^^^^^^^^^^^^^^^^^^^^^^^^^^
  File "/home/hyc/LLMKernel/utils/compile_and_run.py", line 132, in _run_once
    out = model(*inp)
          ^^^^^^^^^^^
  File "/home/hyc/miniconda3/envs/sglang/lib/python3.11/site-packages/torch/nn/modules/module.py", line 1775, in _wrapped_call_impl
    return self._call_impl(*args, **kwargs)
           ^^^^^^^^^^^^^^^^^^^^^^^^^^^^^^^^
  File "/home/hyc/miniconda3/envs/sglang/lib/python3.11/site-packages/torch/nn/modules/module.py", line 1786, in _call_impl
    return forward_call(*args, **kwargs)
           ^^^^^^^^^^^^^^^^^^^^^^^^^^^^^
  File "/home/hyc/LLMKernel/run/20251228_135007_85_conv_depthwise_2D_asymmetric_input_asymmetric_kernel_openai_deepseek/85_conv_depthwise_2D_asymmetric_input_asymmetric_kernel/code/kernel_20251228_135057.py", line 202, in forward
    return depthwise_conv2d_triton(
           ^^^^^^^^^^^^^^^^^^^^^^^^
  File "/home/hyc/LLMKernel/run/20251228_135007_85_conv_depthwise_2D_asymmetric_input_asymmetric_kernel_openai_deepseek/85_conv_depthwise_2D_asymmetric_input_asymmetric_kernel/code/kernel_20251228_135057.py", line 132, in depthwise_conv2d_triton
    depthwise_conv2d_kernel[grid](
  File "/home/hyc/miniconda3/envs/sglang/lib/python3.11/site-packages/triton/runtime/jit.py", line 419, in <lambda>
    return lambda *args, **kwargs: self.run(grid=grid, warmup=False, *args, **kwargs)
                                   ^^^^^^^^^^^^^^^^^^^^^^^^^^^^^^^^^^^^^^^^^^^^^^^^^^
  File "/home/hyc/miniconda3/envs/sglang/lib/python3.11/site-packages/triton/runtime/jit.py", line 733, in run
    kernel = self._do_compile(key, signature, device, constexprs, options, attrs, warmup)
             ^^^^^^^^^^^^^^^^^^^^^^^^^^^^^^^^^^^^^^^^^^^^^^^^^^^^^^^^^^^^^^^^^^^^^^^^^^^^
  File "/home/hyc/miniconda3/envs/sglang/lib/python3.11/site-packages/triton/runtime/jit.py", line 861, in _do_compile
    kernel = self.compile(src, target=target, options=options.__dict__)
             ^^^^^^^^^^^^^^^^^^^^^^^^^^^^^^^^^^^^^^^^^^^^^^^^^^^^^^^^^^
  File "/home/hyc/miniconda3/envs/sglang/lib/python3.11/site-packages/triton/compiler/compiler.py", line 300, in compile
    module = src.make_ir(target, options, codegen_fns, module_map, context)
             ^^^^^^^^^^^^^^^^^^^^^^^^^^^^^^^^^^^^^^^^^^^^^^^^^^^^^^^^^^^^^^
  File "/home/hyc/miniconda3/envs/sglang/lib/python3.11/site-packages/triton/compiler/compiler.py", line 80, in make_ir
    return ast_to_ttir(self.fn, self, context=context, options=options, codegen_fns=codegen_fns,
           ^^^^^^^^^^^^^^^^^^^^^^^^^^^^^^^^^^^^^^^^^^^^^^^^^^^^^^^^^^^^^^^^^^^^^^^^^^^^^^^^^^^^^
triton.compiler.errors.CompilationError: at 23:10:
    K_H: tl.constexpr,  # kernel height
    K_W: tl.constexpr,  # kernel width
    BLOCK: tl.constexpr,
):
    pid = tl.program_id(axis=0)
    block_start = pid * BLOCK
    offs = block_start + tl.arange(0, BLOCK)
    mask = offs < (N * C * H_out * W_out)

    # Decode flattened index -> (n, c, h_out, w_out)
    w_out_idx = offs % W_out
    tmp = tl.floor_div(offs, W_out)
          ^
AttributeError("module 'triton.language' has no attribute 'floor_div'")

[seed_0] failed. See metrics.message for details.
[seed_0] metrics saved to: /home/hyc/LLMKernel/run/20251228_135007_85_conv_depthwise_2D_asymmetric_input_asymmetric_kernel_openai_deepseek/85_conv_depthwise_2D_asymmetric_input_asymmetric_kernel/evaluation/eval_0000.json
[Seed 1] Failed, attempting repair...
[92mFinish reason: stop[0m
Usage: In=3104, Out=4099, Total=7203
[seed_0_repair_1] score=1.2291 (baseline=2.8733ms)
[seed_0_repair_1] metrics saved to: /home/hyc/LLMKernel/run/20251228_135007_85_conv_depthwise_2D_asymmetric_input_asymmetric_kernel_openai_deepseek/85_conv_depthwise_2D_asymmetric_input_asymmetric_kernel/evaluation/eval_0001.json
[Seed 1 Repair] Score: 1.2291 âœ“
[Seed 1] Final score: 1.2291 âœ“
[Seed 2/2] Generating...
[92mFinish reason: stop[0m
Usage: In=1618, Out=6101, Total=7719
[91mTest Error (RuntimeError):[0m Traceback (most recent call last):
  File "/home/hyc/LLMKernel/utils/compile_and_run.py", line 536, in compare_and_bench
    test_model = ModelNew(*init_args, **init_kwargs)
                 ^^^^^^^^^^^^^^^^^^^^^^^^^^^^^^^^^^^
  File "/home/hyc/LLMKernel/run/20251228_135007_85_conv_depthwise_2D_asymmetric_input_asymmetric_kernel_openai_deepseek/85_conv_depthwise_2D_asymmetric_input_asymmetric_kernel/code/kernel_20251228_135221.py", line 206, in __init__
    nn.init.kaiming_uniform_(weight, a=math.sqrt(5)) if hasattr(nn.init, "kaiming_uniform_") else None
                                       ^^^^
NameError: name 'math' is not defined

[seed_1] failed. See metrics.message for details.
[seed_1] metrics saved to: /home/hyc/LLMKernel/run/20251228_135007_85_conv_depthwise_2D_asymmetric_input_asymmetric_kernel_openai_deepseek/85_conv_depthwise_2D_asymmetric_input_asymmetric_kernel/evaluation/eval_0002.json
[Seed 2] Failed, attempting repair...
[92mFinish reason: stop[0m
Usage: In=2394, Out=5297, Total=7691
[seed_1_repair_1] score=1.3180 (baseline=2.8697ms)
[seed_1_repair_1] metrics saved to: /home/hyc/LLMKernel/run/20251228_135007_85_conv_depthwise_2D_asymmetric_input_asymmetric_kernel_openai_deepseek/85_conv_depthwise_2D_asymmetric_input_asymmetric_kernel/evaluation/eval_0003.json
[Seed 2 Repair] Score: 1.3180 âœ“
[Seed 2] Final score: 1.3180 âœ“

================================================================================
[Hybrid Strategy] Analyzing all seeds for algorithmic optimization...
[Hybrid Strategy] - 2 seed(s) with score >= 1.0 (further optimization)
================================================================================

[Hybrid] Seed 1: score=1.2291 >= 1.0
[Hybrid] Attempting algorithm analysis for further optimization...
[ncu] Using GPU device 4 (CUDA_VISIBLE_DEVICES=4)
[ncu] running: /usr/local/cuda/bin/ncu --csv --page=raw --target-processes=all --replay-mode=kernel --profile-from-start=on --log-file=/home/hyc/LLMKernel/ncu_temp_3055902.csv --metrics=sm__throughput.avg.pct_of_peak_sustained_elapsed,launch__grid_size,sm__warps_active.avg.pct_of_peak_sustained_active,dram__throughput.avg.pct_of_peak_sustained_elapsed,lts__t_sector_hit_rate.pct,smsp__warp_issue_stalled_memory_dependency_per_warp_active.pct /home/hyc/miniconda3/envs/sglang/bin/python bench_ref_inputs_3055902.py /home/hyc/LLMKernel/KernelBench/level1/85_conv_depthwise_2D_asymmetric_input_asymmetric_kernel.py /home/hyc/LLMKernel/run/20251228_135007_85_conv_depthwise_2D_asymmetric_input_asymmetric_kernel_openai_deepseek/85_conv_depthwise_2D_asymmetric_input_asymmetric_kernel/code/test_kernel_analysis_seed0.py --repeat 1
[ncu stdout]: [bench] Completed 1 iterations successfully

[ok] CSV written: /home/hyc/LLMKernel/ncu_temp_3055902.csv
[Hybrid] Requesting LLM analysis for seed 1...
[92mFinish reason: stop[0m
Usage: In=3236, Out=3108, Total=6344
[Hybrid] Worth optimizing: yes
[Hybrid] Reason: Most output pixels are strictly interior (no boundary overlap), yet every pixel pays for bounds checks, clamping, and masking inside the innermost loops, which is non-trivial overhead in a compute-heavy kernel.
[Hybrid] Analysis complete for seed 1, generating optimized kernel...
[Hybrid] Bottleneck: The kernel performs expensive per-element index decoding, clamping, and in-bound...
[Hybrid] Optimization: Split the computation into a fast interior-depthwise-conv kernel with no padding...
[Hybrid] Expected speedup: 10-20%
[92mFinish reason: stop[0m
Usage: In=3497, Out=10400, Total=13897
[algorithm_optimized_seed0] score=1.4565 (baseline=2.8737ms)
[algorithm_optimized_seed0] metrics saved to: /home/hyc/LLMKernel/run/20251228_135007_85_conv_depthwise_2D_asymmetric_input_asymmetric_kernel_openai_deepseek/85_conv_depthwise_2D_asymmetric_input_asymmetric_kernel/evaluation/eval_0004.json
[Hybrid] âœ“ Rescue successful: 1.2291 â†’ 1.4565

[Hybrid] Seed 2: score=1.3180 >= 1.0
[Hybrid] Attempting algorithm analysis for further optimization...
[ncu] Using GPU device 4 (CUDA_VISIBLE_DEVICES=4)
[ncu] running: /usr/local/cuda/bin/ncu --csv --page=raw --target-processes=all --replay-mode=kernel --profile-from-start=on --log-file=/home/hyc/LLMKernel/ncu_temp_3055902.csv --metrics=sm__throughput.avg.pct_of_peak_sustained_elapsed,launch__grid_size,sm__warps_active.avg.pct_of_peak_sustained_active,dram__throughput.avg.pct_of_peak_sustained_elapsed,lts__t_sector_hit_rate.pct,smsp__warp_issue_stalled_memory_dependency_per_warp_active.pct /home/hyc/miniconda3/envs/sglang/bin/python bench_ref_inputs_3055902.py /home/hyc/LLMKernel/KernelBench/level1/85_conv_depthwise_2D_asymmetric_input_asymmetric_kernel.py /home/hyc/LLMKernel/run/20251228_135007_85_conv_depthwise_2D_asymmetric_input_asymmetric_kernel_openai_deepseek/85_conv_depthwise_2D_asymmetric_input_asymmetric_kernel/code/test_kernel_analysis_seed1.py --repeat 1
[ncu stdout]: [bench] Completed 1 iterations successfully

[ok] CSV written: /home/hyc/LLMKernel/ncu_temp_3055902.csv
[Hybrid] Requesting LLM analysis for seed 2...
[92mFinish reason: stop[0m
Usage: In=3272, Out=3235, Total=6507
[Hybrid] Worth optimizing: yes
[Hybrid] Reason: The current kernel repeatedly reloads the same input pixels from global memory for overlapping convolution windows, leaving clear headroom in DRAM efficiency.
[Hybrid] Analysis complete for seed 2, generating optimized kernel...
[Hybrid] Bottleneck: Each program instance computes a single output row (fixed n, c, oh) over W, so o...
[Hybrid] Optimization: Replace the per-row convolution with a 2D-tiled, shared-memory (or register-tile...
[Hybrid] Expected speedup: 25-35%
[92mFinish reason: stop[0m
Usage: In=3612, Out=9641, Total=13253
[91mTest Error (RuntimeError):[0m Traceback (most recent call last):
  File "/home/hyc/miniconda3/envs/sglang/lib/python3.11/site-packages/triton/language/core.py", line 43, in wrapper
    return fn(*args, **kwargs)
           ^^^^^^^^^^^^^^^^^^^
  File "/home/hyc/miniconda3/envs/sglang/lib/python3.11/site-packages/triton/language/core.py", line 1638, in arange
    return _semantic.arange(start, end)
           ^^^^^^^^^^^^^^^^^^^^^^^^^^^^
  File "/home/hyc/miniconda3/envs/sglang/lib/python3.11/site-packages/triton/language/semantic.py", line 574, in arange
    raise ValueError("arange's arguments must be of type tl.constexpr")
ValueError: arange's arguments must be of type tl.constexpr

The above exception was the direct cause of the following exception:

Traceback (most recent call last):
  File "/home/hyc/LLMKernel/utils/compile_and_run.py", line 555, in compare_and_bench
    test_out, _ = _run_once(test_model, inp, dev)
                  ^^^^^^^^^^^^^^^^^^^^^^^^^^^^^^^
  File "/home/hyc/LLMKernel/utils/compile_and_run.py", line 132, in _run_once
    out = model(*inp)
          ^^^^^^^^^^^
  File "/home/hyc/miniconda3/envs/sglang/lib/python3.11/site-packages/torch/nn/modules/module.py", line 1775, in _wrapped_call_impl
    return self._call_impl(*args, **kwargs)
           ^^^^^^^^^^^^^^^^^^^^^^^^^^^^^^^^
  File "/home/hyc/miniconda3/envs/sglang/lib/python3.11/site-packages/torch/nn/modules/module.py", line 1786, in _call_impl
    return forward_call(*args, **kwargs)
           ^^^^^^^^^^^^^^^^^^^^^^^^^^^^^
  File "/home/hyc/LLMKernel/run/20251228_135007_85_conv_depthwise_2D_asymmetric_input_asymmetric_kernel_openai_deepseek/85_conv_depthwise_2D_asymmetric_input_asymmetric_kernel/code/kernel_20251228_135730.py", line 279, in forward
    return depthwise_conv2d_triton(
           ^^^^^^^^^^^^^^^^^^^^^^^^
  File "/home/hyc/LLMKernel/run/20251228_135007_85_conv_depthwise_2D_asymmetric_input_asymmetric_kernel_openai_deepseek/85_conv_depthwise_2D_asymmetric_input_asymmetric_kernel/code/kernel_20251228_135730.py", line 186, in depthwise_conv2d_triton
    depthwise_conv2d_kernel[grid](
  File "/home/hyc/miniconda3/envs/sglang/lib/python3.11/site-packages/triton/runtime/jit.py", line 419, in <lambda>
    return lambda *args, **kwargs: self.run(grid=grid, warmup=False, *args, **kwargs)
                                   ^^^^^^^^^^^^^^^^^^^^^^^^^^^^^^^^^^^^^^^^^^^^^^^^^^
  File "/home/hyc/miniconda3/envs/sglang/lib/python3.11/site-packages/triton/runtime/jit.py", line 733, in run
    kernel = self._do_compile(key, signature, device, constexprs, options, attrs, warmup)
             ^^^^^^^^^^^^^^^^^^^^^^^^^^^^^^^^^^^^^^^^^^^^^^^^^^^^^^^^^^^^^^^^^^^^^^^^^^^^
  File "/home/hyc/miniconda3/envs/sglang/lib/python3.11/site-packages/triton/runtime/jit.py", line 861, in _do_compile
    kernel = self.compile(src, target=target, options=options.__dict__)
             ^^^^^^^^^^^^^^^^^^^^^^^^^^^^^^^^^^^^^^^^^^^^^^^^^^^^^^^^^^
  File "/home/hyc/miniconda3/envs/sglang/lib/python3.11/site-packages/triton/compiler/compiler.py", line 300, in compile
    module = src.make_ir(target, options, codegen_fns, module_map, context)
             ^^^^^^^^^^^^^^^^^^^^^^^^^^^^^^^^^^^^^^^^^^^^^^^^^^^^^^^^^^^^^^
  File "/home/hyc/miniconda3/envs/sglang/lib/python3.11/site-packages/triton/compiler/compiler.py", line 80, in make_ir
    return ast_to_ttir(self.fn, self, context=context, options=options, codegen_fns=codegen_fns,
           ^^^^^^^^^^^^^^^^^^^^^^^^^^^^^^^^^^^^^^^^^^^^^^^^^^^^^^^^^^^^^^^^^^^^^^^^^^^^^^^^^^^^^
triton.compiler.errors.CompilationError: at 67:24:
    # Compute input patch bounds for this output tile (in input coordinates)
    # ih_min/iw_min correspond to the top-left of the receptive field of
    # output (oh_start, ow_start) for this (n, c).
    ih_min = oh_start * stride_h - pad_h
    iw_min = ow_start * stride_w - pad_w

    # Size of the input patch needed to cover all outputs in the tile
    P_H = (BLOCK_H - 1) * stride_h + (Kh - 1) * dil_h + 1
    P_W = (BLOCK_W - 1) * stride_w + (Kw - 1) * dil_w + 1

    # Build 2D coordinates for the input patch
    patch_ih = ih_min + tl.arange(0, P_H)[:, None]  # [P_H, 1]
                        ^
arange's arguments must be of type tl.constexpr

[algorithm_optimized_seed1] failed. See metrics.message for details.
[algorithm_optimized_seed1] metrics saved to: /home/hyc/LLMKernel/run/20251228_135007_85_conv_depthwise_2D_asymmetric_input_asymmetric_kernel_openai_deepseek/85_conv_depthwise_2D_asymmetric_input_asymmetric_kernel/evaluation/eval_0005.json
[Hybrid] Algorithm-optimized kernel failed, attempting repair...
[92mFinish reason: stop[0m
Usage: In=4050, Out=4564, Total=8614
[91mTest Error (RuntimeError):[0m Traceback (most recent call last):
  File "/home/hyc/miniconda3/envs/sglang/lib/python3.11/site-packages/triton/language/core.py", line 43, in wrapper
    return fn(*args, **kwargs)
           ^^^^^^^^^^^^^^^^^^^
  File "/home/hyc/miniconda3/envs/sglang/lib/python3.11/site-packages/triton/language/core.py", line 1638, in arange
    return _semantic.arange(start, end)
           ^^^^^^^^^^^^^^^^^^^^^^^^^^^^
  File "/home/hyc/miniconda3/envs/sglang/lib/python3.11/site-packages/triton/language/semantic.py", line 583, in arange
    raise ValueError("arange's range must be a power of 2")
ValueError: arange's range must be a power of 2

The above exception was the direct cause of the following exception:

Traceback (most recent call last):
  File "/home/hyc/LLMKernel/utils/compile_and_run.py", line 555, in compare_and_bench
    test_out, _ = _run_once(test_model, inp, dev)
                  ^^^^^^^^^^^^^^^^^^^^^^^^^^^^^^^
  File "/home/hyc/LLMKernel/utils/compile_and_run.py", line 132, in _run_once
    out = model(*inp)
          ^^^^^^^^^^^
  File "/home/hyc/miniconda3/envs/sglang/lib/python3.11/site-packages/torch/nn/modules/module.py", line 1775, in _wrapped_call_impl
    return self._call_impl(*args, **kwargs)
           ^^^^^^^^^^^^^^^^^^^^^^^^^^^^^^^^
  File "/home/hyc/miniconda3/envs/sglang/lib/python3.11/site-packages/torch/nn/modules/module.py", line 1786, in _call_impl
    return forward_call(*args, **kwargs)
           ^^^^^^^^^^^^^^^^^^^^^^^^^^^^^
  File "/home/hyc/LLMKernel/run/20251228_135007_85_conv_depthwise_2D_asymmetric_input_asymmetric_kernel_openai_deepseek/85_conv_depthwise_2D_asymmetric_input_asymmetric_kernel/code/kernel_20251228_135801.py", line 276, in forward
    return depthwise_conv2d_triton(
           ^^^^^^^^^^^^^^^^^^^^^^^^
  File "/home/hyc/LLMKernel/run/20251228_135007_85_conv_depthwise_2D_asymmetric_input_asymmetric_kernel_openai_deepseek/85_conv_depthwise_2D_asymmetric_input_asymmetric_kernel/code/kernel_20251228_135801.py", line 181, in depthwise_conv2d_triton
    depthwise_conv2d_kernel[grid](
  File "/home/hyc/miniconda3/envs/sglang/lib/python3.11/site-packages/triton/runtime/jit.py", line 419, in <lambda>
    return lambda *args, **kwargs: self.run(grid=grid, warmup=False, *args, **kwargs)
                                   ^^^^^^^^^^^^^^^^^^^^^^^^^^^^^^^^^^^^^^^^^^^^^^^^^^
  File "/home/hyc/miniconda3/envs/sglang/lib/python3.11/site-packages/triton/runtime/jit.py", line 733, in run
    kernel = self._do_compile(key, signature, device, constexprs, options, attrs, warmup)
             ^^^^^^^^^^^^^^^^^^^^^^^^^^^^^^^^^^^^^^^^^^^^^^^^^^^^^^^^^^^^^^^^^^^^^^^^^^^^
  File "/home/hyc/miniconda3/envs/sglang/lib/python3.11/site-packages/triton/runtime/jit.py", line 861, in _do_compile
    kernel = self.compile(src, target=target, options=options.__dict__)
             ^^^^^^^^^^^^^^^^^^^^^^^^^^^^^^^^^^^^^^^^^^^^^^^^^^^^^^^^^^
  File "/home/hyc/miniconda3/envs/sglang/lib/python3.11/site-packages/triton/compiler/compiler.py", line 300, in compile
    module = src.make_ir(target, options, codegen_fns, module_map, context)
             ^^^^^^^^^^^^^^^^^^^^^^^^^^^^^^^^^^^^^^^^^^^^^^^^^^^^^^^^^^^^^^
  File "/home/hyc/miniconda3/envs/sglang/lib/python3.11/site-packages/triton/compiler/compiler.py", line 80, in make_ir
    return ast_to_ttir(self.fn, self, context=context, options=options, codegen_fns=codegen_fns,
           ^^^^^^^^^^^^^^^^^^^^^^^^^^^^^^^^^^^^^^^^^^^^^^^^^^^^^^^^^^^^^^^^^^^^^^^^^^^^^^^^^^^^^
triton.compiler.errors.CompilationError: at 56:24:

    # Masks for valid output positions
    mask_oh = oh_offsets < H_out
    mask_ow = ow_offsets < W_out
    mask_out = mask_oh[:, None] & mask_ow[None, :]

    # Compute input patch bounds for this output tile (in input coordinates)
    ih_min = oh_start * stride_h - pad_h
    iw_min = ow_start * stride_w - pad_w

    # Build 2D coordinates for the input patch
    patch_ih = ih_min + tl.arange(0, P_H)[:, None]  # [P_H, 1]
                        ^
arange's range must be a power of 2

[algorithm_optimized_seed1_repair1] failed. See metrics.message for details.
[algorithm_optimized_seed1_repair1] metrics saved to: /home/hyc/LLMKernel/run/20251228_135007_85_conv_depthwise_2D_asymmetric_input_asymmetric_kernel_openai_deepseek/85_conv_depthwise_2D_asymmetric_input_asymmetric_kernel/evaluation/eval_0006.json
[Hybrid] âœ— Rescue failed, keeping original seed

================================================================================
[Hybrid] Candidate Selection
================================================================================
[Hybrid] Total candidates: 3
  [1] seed 1: 1.2291
  [2] seed 2: 1.3180
  [3] algo-optimized (from seed 1): 1.4565

[Hybrid] â˜… Selected best candidate: score=1.4565

[Optimization] Starting 3-stage optimization...

================================================================================
[Stage 1/2] grid_and_parallel
Description: Optimize grid layout and parallel work distribution across SMs.
Current candidates: 1, best score: 1.4565
================================================================================
[Stage 1] Profiling best candidate...
[ncu] Using GPU device 4 (CUDA_VISIBLE_DEVICES=4)
[ncu] running: /usr/local/cuda/bin/ncu --csv --page=raw --target-processes=all --replay-mode=kernel --profile-from-start=on --log-file=/home/hyc/LLMKernel/ncu_temp_3055902.csv --metrics=sm__throughput.avg.pct_of_peak_sustained_elapsed,launch__grid_size,sm__warps_active.avg.pct_of_peak_sustained_active,dram__throughput.avg.pct_of_peak_sustained_elapsed,lts__t_sector_hit_rate.pct,smsp__warp_issue_stalled_memory_dependency_per_warp_active.pct /home/hyc/miniconda3/envs/sglang/bin/python bench_ref_inputs_3055902.py /home/hyc/LLMKernel/KernelBench/level1/85_conv_depthwise_2D_asymmetric_input_asymmetric_kernel.py /home/hyc/LLMKernel/run/20251228_135007_85_conv_depthwise_2D_asymmetric_input_asymmetric_kernel_openai_deepseek/85_conv_depthwise_2D_asymmetric_input_asymmetric_kernel/code/test_kernel_analysis_seed1.py --repeat 1
[ncu stdout]: [bench] Completed 1 iterations successfully

[ok] CSV written: /home/hyc/LLMKernel/ncu_temp_3055902.csv
[Stage 1] Generating optimized kernel...
[92mFinish reason: stop[0m
Usage: In=5101, Out=6873, Total=11974
[91mTest Error (RuntimeError):[0m Traceback (most recent call last):
  File "/home/hyc/miniconda3/envs/sglang/lib/python3.11/site-packages/triton/language/core.py", line 43, in wrapper
    return fn(*args, **kwargs)
           ^^^^^^^^^^^^^^^^^^^
  File "/home/hyc/miniconda3/envs/sglang/lib/python3.11/site-packages/triton/language/core.py", line 2126, in load
    return _semantic.load(pointer, mask, other, boundary_check, padding_option, cache_modifier, eviction_policy,
           ^^^^^^^^^^^^^^^^^^^^^^^^^^^^^^^^^^^^^^^^^^^^^^^^^^^^^^^^^^^^^^^^^^^^^^^^^^^^^^^^^^^^^^^^^^^^^^^^^^^^^
  File "/home/hyc/miniconda3/envs/sglang/lib/python3.11/site-packages/triton/language/semantic.py", line 1089, in load
    return self._load_legacy(ptr, mask, other, boundary_check, padding, cache, eviction, is_volatile)
           ^^^^^^^^^^^^^^^^^^^^^^^^^^^^^^^^^^^^^^^^^^^^^^^^^^^^^^^^^^^^^^^^^^^^^^^^^^^^^^^^^^^^^^^^^^
  File "/home/hyc/miniconda3/envs/sglang/lib/python3.11/site-packages/triton/language/semantic.py", line 1033, in _load_legacy
    raise ValueError("Mask argument cannot be block type if pointer argument is not a block")
ValueError: Mask argument cannot be block type if pointer argument is not a block

The above exception was the direct cause of the following exception:

Traceback (most recent call last):
  File "/home/hyc/LLMKernel/utils/compile_and_run.py", line 555, in compare_and_bench
    test_out, _ = _run_once(test_model, inp, dev)
                  ^^^^^^^^^^^^^^^^^^^^^^^^^^^^^^^
  File "/home/hyc/LLMKernel/utils/compile_and_run.py", line 132, in _run_once
    out = model(*inp)
          ^^^^^^^^^^^
  File "/home/hyc/miniconda3/envs/sglang/lib/python3.11/site-packages/torch/nn/modules/module.py", line 1775, in _wrapped_call_impl
    return self._call_impl(*args, **kwargs)
           ^^^^^^^^^^^^^^^^^^^^^^^^^^^^^^^^
  File "/home/hyc/miniconda3/envs/sglang/lib/python3.11/site-packages/torch/nn/modules/module.py", line 1786, in _call_impl
    return forward_call(*args, **kwargs)
           ^^^^^^^^^^^^^^^^^^^^^^^^^^^^^
  File "/home/hyc/LLMKernel/run/20251228_135007_85_conv_depthwise_2D_asymmetric_input_asymmetric_kernel_openai_deepseek/85_conv_depthwise_2D_asymmetric_input_asymmetric_kernel/code/kernel_20251228_135848.py", line 535, in forward
    return depthwise_conv2d_triton(
           ^^^^^^^^^^^^^^^^^^^^^^^^
  File "/home/hyc/LLMKernel/run/20251228_135007_85_conv_depthwise_2D_asymmetric_input_asymmetric_kernel_openai_deepseek/85_conv_depthwise_2D_asymmetric_input_asymmetric_kernel/code/kernel_20251228_135848.py", line 318, in depthwise_conv2d_triton
    depthwise_conv2d_interior_kernel[grid_int](
  File "/home/hyc/miniconda3/envs/sglang/lib/python3.11/site-packages/triton/runtime/jit.py", line 419, in <lambda>
    return lambda *args, **kwargs: self.run(grid=grid, warmup=False, *args, **kwargs)
                                   ^^^^^^^^^^^^^^^^^^^^^^^^^^^^^^^^^^^^^^^^^^^^^^^^^^
  File "/home/hyc/miniconda3/envs/sglang/lib/python3.11/site-packages/triton/runtime/jit.py", line 733, in run
    kernel = self._do_compile(key, signature, device, constexprs, options, attrs, warmup)
             ^^^^^^^^^^^^^^^^^^^^^^^^^^^^^^^^^^^^^^^^^^^^^^^^^^^^^^^^^^^^^^^^^^^^^^^^^^^^
  File "/home/hyc/miniconda3/envs/sglang/lib/python3.11/site-packages/triton/runtime/jit.py", line 861, in _do_compile
    kernel = self.compile(src, target=target, options=options.__dict__)
             ^^^^^^^^^^^^^^^^^^^^^^^^^^^^^^^^^^^^^^^^^^^^^^^^^^^^^^^^^^
  File "/home/hyc/miniconda3/envs/sglang/lib/python3.11/site-packages/triton/compiler/compiler.py", line 300, in compile
    module = src.make_ir(target, options, codegen_fns, module_map, context)
             ^^^^^^^^^^^^^^^^^^^^^^^^^^^^^^^^^^^^^^^^^^^^^^^^^^^^^^^^^^^^^^
  File "/home/hyc/miniconda3/envs/sglang/lib/python3.11/site-packages/triton/compiler/compiler.py", line 80, in make_ir
    return ast_to_ttir(self.fn, self, context=context, options=options, codegen_fns=codegen_fns,
           ^^^^^^^^^^^^^^^^^^^^^^^^^^^^^^^^^^^^^^^^^^^^^^^^^^^^^^^^^^^^^^^^^^^^^^^^^^^^^^^^^^^^^
triton.compiler.errors.CompilationError: at 68:20:
    for kh in tl.static_range(0, K_H):
        h_in = h_in_origin + kh * dilation_h

        for kw in tl.static_range(0, K_W):
            w_in = w_in_origin + kw * dilation_w

            # Interior region guarantees in-bounds
            in_offsets = in_plane_offset + h_in * W + w_in
            x_val = tl.load(x_ptr + in_offsets, mask=mask, other=0.0).to(tl.float32)

            w_offsets = c_idx * (K_H * K_W) + kh * K_W + kw
            w_val = tl.load(w_ptr + w_offsets, mask=mask, other=0.0).to(tl.float32)
                    ^
Mask argument cannot be block type if pointer argument is not a block

[stage1_grid_and_parallel] failed. See metrics.message for details.
[stage1_grid_and_parallel] metrics saved to: /home/hyc/LLMKernel/run/20251228_135007_85_conv_depthwise_2D_asymmetric_input_asymmetric_kernel_openai_deepseek/85_conv_depthwise_2D_asymmetric_input_asymmetric_kernel/evaluation/eval_0007.json
  Optimization failed, attempting repair...
[92mFinish reason: stop[0m
Usage: In=5986, Out=5685, Total=11671
[stage1_grid_and_parallel_repair] score=1.5881 (baseline=2.8750ms)
[stage1_grid_and_parallel_repair] metrics saved to: /home/hyc/LLMKernel/run/20251228_135007_85_conv_depthwise_2D_asymmetric_input_asymmetric_kernel_openai_deepseek/85_conv_depthwise_2D_asymmetric_input_asymmetric_kernel/evaluation/eval_0008.json
  Optimized kernel score: 1.5881 âœ“
[Stage 1] â˜… New best score: 1.5881

================================================================================
[Stage 2/2] block_tiling
Description: Tune BLOCK_M/N/K sizes for optimal register/memory balance.
Current candidates: 1, best score: 1.5881
================================================================================
[Stage 2] Profiling best candidate...
[ncu] Using GPU device 4 (CUDA_VISIBLE_DEVICES=4)
[ncu] running: /usr/local/cuda/bin/ncu --csv --page=raw --target-processes=all --replay-mode=kernel --profile-from-start=on --log-file=/home/hyc/LLMKernel/ncu_temp_3055902.csv --metrics=sm__throughput.avg.pct_of_peak_sustained_elapsed,launch__grid_size,sm__warps_active.avg.pct_of_peak_sustained_active,dram__throughput.avg.pct_of_peak_sustained_elapsed,lts__t_sector_hit_rate.pct,smsp__warp_issue_stalled_memory_dependency_per_warp_active.pct /home/hyc/miniconda3/envs/sglang/bin/python bench_ref_inputs_3055902.py /home/hyc/LLMKernel/KernelBench/level1/85_conv_depthwise_2D_asymmetric_input_asymmetric_kernel.py /home/hyc/LLMKernel/run/20251228_135007_85_conv_depthwise_2D_asymmetric_input_asymmetric_kernel_openai_deepseek/85_conv_depthwise_2D_asymmetric_input_asymmetric_kernel/code/test_kernel_analysis_seed1.py --repeat 1
[ncu stdout]: [bench] Completed 1 iterations successfully

[ok] CSV written: /home/hyc/LLMKernel/ncu_temp_3055902.csv
[Stage 2] Generating optimized kernel...
[92mFinish reason: stop[0m
Usage: In=5085, Out=7081, Total=12166
[stage2_block_tiling] score=1.3917 (baseline=2.7547ms)
[stage2_block_tiling] metrics saved to: /home/hyc/LLMKernel/run/20251228_135007_85_conv_depthwise_2D_asymmetric_input_asymmetric_kernel_openai_deepseek/85_conv_depthwise_2D_asymmetric_input_asymmetric_kernel/evaluation/eval_0009.json
  Optimized kernel score: 1.3917 âœ“
[Stage 2] Current: 1.3917 (global best: 1.5881)
[85_conv_depthwise_2D_asymmetric_input_asymmetric_kernel.py] Figure saved to: /home/hyc/LLMKernel/run/20251228_135007_85_conv_depthwise_2D_asymmetric_input_asymmetric_kernel_openai_deepseek/85_conv_depthwise_2D_asymmetric_input_asymmetric_kernel/figures/85_conv_depthwise_2D_asymmetric_input_asymmetric_kernel_score.png
