[Seed] Generating seed kernel...
[Seed 1/2] Generating...
[92mFinish reason: stop[0m
Usage: In=1709, Out=13194, Total=14903
[seed_0] score=0.1530 (baseline=26.3603ms)
[seed_0] metrics saved to: /home/hyc/LLMKernel/run/20251223_083911_65_Conv2d_AvgPool_Sigmoid_Sum_openai_deepseek/65_Conv2d_AvgPool_Sigmoid_Sum/evaluation/eval_0000.json
[Seed 1] Final score: 0.1530 âœ“
[Seed 2/2] Generating...
[92mFinish reason: stop[0m
Usage: In=1709, Out=10438, Total=12147
[91mTest Error (RuntimeError):[0m Traceback (most recent call last):
  File "/home/hyc/miniconda3/envs/sglang/lib/python3.11/site-packages/triton/language/core.py", line 43, in wrapper
    return fn(*args, **kwargs)
           ^^^^^^^^^^^^^^^^^^^
  File "/home/hyc/miniconda3/envs/sglang/lib/python3.11/site-packages/triton/language/core.py", line 2192, in store
    return _semantic.store(pointer, value, mask, boundary_check, cache_modifier, eviction_policy)
           ^^^^^^^^^^^^^^^^^^^^^^^^^^^^^^^^^^^^^^^^^^^^^^^^^^^^^^^^^^^^^^^^^^^^^^^^^^^^^^^^^^^^^^
  File "/home/hyc/miniconda3/envs/sglang/lib/python3.11/site-packages/triton/language/semantic.py", line 1297, in store
    return self._store_legacy(ptr, val, mask, boundary_check, cache, eviction)
           ^^^^^^^^^^^^^^^^^^^^^^^^^^^^^^^^^^^^^^^^^^^^^^^^^^^^^^^^^^^^^^^^^^^
  File "/home/hyc/miniconda3/envs/sglang/lib/python3.11/site-packages/triton/language/semantic.py", line 1253, in _store_legacy
    raise ValueError("Value argument cannot be block type if pointer argument is not a block")
ValueError: Value argument cannot be block type if pointer argument is not a block

The above exception was the direct cause of the following exception:

Traceback (most recent call last):
  File "/home/hyc/LLMKernel/utils/compile_and_run.py", line 554, in compare_and_bench
    test_out, _ = _run_once(test_model, inp, dev)
                  ^^^^^^^^^^^^^^^^^^^^^^^^^^^^^^^
  File "/home/hyc/LLMKernel/utils/compile_and_run.py", line 132, in _run_once
    out = model(*inp)
          ^^^^^^^^^^^
  File "/home/hyc/miniconda3/envs/sglang/lib/python3.11/site-packages/torch/nn/modules/module.py", line 1775, in _wrapped_call_impl
    return self._call_impl(*args, **kwargs)
           ^^^^^^^^^^^^^^^^^^^^^^^^^^^^^^^^
  File "/home/hyc/miniconda3/envs/sglang/lib/python3.11/site-packages/torch/nn/modules/module.py", line 1786, in _call_impl
    return forward_call(*args, **kwargs)
           ^^^^^^^^^^^^^^^^^^^^^^^^^^^^^
  File "/home/hyc/LLMKernel/run/20251223_083911_65_Conv2d_AvgPool_Sigmoid_Sum_openai_deepseek/65_Conv2d_AvgPool_Sigmoid_Sum/code/kernel_20251223_084222.py", line 277, in forward
    x = avgpool_sigmoid_sum_triton(x, self.pool_kernel_size)
        ^^^^^^^^^^^^^^^^^^^^^^^^^^^^^^^^^^^^^^^^^^^^^^^^^^^^
  File "/home/hyc/LLMKernel/run/20251223_083911_65_Conv2d_AvgPool_Sigmoid_Sum_openai_deepseek/65_Conv2d_AvgPool_Sigmoid_Sum/code/kernel_20251223_084222.py", line 237, in avgpool_sigmoid_sum_triton
    avgpool_sigmoid_sum_kernel[grid](
  File "/home/hyc/miniconda3/envs/sglang/lib/python3.11/site-packages/triton/runtime/jit.py", line 419, in <lambda>
    return lambda *args, **kwargs: self.run(grid=grid, warmup=False, *args, **kwargs)
                                   ^^^^^^^^^^^^^^^^^^^^^^^^^^^^^^^^^^^^^^^^^^^^^^^^^^
  File "/home/hyc/miniconda3/envs/sglang/lib/python3.11/site-packages/triton/runtime/jit.py", line 733, in run
    kernel = self._do_compile(key, signature, device, constexprs, options, attrs, warmup)
             ^^^^^^^^^^^^^^^^^^^^^^^^^^^^^^^^^^^^^^^^^^^^^^^^^^^^^^^^^^^^^^^^^^^^^^^^^^^^
  File "/home/hyc/miniconda3/envs/sglang/lib/python3.11/site-packages/triton/runtime/jit.py", line 861, in _do_compile
    kernel = self.compile(src, target=target, options=options.__dict__)
             ^^^^^^^^^^^^^^^^^^^^^^^^^^^^^^^^^^^^^^^^^^^^^^^^^^^^^^^^^^
  File "/home/hyc/miniconda3/envs/sglang/lib/python3.11/site-packages/triton/compiler/compiler.py", line 300, in compile
    module = src.make_ir(target, options, codegen_fns, module_map, context)
             ^^^^^^^^^^^^^^^^^^^^^^^^^^^^^^^^^^^^^^^^^^^^^^^^^^^^^^^^^^^^^^
  File "/home/hyc/miniconda3/envs/sglang/lib/python3.11/site-packages/triton/compiler/compiler.py", line 80, in make_ir
    return ast_to_ttir(self.fn, self, context=context, options=options, codegen_fns=codegen_fns,
           ^^^^^^^^^^^^^^^^^^^^^^^^^^^^^^^^^^^^^^^^^^^^^^^^^^^^^^^^^^^^^^^^^^^^^^^^^^^^^^^^^^^^^
triton.compiler.errors.CompilationError: at 59:4:
        avg = win_sum / area

        # Sigmoid: 1 / (1 + exp(-x))
        s = 1.0 / (1.0 + tl.exp(-avg))

        # Zero-out invalid lanes
        s = tl.where(mask, s, 0.0)

        block_sum = tl.sum(s, axis=0)
        total += block_sum

    tl.store(out_ptr + n, total)
    ^
Value argument cannot be block type if pointer argument is not a block

[seed_1] failed. See metrics.message for details.
[seed_1] metrics saved to: /home/hyc/LLMKernel/run/20251223_083911_65_Conv2d_AvgPool_Sigmoid_Sum_openai_deepseek/65_Conv2d_AvgPool_Sigmoid_Sum/evaluation/eval_0001.json
[Seed 2] Failed, attempting repair...
[92mFinish reason: stop[0m
Usage: In=3938, Out=4851, Total=8789
[seed_1_repair_1] score=1.1995 (baseline=26.3603ms)
[seed_1_repair_1] metrics saved to: /home/hyc/LLMKernel/run/20251223_083911_65_Conv2d_AvgPool_Sigmoid_Sum_openai_deepseek/65_Conv2d_AvgPool_Sigmoid_Sum/evaluation/eval_0002.json
[Seed 2 Repair] Score: 1.1995 âœ“
[Seed 2] Final score: 1.1995 âœ“

================================================================================
[Hybrid Strategy] Analyzing all seeds for algorithmic optimization...
[Hybrid Strategy] - 1 seed(s) with score < 1.0 (rescue)
[Hybrid Strategy] - 1 seed(s) with score >= 1.0 (further optimization)
================================================================================

[Hybrid] Seed 1: score=0.1530 < 1.0
[Hybrid] Attempting algorithm analysis rescue...
[Hybrid] Requesting LLM analysis for seed 1...
[92mFinish reason: stop[0m
Usage: In=2715, Out=719, Total=3434
[Hybrid] Worth optimizing: yes
[Hybrid] Reason: The custom Triton convolution is a naive direct implementation and is orders of magnitude slower than highly-optimized GEMM-based/cuDNN convolutions.
[Hybrid] Analysis complete for seed 1, generating optimized kernel...
[Hybrid] Bottleneck: The conv2d_nchw_kernel computes convolution via explicit nested loops over input...
[Hybrid] Optimization: Replace the naive sliding-window convolution with a GEMM-style convolution (impl...
[Hybrid] Expected speedup: 70-90% vs current Triton implementation (bringing performance to at least parity with, and likely close to, the PyTorch/cuDNN baseline)
[92mFinish reason: stop[0m
Usage: In=3088, Out=6715, Total=9803
[algorithm_optimized_seed0] score=0.4886 (baseline=26.3603ms)
[algorithm_optimized_seed0] metrics saved to: /home/hyc/LLMKernel/run/20251223_083911_65_Conv2d_AvgPool_Sigmoid_Sum_openai_deepseek/65_Conv2d_AvgPool_Sigmoid_Sum/evaluation/eval_0003.json
[Hybrid] âœ“ Rescue successful: 0.1530 â†’ 0.4886

[Hybrid] Seed 2: score=1.1995 >= 1.0
[Hybrid] Attempting algorithm analysis for further optimization...
[Hybrid] Requesting LLM analysis for seed 2...
[92mFinish reason: stop[0m
Usage: In=3329, Out=692, Total=4021
[Hybrid] Worth optimizing: yes
[Hybrid] Reason: The pipeline writes a huge conv2d output tensor to global memory only to immediately re-read it for pooling, sigmoid, and summation, even though the final result per sample is just a scalar.
[Hybrid] Analysis complete for seed 2, generating optimized kernel...
[Hybrid] Bottleneck: The dominant cost is unnecessary global memory traffic for the intermediate conv...
[Hybrid] Optimization: Fuse conv2d with avg pooling, sigmoid, and sum into a single Triton kernel that ...
[Hybrid] Expected speedup: 20-30%
[92mFinish reason: stop[0m
Usage: In=3629, Out=18950, Total=22579
[91mTest Error (RuntimeError):[0m Traceback (most recent call last):
  File "/home/hyc/miniconda3/envs/sglang/lib/python3.11/site-packages/triton/language/core.py", line 43, in wrapper
    return fn(*args, **kwargs)
           ^^^^^^^^^^^^^^^^^^^
  File "/home/hyc/miniconda3/envs/sglang/lib/python3.11/site-packages/triton/language/core.py", line 1094, in __getitem__
    for dim, sl in enumerate(slices):
  File "/home/hyc/miniconda3/envs/sglang/lib/python3.11/site-packages/triton/language/core.py", line 41, in wrapper
    raise ValueError("Did you forget to add @triton.jit ? "
ValueError: Did you forget to add @triton.jit ? (`_semantic` argument must be provided outside of JIT functions.)

The above exception was the direct cause of the following exception:

Traceback (most recent call last):
  File "/home/hyc/LLMKernel/utils/compile_and_run.py", line 554, in compare_and_bench
    test_out, _ = _run_once(test_model, inp, dev)
                  ^^^^^^^^^^^^^^^^^^^^^^^^^^^^^^^
  File "/home/hyc/LLMKernel/utils/compile_and_run.py", line 132, in _run_once
    out = model(*inp)
          ^^^^^^^^^^^
  File "/home/hyc/miniconda3/envs/sglang/lib/python3.11/site-packages/torch/nn/modules/module.py", line 1775, in _wrapped_call_impl
    return self._call_impl(*args, **kwargs)
           ^^^^^^^^^^^^^^^^^^^^^^^^^^^^^^^^
  File "/home/hyc/miniconda3/envs/sglang/lib/python3.11/site-packages/torch/nn/modules/module.py", line 1786, in _call_impl
    return forward_call(*args, **kwargs)
           ^^^^^^^^^^^^^^^^^^^^^^^^^^^^^
  File "/home/hyc/LLMKernel/run/20251223_083911_65_Conv2d_AvgPool_Sigmoid_Sum_openai_deepseek/65_Conv2d_AvgPool_Sigmoid_Sum/code/kernel_20251223_084650.py", line 479, in forward
    x = conv2d_avgpool_sigmoid_sum_triton(
        ^^^^^^^^^^^^^^^^^^^^^^^^^^^^^^^^^^
  File "/home/hyc/LLMKernel/run/20251223_083911_65_Conv2d_AvgPool_Sigmoid_Sum_openai_deepseek/65_Conv2d_AvgPool_Sigmoid_Sum/code/kernel_20251223_084650.py", line 437, in conv2d_avgpool_sigmoid_sum_triton
    conv2d_avgpool_sigmoid_sum_kernel[grid](
  File "/home/hyc/miniconda3/envs/sglang/lib/python3.11/site-packages/triton/runtime/jit.py", line 419, in <lambda>
    return lambda *args, **kwargs: self.run(grid=grid, warmup=False, *args, **kwargs)
                                   ^^^^^^^^^^^^^^^^^^^^^^^^^^^^^^^^^^^^^^^^^^^^^^^^^^
  File "/home/hyc/miniconda3/envs/sglang/lib/python3.11/site-packages/triton/runtime/jit.py", line 733, in run
    kernel = self._do_compile(key, signature, device, constexprs, options, attrs, warmup)
             ^^^^^^^^^^^^^^^^^^^^^^^^^^^^^^^^^^^^^^^^^^^^^^^^^^^^^^^^^^^^^^^^^^^^^^^^^^^^
  File "/home/hyc/miniconda3/envs/sglang/lib/python3.11/site-packages/triton/runtime/jit.py", line 861, in _do_compile
    kernel = self.compile(src, target=target, options=options.__dict__)
             ^^^^^^^^^^^^^^^^^^^^^^^^^^^^^^^^^^^^^^^^^^^^^^^^^^^^^^^^^^
  File "/home/hyc/miniconda3/envs/sglang/lib/python3.11/site-packages/triton/compiler/compiler.py", line 300, in compile
    module = src.make_ir(target, options, codegen_fns, module_map, context)
             ^^^^^^^^^^^^^^^^^^^^^^^^^^^^^^^^^^^^^^^^^^^^^^^^^^^^^^^^^^^^^^
  File "/home/hyc/miniconda3/envs/sglang/lib/python3.11/site-packages/triton/compiler/compiler.py", line 80, in make_ir
    return ast_to_ttir(self.fn, self, context=context, options=options, codegen_fns=codegen_fns,
           ^^^^^^^^^^^^^^^^^^^^^^^^^^^^^^^^^^^^^^^^^^^^^^^^^^^^^^^^^^^^^^^^^^^^^^^^^^^^^^^^^^^^^
triton.compiler.errors.CompilationError: at 128:12:

    # Mask out invalid windows/channels
    valid_mask = mask_win[:, None] & mask_oc[None, :]
    s = tl.where(valid_mask, s, 0.0)

    # Sum over channels to get per-window scalars
    win_scalar = tl.sum(s, axis=1)  # shape (BLOCK_M,)

    # Accumulate per-window contributions into per-sample outputs using atomics
    # out[n] += sum_{oc,ph,pw in this tile} sigmoid(...)
    for i in range(0, BLOCK_M):
        m = mask_win[i]
            ^
Did you forget to add @triton.jit ? (`_semantic` argument must be provided outside of JIT functions.)

[algorithm_optimized_seed1] failed. See metrics.message for details.
[algorithm_optimized_seed1] metrics saved to: /home/hyc/LLMKernel/run/20251223_083911_65_Conv2d_AvgPool_Sigmoid_Sum_openai_deepseek/65_Conv2d_AvgPool_Sigmoid_Sum/evaluation/eval_0004.json
[Hybrid] Algorithm-optimized kernel failed, attempting repair...
[92mFinish reason: stop[0m
Usage: In=5827, Out=9196, Total=15023
[algorithm_optimized_seed1_repair1] score=6.6830 (baseline=26.3603ms)
[algorithm_optimized_seed1_repair1] metrics saved to: /home/hyc/LLMKernel/run/20251223_083911_65_Conv2d_AvgPool_Sigmoid_Sum_openai_deepseek/65_Conv2d_AvgPool_Sigmoid_Sum/evaluation/eval_0005.json
[Hybrid] âœ“ Repair successful for algorithm-optimized seed 2
[Hybrid] âœ“ Rescue successful: 1.1995 â†’ 6.6830

================================================================================
[Hybrid] Candidate Selection
================================================================================
[Hybrid] Total candidates: 4
  [1] seed 1: 0.1530
  [2] seed 2: 1.1995
  [3] algo-optimized (from seed 1): 0.4886
  [4] algo-optimized (from seed 2): 6.6830

[Hybrid] â˜… Selected best candidate: score=6.6830

[Optimization] Starting 3-stage optimization...

================================================================================
[Stage 1/3] grid_and_parallel
Description: Optimize grid layout and parallel work distribution across SMs.
Current candidates: 1, best score: 6.6830
================================================================================
[Stage 1] Profiling best candidate...
[Stage 1] Generating optimized kernel...
[92mFinish reason: stop[0m
Usage: In=4889, Out=12060, Total=16949
[stage1_grid_and_parallel] score=5.5432 (baseline=26.3603ms)
[stage1_grid_and_parallel] metrics saved to: /home/hyc/LLMKernel/run/20251223_083911_65_Conv2d_AvgPool_Sigmoid_Sum_openai_deepseek/65_Conv2d_AvgPool_Sigmoid_Sum/evaluation/eval_0006.json
  Optimized kernel score: 5.5432 âœ“
[Stage 1] Current: 5.5432 (global best: 6.6830)

================================================================================
[Stage 2/3] block_tiling
Description: Tune BLOCK_M/N/K sizes for optimal register/memory balance.
Current candidates: 1, best score: 6.6830
================================================================================
[Stage 2] Profiling best candidate...
[Stage 2] Generating optimized kernel...
