{
  "runnable": false,
  "phase": "stage3_repair",
  "error_type": "RuntimeError",
  "message": "Traceback (most recent call last):\n  File \"/home/hyc/miniconda3/envs/hyc/lib/python3.11/site-packages/triton/language/core.py\", line 43, in wrapper\n    return fn(*args, **kwargs)\n           ^^^^^^^^^^^^^^^^^^^\n  File \"/home/hyc/miniconda3/envs/hyc/lib/python3.11/site-packages/triton/language/core.py\", line 1638, in arange\n    return _semantic.arange(start, end)\n           ^^^^^^^^^^^^^^^^^^^^^^^^^^^^\n  File \"/home/hyc/miniconda3/envs/hyc/lib/python3.11/site-packages/triton/language/semantic.py\", line 574, in arange\n    raise ValueError(\"arange's arguments must be of type tl.constexpr\")\nValueError: arange's arguments must be of type tl.constexpr\n\nThe above exception was the direct cause of the following exception:\n\nTraceback (most recent call last):\n  File \"/home/hyc/LLMKernel/utils/compile_and_run.py\", line 533, in compare_and_bench\n    test_out, _ = _run_once(test_model, inp, dev)\n                  ^^^^^^^^^^^^^^^^^^^^^^^^^^^^^^^\n  File \"/home/hyc/LLMKernel/utils/compile_and_run.py\", line 131, in _run_once\n    out = model(*inp)\n          ^^^^^^^^^^^\n  File \"/home/hyc/miniconda3/envs/hyc/lib/python3.11/site-packages/torch/nn/modules/module.py\", line 1775, in _wrapped_call_impl\n    return self._call_impl(*args, **kwargs)\n           ^^^^^^^^^^^^^^^^^^^^^^^^^^^^^^^^\n  File \"/home/hyc/miniconda3/envs/hyc/lib/python3.11/site-packages/torch/nn/modules/module.py\", line 1786, in _call_impl\n    return forward_call(*args, **kwargs)\n           ^^^^^^^^^^^^^^^^^^^^^^^^^^^^^\n  File \"/home/hyc/LLMKernel/run/20251212_085222_batch_range20to30_deepseek_deepseek/37_FrobeniusNorm_/code/kernel_20251212_130922.py\", line 111, in forward\n    return triton_fro_norm_normalize(x)\n           ^^^^^^^^^^^^^^^^^^^^^^^^^^^^\n  File \"/home/hyc/LLMKernel/run/20251212_085222_batch_range20to30_deepseek_deepseek/37_FrobeniusNorm_/code/kernel_20251212_130922.py\", line 92, in triton_fro_norm_normalize\n    fro_norm_normalize_kernel[(num_blocks,)](\n  File \"/home/hyc/miniconda3/envs/hyc/lib/python3.11/site-packages/triton/runtime/jit.py\", line 419, in <lambda>\n    return lambda *args, **kwargs: self.run(grid=grid, warmup=False, *args, **kwargs)\n                                   ^^^^^^^^^^^^^^^^^^^^^^^^^^^^^^^^^^^^^^^^^^^^^^^^^^\n  File \"/home/hyc/miniconda3/envs/hyc/lib/python3.11/site-packages/triton/runtime/jit.py\", line 733, in run\n    kernel = self._do_compile(key, signature, device, constexprs, options, attrs, warmup)\n             ^^^^^^^^^^^^^^^^^^^^^^^^^^^^^^^^^^^^^^^^^^^^^^^^^^^^^^^^^^^^^^^^^^^^^^^^^^^^\n  File \"/home/hyc/miniconda3/envs/hyc/lib/python3.11/site-packages/triton/runtime/jit.py\", line 861, in _do_compile\n    kernel = self.compile(src, target=target, options=options.__dict__)\n             ^^^^^^^^^^^^^^^^^^^^^^^^^^^^^^^^^^^^^^^^^^^^^^^^^^^^^^^^^^\n  File \"/home/hyc/miniconda3/envs/hyc/lib/python3.11/site-packages/triton/compiler/compiler.py\", line 300, in compile\n    module = src.make_ir(target, options, codegen_fns, module_map, context)\n             ^^^^^^^^^^^^^^^^^^^^^^^^^^^^^^^^^^^^^^^^^^^^^^^^^^^^^^^^^^^^^^\n  File \"/home/hyc/miniconda3/envs/hyc/lib/python3.11/site-packages/triton/compiler/compiler.py\", line 80, in make_ir\n    return ast_to_ttir(self.fn, self, context=context, options=options, codegen_fns=codegen_fns,\n           ^^^^^^^^^^^^^^^^^^^^^^^^^^^^^^^^^^^^^^^^^^^^^^^^^^^^^^^^^^^^^^^^^^^^^^^^^^^^^^^^^^^^^\ntriton.compiler.errors.CompilationError: at 16:48:\n    n_elements,\n    num_blocks,\n    EPS: tl.constexpr,\n    BLOCK_SIZE: tl.constexpr,\n):\n    \"\"\"Second pass: reduce partial sums, compute norm, and normalize.\"\"\"\n    pid = tl.program_id(axis=0)\n\n    # Block 0 computes the total norm from partial sums\n    if pid == 0:\n        # Load all partial sums\n        block_sums = tl.load(partial_sums_ptr + tl.arange(0, num_blocks))\n                                                ^\narange's arguments must be of type tl.constexpr\n"
}