[Seed] Generating seed kernel...
[Seed 1/2] Generating...
[92mFinish reason: stop[0m
Usage: In=1120, Out=4166, Total=5286
[seed_0] score=0.7575 (baseline=27.9467ms)
[seed_0] metrics saved to: /home/hyc/LLMKernel/run/20251228_103241_batch_range23to31_openai_deepseek/23_Softmax/evaluation/eval_0000.json
[Seed 1] Final score: 0.7575 âœ“
[Seed 2/2] Generating...
[92mFinish reason: stop[0m
Usage: In=1120, Out=5869, Total=6989
[seed_1] score=0.6273 (baseline=27.9467ms)
[seed_1] metrics saved to: /home/hyc/LLMKernel/run/20251228_103241_batch_range23to31_openai_deepseek/23_Softmax/evaluation/eval_0001.json
[Seed 2] Final score: 0.6273 âœ“

================================================================================
[Hybrid Strategy] Analyzing all seeds for algorithmic optimization...
[Hybrid Strategy] - 2 seed(s) with score < 1.0 (rescue)
================================================================================

[Hybrid] Seed 1: score=0.7575 < 1.0
[Hybrid] Attempting algorithm analysis rescue...
[ncu] Using GPU device 7 (CUDA_VISIBLE_DEVICES=7)
[ncu] running: /usr/local/cuda/bin/ncu --csv --page=raw --target-processes=all --replay-mode=kernel --profile-from-start=on --log-file=/home/hyc/LLMKernel/ncu_temp_2912908.csv --metrics=sm__throughput.avg.pct_of_peak_sustained_elapsed,launch__grid_size,sm__warps_active.avg.pct_of_peak_sustained_active,dram__throughput.avg.pct_of_peak_sustained_elapsed,lts__t_sector_hit_rate.pct,smsp__warp_issue_stalled_memory_dependency_per_warp_active.pct /home/hyc/miniconda3/envs/sglang/bin/python bench_ref_inputs_2912908.py /home/hyc/LLMKernel/KernelBench/select2/23_Softmax.py /home/hyc/LLMKernel/run/20251228_103241_batch_range23to31_openai_deepseek/23_Softmax/code/test_kernel_analysis_seed0.py --repeat 1
[ncu stdout]: [bench] Completed 1 iterations successfully

[ok] CSV written: /home/hyc/LLMKernel/ncu_temp_2912908.csv
[Hybrid] Requesting LLM analysis for seed 1...
[92mFinish reason: stop[0m
Usage: In=1641, Out=1982, Total=3623
[Hybrid] Worth optimizing: yes
[Hybrid] Reason: The kernel performs three full passes over the extremely wide feature dimension, causing redundant global-memory reads and making it strongly bandwidth-bound.
[Hybrid] Analysis complete for seed 1, generating optimized kernel...
[Hybrid] Bottleneck: The current implementation does max, then sum(exp(x - max)), then normalize in t...
[Hybrid] Optimization: Replace the 3-pass softmax with an online (streaming) numerically-stable softmax...
[Hybrid] Expected speedup: 20-30%
[92mFinish reason: stop[0m
Usage: In=1988, Out=3048, Total=5036
[algorithm_optimized_seed0] score=0.9306 (baseline=27.9467ms)
[algorithm_optimized_seed0] metrics saved to: /home/hyc/LLMKernel/run/20251228_103241_batch_range23to31_openai_deepseek/23_Softmax/evaluation/eval_0002.json
[Hybrid] âœ“ Rescue successful: 0.7575 â†’ 0.9306

[Hybrid] Seed 2: score=0.6273 < 1.0
[Hybrid] Attempting algorithm analysis rescue...
[ncu] Using GPU device 7 (CUDA_VISIBLE_DEVICES=7)
[ncu] running: /usr/local/cuda/bin/ncu --csv --page=raw --target-processes=all --replay-mode=kernel --profile-from-start=on --log-file=/home/hyc/LLMKernel/ncu_temp_2912908.csv --metrics=sm__throughput.avg.pct_of_peak_sustained_elapsed,launch__grid_size,sm__warps_active.avg.pct_of_peak_sustained_active,dram__throughput.avg.pct_of_peak_sustained_elapsed,lts__t_sector_hit_rate.pct,smsp__warp_issue_stalled_memory_dependency_per_warp_active.pct /home/hyc/miniconda3/envs/sglang/bin/python bench_ref_inputs_2912908.py /home/hyc/LLMKernel/KernelBench/select2/23_Softmax.py /home/hyc/LLMKernel/run/20251228_103241_batch_range23to31_openai_deepseek/23_Softmax/code/test_kernel_analysis_seed1.py --repeat 1
[ncu stdout]: [bench] Completed 1 iterations successfully

[ok] CSV written: /home/hyc/LLMKernel/ncu_temp_2912908.csv
[Hybrid] Requesting LLM analysis for seed 2...
[92mFinish reason: stop[0m
Usage: In=1797, Out=2173, Total=3970
[Hybrid] Worth optimizing: yes
[Hybrid] Reason: The Triton softmax is significantly slower than PyTorch and is clearly memory-bandwidth bound due to multiple full passes and extra global-memory traffic.
[Hybrid] Analysis complete for seed 2, generating optimized kernel...
[Hybrid] Bottleneck: Each element is read three times and written twice because the kernel materializ...
[Hybrid] Optimization: Replace the current 3-pass softmax that stores exp(x - max) into an intermediate...
[Hybrid] Expected speedup: 20-30%
[92mFinish reason: stop[0m
Usage: In=2133, Out=1519, Total=3652
[algorithm_optimized_seed1] score=0.7578 (baseline=27.9467ms)
[algorithm_optimized_seed1] metrics saved to: /home/hyc/LLMKernel/run/20251228_103241_batch_range23to31_openai_deepseek/23_Softmax/evaluation/eval_0003.json
[Hybrid] âœ“ Rescue successful: 0.6273 â†’ 0.7578

================================================================================
[Hybrid] Candidate Selection
================================================================================
[Hybrid] Total candidates: 4
  [1] seed 1: 0.7575
  [2] seed 2: 0.6273
  [3] algo-optimized (from seed 1): 0.9306
  [4] algo-optimized (from seed 2): 0.7578

[Hybrid] â˜… Selected best candidate: score=0.9306

[Optimization] Starting 3-stage optimization...

================================================================================
[Stage 1/2] grid_and_parallel
Description: Optimize grid layout and parallel work distribution across SMs.
Current candidates: 1, best score: 0.9306
================================================================================
[Stage 1] Profiling best candidate...
[ncu] Using GPU device 7 (CUDA_VISIBLE_DEVICES=7)
[ncu] running: /usr/local/cuda/bin/ncu --csv --page=raw --target-processes=all --replay-mode=kernel --profile-from-start=on --log-file=/home/hyc/LLMKernel/ncu_temp_2912908.csv --metrics=sm__throughput.avg.pct_of_peak_sustained_elapsed,launch__grid_size,sm__warps_active.avg.pct_of_peak_sustained_active,dram__throughput.avg.pct_of_peak_sustained_elapsed,lts__t_sector_hit_rate.pct,smsp__warp_issue_stalled_memory_dependency_per_warp_active.pct /home/hyc/miniconda3/envs/sglang/bin/python bench_ref_inputs_2912908.py /home/hyc/LLMKernel/KernelBench/select2/23_Softmax.py /home/hyc/LLMKernel/run/20251228_103241_batch_range23to31_openai_deepseek/23_Softmax/code/test_kernel_analysis_seed1.py --repeat 1
[ncu stdout]: [bench] Completed 1 iterations successfully

[ok] CSV written: /home/hyc/LLMKernel/ncu_temp_2912908.csv
[Stage 1] Generating optimized kernel...
[92mFinish reason: stop[0m
Usage: In=1648, Out=5329, Total=6977
[91mTest Error (RuntimeError):[0m Traceback (most recent call last):
  File "/home/hyc/miniconda3/envs/sglang/lib/python3.11/site-packages/triton/language/core.py", line 43, in wrapper
    return fn(*args, **kwargs)
           ^^^^^^^^^^^^^^^^^^^
  File "/home/hyc/miniconda3/envs/sglang/lib/python3.11/site-packages/triton/language/core.py", line 2865, in multiple_of
    return _semantic.multiple_of(input, values)
           ^^^^^^^^^^^^^^^^^^^^^^^^^^^^^^^^^^^^
  File "/home/hyc/miniconda3/envs/sglang/lib/python3.11/site-packages/triton/language/semantic.py", line 1779, in multiple_of
    if max(1, len(x.shape)) != len(values):
                  ^^^^^^^
AttributeError: 'constexpr' object has no attribute 'shape'

The above exception was the direct cause of the following exception:

Traceback (most recent call last):
  File "/home/hyc/LLMKernel/utils/compile_and_run.py", line 555, in compare_and_bench
    test_out, _ = _run_once(test_model, inp, dev)
                  ^^^^^^^^^^^^^^^^^^^^^^^^^^^^^^^
  File "/home/hyc/LLMKernel/utils/compile_and_run.py", line 132, in _run_once
    out = model(*inp)
          ^^^^^^^^^^^
  File "/home/hyc/miniconda3/envs/sglang/lib/python3.11/site-packages/torch/nn/modules/module.py", line 1775, in _wrapped_call_impl
    return self._call_impl(*args, **kwargs)
           ^^^^^^^^^^^^^^^^^^^^^^^^^^^^^^^^
  File "/home/hyc/miniconda3/envs/sglang/lib/python3.11/site-packages/torch/nn/modules/module.py", line 1786, in _call_impl
    return forward_call(*args, **kwargs)
           ^^^^^^^^^^^^^^^^^^^^^^^^^^^^^
  File "/home/hyc/LLMKernel/run/20251228_103241_batch_range23to31_openai_deepseek/23_Softmax/code/kernel_20251228_103852.py", line 142, in forward
    return triton_softmax_dim1(x)
           ^^^^^^^^^^^^^^^^^^^^^^
  File "/home/hyc/LLMKernel/run/20251228_103241_batch_range23to31_openai_deepseek/23_Softmax/code/kernel_20251228_103852.py", line 121, in triton_softmax_dim1
    softmax_row_kernel_streaming[grid](
  File "/home/hyc/miniconda3/envs/sglang/lib/python3.11/site-packages/triton/runtime/jit.py", line 419, in <lambda>
    return lambda *args, **kwargs: self.run(grid=grid, warmup=False, *args, **kwargs)
                                   ^^^^^^^^^^^^^^^^^^^^^^^^^^^^^^^^^^^^^^^^^^^^^^^^^^
  File "/home/hyc/miniconda3/envs/sglang/lib/python3.11/site-packages/triton/runtime/autotuner.py", line 238, in run
    benchmark()
  File "/home/hyc/miniconda3/envs/sglang/lib/python3.11/site-packages/triton/runtime/autotuner.py", line 227, in benchmark
    timings = {config: self._bench(*args, config=config, **kwargs) for config in pruned_configs}
              ^^^^^^^^^^^^^^^^^^^^^^^^^^^^^^^^^^^^^^^^^^^^^^^^^^^^^^^^^^^^^^^^^^^^^^^^^^^^^^^^^^
  File "/home/hyc/miniconda3/envs/sglang/lib/python3.11/site-packages/triton/runtime/autotuner.py", line 227, in <dictcomp>
    timings = {config: self._bench(*args, config=config, **kwargs) for config in pruned_configs}
                       ^^^^^^^^^^^^^^^^^^^^^^^^^^^^^^^^^^^^^^^^^^^
  File "/home/hyc/miniconda3/envs/sglang/lib/python3.11/site-packages/triton/runtime/autotuner.py", line 162, in _bench
    return self.do_bench(kernel_call, quantiles=(0.5, 0.2, 0.8))
           ^^^^^^^^^^^^^^^^^^^^^^^^^^^^^^^^^^^^^^^^^^^^^^^^^^^^^
  File "/home/hyc/miniconda3/envs/sglang/lib/python3.11/site-packages/triton/testing.py", line 149, in do_bench
    fn()
  File "/home/hyc/miniconda3/envs/sglang/lib/python3.11/site-packages/triton/runtime/autotuner.py", line 148, in kernel_call
    self.fn.run(
  File "/home/hyc/miniconda3/envs/sglang/lib/python3.11/site-packages/triton/runtime/jit.py", line 733, in run
    kernel = self._do_compile(key, signature, device, constexprs, options, attrs, warmup)
             ^^^^^^^^^^^^^^^^^^^^^^^^^^^^^^^^^^^^^^^^^^^^^^^^^^^^^^^^^^^^^^^^^^^^^^^^^^^^
  File "/home/hyc/miniconda3/envs/sglang/lib/python3.11/site-packages/triton/runtime/jit.py", line 861, in _do_compile
    kernel = self.compile(src, target=target, options=options.__dict__)
             ^^^^^^^^^^^^^^^^^^^^^^^^^^^^^^^^^^^^^^^^^^^^^^^^^^^^^^^^^^
  File "/home/hyc/miniconda3/envs/sglang/lib/python3.11/site-packages/triton/compiler/compiler.py", line 300, in compile
    module = src.make_ir(target, options, codegen_fns, module_map, context)
             ^^^^^^^^^^^^^^^^^^^^^^^^^^^^^^^^^^^^^^^^^^^^^^^^^^^^^^^^^^^^^^
  File "/home/hyc/miniconda3/envs/sglang/lib/python3.11/site-packages/triton/compiler/compiler.py", line 80, in make_ir
    return ast_to_ttir(self.fn, self, context=context, options=options, codegen_fns=codegen_fns,
           ^^^^^^^^^^^^^^^^^^^^^^^^^^^^^^^^^^^^^^^^^^^^^^^^^^^^^^^^^^^^^^^^^^^^^^^^^^^^^^^^^^^^^
triton.compiler.errors.CompilationError: at 21:4:
    # One program per row
    pid = tl.program_id(axis=0)
    if pid >= n_rows:
        return

    row_start_x = x_ptr + pid * stride_row
    row_start_y = y_ptr + pid * stride_row

    offsets = tl.arange(0, BLOCK_SIZE)

    # Help compiler: memory is contiguous along columns
    tl.multiple_of(stride_col, 1)
    ^
'constexpr' object has no attribute 'shape'

[stage1_grid_and_parallel] failed. See metrics.message for details.
[stage1_grid_and_parallel] metrics saved to: /home/hyc/LLMKernel/run/20251228_103241_batch_range23to31_openai_deepseek/23_Softmax/evaluation/eval_0004.json
  Optimization failed, attempting repair...
[92mFinish reason: stop[0m
Usage: In=2778, Out=3049, Total=5827
[stage1_grid_and_parallel_repair] score=0.9818 (baseline=27.9467ms)
[stage1_grid_and_parallel_repair] metrics saved to: /home/hyc/LLMKernel/run/20251228_103241_batch_range23to31_openai_deepseek/23_Softmax/evaluation/eval_0005.json
  Optimized kernel score: 0.9818 âœ“
[Stage 1] â˜… New best score: 0.9818

================================================================================
[Stage 2/2] block_tiling
Description: Tune BLOCK_M/N/K sizes for optimal register/memory balance.
Current candidates: 1, best score: 0.9818
================================================================================
[Stage 2] Profiling best candidate...
[ncu] Using GPU device 7 (CUDA_VISIBLE_DEVICES=7)
[ncu] running: /usr/local/cuda/bin/ncu --csv --page=raw --target-processes=all --replay-mode=kernel --profile-from-start=on --log-file=/home/hyc/LLMKernel/ncu_temp_2912908.csv --metrics=sm__throughput.avg.pct_of_peak_sustained_elapsed,launch__grid_size,sm__warps_active.avg.pct_of_peak_sustained_active,dram__throughput.avg.pct_of_peak_sustained_elapsed,lts__t_sector_hit_rate.pct,smsp__warp_issue_stalled_memory_dependency_per_warp_active.pct /home/hyc/miniconda3/envs/sglang/bin/python bench_ref_inputs_2912908.py /home/hyc/LLMKernel/KernelBench/select2/23_Softmax.py /home/hyc/LLMKernel/run/20251228_103241_batch_range23to31_openai_deepseek/23_Softmax/code/test_kernel_analysis_seed1.py --repeat 1
[ncu stdout]: [bench] Completed 1 iterations successfully

[ok] CSV written: /home/hyc/LLMKernel/ncu_temp_2912908.csv
[Stage 2] Generating optimized kernel...
[92mFinish reason: stop[0m
Usage: In=1677, Out=3458, Total=5135
[stage2_block_tiling] score=0.9309 (baseline=27.9467ms)
[stage2_block_tiling] metrics saved to: /home/hyc/LLMKernel/run/20251228_103241_batch_range23to31_openai_deepseek/23_Softmax/evaluation/eval_0006.json
  Optimized kernel score: 0.9309 âœ“
[Stage 2] Current: 0.9309 (global best: 0.9818)
[23_Softmax.py] Figure saved to: /home/hyc/LLMKernel/run/20251228_103241_batch_range23to31_openai_deepseek/23_Softmax/figures/23_Softmax_score.png
