[Seed] Generating seed kernel...
[Seed 1/2] Generating...
[92mFinish reason: stop[0m
Usage: In=1681, Out=11259, Total=12940
[91mTest Error (RuntimeError):[0m Traceback (most recent call last):
  File "/home/hyc/miniconda3/envs/sglang/lib/python3.11/site-packages/triton/language/core.py", line 43, in wrapper
    return fn(*args, **kwargs)
           ^^^^^^^^^^^^^^^^^^^
  File "/home/hyc/miniconda3/envs/sglang/lib/python3.11/site-packages/triton/language/core.py", line 2021, in dot
    return _semantic.dot(input, other, acc, input_precision, max_num_imprecise_acc, out_dtype)
           ^^^^^^^^^^^^^^^^^^^^^^^^^^^^^^^^^^^^^^^^^^^^^^^^^^^^^^^^^^^^^^^^^^^^^^^^^^^^^^^^^^^
  File "/home/hyc/miniconda3/envs/sglang/lib/python3.11/site-packages/triton/language/semantic.py", line 1514, in dot
    assert lhs_rank == rhs_rank == 2 or lhs_rank == rhs_rank == 3, f"Both inputs must be either 2D or 3D; (lhs: {lhs.shape} vs rhs: {rhs.shape})"
           ^^^^^^^^^^^^^^^^^^^^^^^^^^^^^^^^^^^^^^^^^^^^^^^^^^^^^^
AssertionError: Both inputs must be either 2D or 3D; (lhs: ['constexpr[64]', 'constexpr[32]'] vs rhs: ['constexpr[32]'])

The above exception was the direct cause of the following exception:

Traceback (most recent call last):
  File "/home/hyc/LLMKernel/utils/compile_and_run.py", line 554, in compare_and_bench
    test_out, _ = _run_once(test_model, inp, dev)
                  ^^^^^^^^^^^^^^^^^^^^^^^^^^^^^^^
  File "/home/hyc/LLMKernel/utils/compile_and_run.py", line 132, in _run_once
    out = model(*inp)
          ^^^^^^^^^^^
  File "/home/hyc/miniconda3/envs/sglang/lib/python3.11/site-packages/torch/nn/modules/module.py", line 1775, in _wrapped_call_impl
    return self._call_impl(*args, **kwargs)
           ^^^^^^^^^^^^^^^^^^^^^^^^^^^^^^^^
  File "/home/hyc/miniconda3/envs/sglang/lib/python3.11/site-packages/torch/nn/modules/module.py", line 1786, in _call_impl
    return forward_call(*args, **kwargs)
           ^^^^^^^^^^^^^^^^^^^^^^^^^^^^^
  File "/home/hyc/LLMKernel/run/20251223_082312_25_Conv2d_Min_Tanh_Tanh_openai_deepseek/25_Conv2d_Min_Tanh_Tanh/code/kernel_20251223_082458.py", line 188, in forward
    return conv_min_tanh2(x, self.conv.weight, self.conv.bias)
           ^^^^^^^^^^^^^^^^^^^^^^^^^^^^^^^^^^^^^^^^^^^^^^^^^^^
  File "/home/hyc/LLMKernel/run/20251223_082312_25_Conv2d_Min_Tanh_Tanh_openai_deepseek/25_Conv2d_Min_Tanh_Tanh/code/kernel_20251223_082458.py", line 160, in conv_min_tanh2
    conv_min_tanh2_kernel[grid](
  File "/home/hyc/miniconda3/envs/sglang/lib/python3.11/site-packages/triton/runtime/jit.py", line 419, in <lambda>
    return lambda *args, **kwargs: self.run(grid=grid, warmup=False, *args, **kwargs)
                                   ^^^^^^^^^^^^^^^^^^^^^^^^^^^^^^^^^^^^^^^^^^^^^^^^^^
  File "/home/hyc/miniconda3/envs/sglang/lib/python3.11/site-packages/triton/runtime/jit.py", line 733, in run
    kernel = self._do_compile(key, signature, device, constexprs, options, attrs, warmup)
             ^^^^^^^^^^^^^^^^^^^^^^^^^^^^^^^^^^^^^^^^^^^^^^^^^^^^^^^^^^^^^^^^^^^^^^^^^^^^
  File "/home/hyc/miniconda3/envs/sglang/lib/python3.11/site-packages/triton/runtime/jit.py", line 861, in _do_compile
    kernel = self.compile(src, target=target, options=options.__dict__)
             ^^^^^^^^^^^^^^^^^^^^^^^^^^^^^^^^^^^^^^^^^^^^^^^^^^^^^^^^^^
  File "/home/hyc/miniconda3/envs/sglang/lib/python3.11/site-packages/triton/compiler/compiler.py", line 300, in compile
    module = src.make_ir(target, options, codegen_fns, module_map, context)
             ^^^^^^^^^^^^^^^^^^^^^^^^^^^^^^^^^^^^^^^^^^^^^^^^^^^^^^^^^^^^^^
  File "/home/hyc/miniconda3/envs/sglang/lib/python3.11/site-packages/triton/compiler/compiler.py", line 80, in make_ir
    return ast_to_ttir(self.fn, self, context=context, options=options, codegen_fns=codegen_fns,
           ^^^^^^^^^^^^^^^^^^^^^^^^^^^^^^^^^^^^^^^^^^^^^^^^^^^^^^^^^^^^^^^^^^^^^^^^^^^^^^^^^^^^^
triton.compiler.errors.CompilationError: at 79:19:
                + cin * stride_x_c
                + (h_out_idx + kh) * stride_x_h
                + (w_out_idx + kw) * stride_x_w
            )
            x_vals = tl.load(
                x_ptrs,
                mask=mask_valid & mask_k,
                other=0.0,
            )

            # FMA over K dimension using dot: [BLOCK_OC, BLOCK_K] x [BLOCK_K] -> [BLOCK_OC]
            acc += tl.dot(w, x_vals, allow_tf32=True)
                   ^
Both inputs must be either 2D or 3D; (lhs: ['constexpr[64]', 'constexpr[32]'] vs rhs: ['constexpr[32]'])

[seed_0] failed. See metrics.message for details.
[seed_0] metrics saved to: /home/hyc/LLMKernel/run/20251223_082312_25_Conv2d_Min_Tanh_Tanh_openai_deepseek/25_Conv2d_Min_Tanh_Tanh/evaluation/eval_0000.json
[Seed 1] Failed, attempting repair...
[92mFinish reason: stop[0m
Usage: In=3309, Out=4177, Total=7486
[seed_0_repair_1] score=0.0261 (baseline=14.2944ms)
[seed_0_repair_1] metrics saved to: /home/hyc/LLMKernel/run/20251223_082312_25_Conv2d_Min_Tanh_Tanh_openai_deepseek/25_Conv2d_Min_Tanh_Tanh/evaluation/eval_0001.json
[Seed 1 Repair] Score: 0.0261 âœ“
[Seed 1] Final score: 0.0261 âœ“
[Seed 2/2] Generating...
[92mFinish reason: stop[0m
Usage: In=1681, Out=5253, Total=6934
[seed_1] score=0.1690 (baseline=14.2082ms)
[seed_1] metrics saved to: /home/hyc/LLMKernel/run/20251223_082312_25_Conv2d_Min_Tanh_Tanh_openai_deepseek/25_Conv2d_Min_Tanh_Tanh/evaluation/eval_0002.json
[Seed 2] Final score: 0.1690 âœ“

================================================================================
[Hybrid Strategy] Analyzing all seeds for algorithmic optimization...
[Hybrid Strategy] - 2 seed(s) with score < 1.0 (rescue)
================================================================================

[Hybrid] Seed 1: score=0.0261 < 1.0
[Hybrid] Attempting algorithm analysis rescue...
[Hybrid] Requesting LLM analysis for seed 1...
[92mFinish reason: stop[0m
Usage: In=2664, Out=920, Total=3584
[Hybrid] Worth optimizing: yes
[Hybrid] Reason: The custom direct-convolution kernel is over 30x slower than the PyTorch baseline, indicating a major algorithmic inefficiency.
[Hybrid] Analysis complete for seed 1, generating optimized kernel...
[Hybrid] Bottleneck: The kernel performs a naive per-pixel, per-output-channel convolution loop with ...
[Hybrid] Optimization: Replace the hand-rolled convolution with a GEMM-based implementation (e.g., im2c...
[Hybrid] Expected speedup: 20-40x vs the current Triton kernel (and at least on-par with, potentially modestly faster than, the PyTorch baseline).
[92mFinish reason: stop[0m
Usage: In=2992, Out=7674, Total=10666
[algorithm_optimized_seed0] score=1.0355 (baseline=14.2082ms)
[algorithm_optimized_seed0] metrics saved to: /home/hyc/LLMKernel/run/20251223_082312_25_Conv2d_Min_Tanh_Tanh_openai_deepseek/25_Conv2d_Min_Tanh_Tanh/evaluation/eval_0003.json
[Hybrid] âœ“ Rescue successful: 0.0261 â†’ 1.0355

[Hybrid] Seed 2: score=0.1690 < 1.0
[Hybrid] Attempting algorithm analysis rescue...
[Hybrid] Requesting LLM analysis for seed 2...
[92mFinish reason: stop[0m
Usage: In=1944, Out=1008, Total=2952
[Hybrid] Worth optimizing: yes
[Hybrid] Reason: The custom Triton kernel is ~6x slower than the PyTorch baseline, so there is clear room for algorithmic improvement.
[Hybrid] Analysis complete for seed 2, generating optimized kernel...
[Hybrid] Bottleneck: The kernel launches one program per (n, h, w) point, each doing a scalar while-l...
[Hybrid] Optimization: Replace the per-pixel, serial reduction over channels with a parallel reduction ...
[Hybrid] Expected speedup: 500-700% over the current Triton kernel (i.e., 5-8x), likely bringing performance to or better than the PyTorch baseline.
[92mFinish reason: stop[0m
Usage: In=2257, Out=8688, Total=10945
[91mTest Error (RuntimeError):[0m Traceback (most recent call last):
  File "/home/hyc/miniconda3/envs/sglang/lib/python3.11/site-packages/triton/language/core.py", line 43, in wrapper
    return fn(*args, **kwargs)
           ^^^^^^^^^^^^^^^^^^^
  File "/home/hyc/miniconda3/envs/sglang/lib/python3.11/site-packages/triton/language/core.py", line 1911, in reshape
    shape = _shape_check_impl(_unwrap_iterable(shape))
            ^^^^^^^^^^^^^^^^^^^^^^^^^^^^^^^^^^^^^^^^^^
  File "/home/hyc/miniconda3/envs/sglang/lib/python3.11/site-packages/triton/language/core.py", line 1661, in _shape_check_impl
    validate_block_shape(shape)
  File "/home/hyc/miniconda3/envs/sglang/lib/python3.11/site-packages/triton/_utils.py", line 52, in validate_block_shape
    raise TypeError(f"Shape element {i} must have type `constexpr[int]`, got `constexpr[{type(d)}]")
TypeError: Shape element 0 must have type `constexpr[int]`, got `constexpr[<class 'triton.language.core.tensor'>]

The above exception was the direct cause of the following exception:

Traceback (most recent call last):
  File "/home/hyc/LLMKernel/utils/compile_and_run.py", line 554, in compare_and_bench
    test_out, _ = _run_once(test_model, inp, dev)
                  ^^^^^^^^^^^^^^^^^^^^^^^^^^^^^^^
  File "/home/hyc/LLMKernel/utils/compile_and_run.py", line 132, in _run_once
    out = model(*inp)
          ^^^^^^^^^^^
  File "/home/hyc/miniconda3/envs/sglang/lib/python3.11/site-packages/torch/nn/modules/module.py", line 1775, in _wrapped_call_impl
    return self._call_impl(*args, **kwargs)
           ^^^^^^^^^^^^^^^^^^^^^^^^^^^^^^^^
  File "/home/hyc/miniconda3/envs/sglang/lib/python3.11/site-packages/torch/nn/modules/module.py", line 1786, in _call_impl
    return forward_call(*args, **kwargs)
           ^^^^^^^^^^^^^^^^^^^^^^^^^^^^^
  File "/home/hyc/LLMKernel/run/20251223_082312_25_Conv2d_Min_Tanh_Tanh_openai_deepseek/25_Conv2d_Min_Tanh_Tanh/code/kernel_20251223_082907.py", line 138, in forward
    x = min_tanh_tanh(x)
        ^^^^^^^^^^^^^^^^
  File "/home/hyc/LLMKernel/run/20251223_082312_25_Conv2d_Min_Tanh_Tanh_openai_deepseek/25_Conv2d_Min_Tanh_Tanh/code/kernel_20251223_082907.py", line 112, in min_tanh_tanh
    min_tanh_tanh_kernel[grid](
  File "/home/hyc/miniconda3/envs/sglang/lib/python3.11/site-packages/triton/runtime/jit.py", line 419, in <lambda>
    return lambda *args, **kwargs: self.run(grid=grid, warmup=False, *args, **kwargs)
                                   ^^^^^^^^^^^^^^^^^^^^^^^^^^^^^^^^^^^^^^^^^^^^^^^^^^
  File "/home/hyc/miniconda3/envs/sglang/lib/python3.11/site-packages/triton/runtime/jit.py", line 733, in run
    kernel = self._do_compile(key, signature, device, constexprs, options, attrs, warmup)
             ^^^^^^^^^^^^^^^^^^^^^^^^^^^^^^^^^^^^^^^^^^^^^^^^^^^^^^^^^^^^^^^^^^^^^^^^^^^^
  File "/home/hyc/miniconda3/envs/sglang/lib/python3.11/site-packages/triton/runtime/jit.py", line 861, in _do_compile
    kernel = self.compile(src, target=target, options=options.__dict__)
             ^^^^^^^^^^^^^^^^^^^^^^^^^^^^^^^^^^^^^^^^^^^^^^^^^^^^^^^^^^
  File "/home/hyc/miniconda3/envs/sglang/lib/python3.11/site-packages/triton/compiler/compiler.py", line 300, in compile
    module = src.make_ir(target, options, codegen_fns, module_map, context)
             ^^^^^^^^^^^^^^^^^^^^^^^^^^^^^^^^^^^^^^^^^^^^^^^^^^^^^^^^^^^^^^
  File "/home/hyc/miniconda3/envs/sglang/lib/python3.11/site-packages/triton/compiler/compiler.py", line 80, in make_ir
    return ast_to_ttir(self.fn, self, context=context, options=options, codegen_fns=codegen_fns,
           ^^^^^^^^^^^^^^^^^^^^^^^^^^^^^^^^^^^^^^^^^^^^^^^^^^^^^^^^^^^^^^^^^^^^^^^^^^^^^^^^^^^^^
triton.compiler.errors.CompilationError: at 36:15:
    mask_hw_2d = (hh < H) & (ww < W) & mask_n
    BLOCK_HW = BLOCK_H * BLOCK_W

    # Compute base offsets for this (n, h, w) tile at c = 0
    nhw_base_2d = (
        pid_n * stride_xn
        + hh * stride_xh
        + ww * stride_xw
    )  # [BLOCK_H, BLOCK_W]

    # Flatten to 1D [BLOCK_HW]
    nhw_base = tl.reshape(nhw_base_2d, (BLOCK_HW,))
               ^
Shape element 0 must have type `constexpr[int]`, got `constexpr[<class 'triton.language.core.tensor'>]

[algorithm_optimized_seed1] failed. See metrics.message for details.
[algorithm_optimized_seed1] metrics saved to: /home/hyc/LLMKernel/run/20251223_082312_25_Conv2d_Min_Tanh_Tanh_openai_deepseek/25_Conv2d_Min_Tanh_Tanh/evaluation/eval_0004.json
[Hybrid] Algorithm-optimized kernel failed, attempting repair...
[92mFinish reason: stop[0m
Usage: In=2842, Out=4248, Total=7090
[algorithm_optimized_seed1_repair1] score=0.4884 (baseline=14.2082ms)
[algorithm_optimized_seed1_repair1] metrics saved to: /home/hyc/LLMKernel/run/20251223_082312_25_Conv2d_Min_Tanh_Tanh_openai_deepseek/25_Conv2d_Min_Tanh_Tanh/evaluation/eval_0005.json
[Hybrid] âœ“ Repair successful for algorithm-optimized seed 2
[Hybrid] âœ“ Rescue successful: 0.1690 â†’ 0.4884

================================================================================
[Hybrid] Candidate Selection
================================================================================
[Hybrid] Total candidates: 4
  [1] seed 1: 0.0261
  [2] seed 2: 0.1690
  [3] algo-optimized (from seed 1): 1.0355
  [4] algo-optimized (from seed 2): 0.4884

[Hybrid] â˜… Selected best candidate: score=1.0355

[Optimization] Starting 3-stage optimization...

================================================================================
[Stage 1/3] grid_and_parallel
Description: Optimize grid layout and parallel work distribution across SMs.
Current candidates: 1, best score: 1.0355
================================================================================
[Stage 1] Profiling best candidate...
[Stage 1] Generating optimized kernel...
[92mFinish reason: stop[0m
Usage: In=1998, Out=6143, Total=8141
[stage1_grid_and_parallel] score=1.0184 (baseline=14.2082ms)
[stage1_grid_and_parallel] metrics saved to: /home/hyc/LLMKernel/run/20251223_082312_25_Conv2d_Min_Tanh_Tanh_openai_deepseek/25_Conv2d_Min_Tanh_Tanh/evaluation/eval_0006.json
  Optimized kernel score: 1.0184 âœ“
[Stage 1] Current: 1.0184 (global best: 1.0355)

================================================================================
[Stage 2/3] block_tiling
Description: Tune BLOCK_M/N/K sizes for optimal register/memory balance.
Current candidates: 1, best score: 1.0355
================================================================================
[Stage 2] Profiling best candidate...
[Stage 2] Generating optimized kernel...
[92mFinish reason: stop[0m
Usage: In=2267, Out=4255, Total=6522
[stage2_block_tiling] score=1.0043 (baseline=14.2082ms)
[stage2_block_tiling] metrics saved to: /home/hyc/LLMKernel/run/20251223_082312_25_Conv2d_Min_Tanh_Tanh_openai_deepseek/25_Conv2d_Min_Tanh_Tanh/evaluation/eval_0007.json
  Optimized kernel score: 1.0043 âœ“
[Stage 2] Current: 1.0043 (global best: 1.0355)

================================================================================
[Stage 3/3] memory_and_tuning
Description: Optimize memory access patterns and fine-tune num_stages/num_warps.
Current candidates: 1, best score: 1.0355
================================================================================
[Stage 3] Profiling best candidate...
[Stage 3] Generating optimized kernel...
[92mFinish reason: stop[0m
Usage: In=2378, Out=5606, Total=7984
[stage3_memory_and_tuning] score=1.0054 (baseline=14.2082ms)
[stage3_memory_and_tuning] metrics saved to: /home/hyc/LLMKernel/run/20251223_082312_25_Conv2d_Min_Tanh_Tanh_openai_deepseek/25_Conv2d_Min_Tanh_Tanh/evaluation/eval_0008.json
  Optimized kernel score: 1.0054 âœ“
[Stage 3] Current: 1.0054 (global best: 1.0355)
[25_Conv2d_Min_Tanh_Tanh.py] Figure saved to: /home/hyc/LLMKernel/run/20251223_082312_25_Conv2d_Min_Tanh_Tanh_openai_deepseek/25_Conv2d_Min_Tanh_Tanh/figures/25_Conv2d_Min_Tanh_Tanh_score.png
