[Seed] Generating seed kernel...
[Seed 1/2] Generating...
[92mFinish reason: stop[0m
Usage: In=1731, Out=6667, Total=8398
[seed_0] score=1.2562 (baseline=5.6578ms)
[seed_0] metrics saved to: /home/hyc/LLMKernel/run/20251228_142941_batch_range36to44_openai_deepseek/44_ConvTranspose2d_Multiply_GlobalAvgPool_GlobalAvgPool_Mean/evaluation/eval_0028.json
[Seed 1] Final score: 1.2562 âœ“
[Seed 2/2] Generating...
[92mFinish reason: stop[0m
Usage: In=1731, Out=13474, Total=15205
[91mTest Error (RuntimeError):[0m Traceback (most recent call last):
  File "/home/hyc/LLMKernel/utils/compile_and_run.py", line 536, in compare_and_bench
    test_model = ModelNew(*init_args, **init_kwargs)
                 ^^^^^^^^^^^^^^^^^^^^^^^^^^^^^^^^^^^
  File "/home/hyc/LLMKernel/run/20251228_142941_batch_range36to44_openai_deepseek/44_ConvTranspose2d_Multiply_GlobalAvgPool_GlobalAvgPool_Mean/code/kernel_20251228_154116.py", line 243, in __init__
    nn.init.kaiming_uniform_(self.weight, a=math.sqrt(5))
                                            ^^^^
NameError: name 'math' is not defined

[seed_1] failed. See metrics.message for details.
[seed_1] metrics saved to: /home/hyc/LLMKernel/run/20251228_142941_batch_range36to44_openai_deepseek/44_ConvTranspose2d_Multiply_GlobalAvgPool_GlobalAvgPool_Mean/evaluation/eval_0029.json
[Seed 2] Failed, attempting repair...
[92mFinish reason: stop[0m
Usage: In=2847, Out=6555, Total=9402
[seed_1_repair_1] score=0.4067 (baseline=5.6578ms)
[seed_1_repair_1] metrics saved to: /home/hyc/LLMKernel/run/20251228_142941_batch_range36to44_openai_deepseek/44_ConvTranspose2d_Multiply_GlobalAvgPool_GlobalAvgPool_Mean/evaluation/eval_0030.json
[Seed 2 Repair] Score: 0.4067 âœ“
[Seed 2] Final score: 0.4067 âœ“

================================================================================
[Hybrid Strategy] Analyzing all seeds for algorithmic optimization...
[Hybrid Strategy] - 1 seed(s) with score < 1.0 (rescue)
[Hybrid Strategy] - 1 seed(s) with score >= 1.0 (further optimization)
================================================================================

[Hybrid] Seed 1: score=1.2562 >= 1.0
[Hybrid] Attempting algorithm analysis for further optimization...
[ncu] Using GPU device 1 (CUDA_VISIBLE_DEVICES=1)
[ncu] running: /usr/local/cuda/bin/ncu --csv --page=raw --target-processes=all --replay-mode=kernel --profile-from-start=on --log-file=/home/hyc/LLMKernel/ncu_temp_3080269.csv --metrics=sm__throughput.avg.pct_of_peak_sustained_elapsed,launch__grid_size,sm__warps_active.avg.pct_of_peak_sustained_active,dram__throughput.avg.pct_of_peak_sustained_elapsed,lts__t_sector_hit_rate.pct,smsp__warp_issue_stalled_memory_dependency_per_warp_active.pct /home/hyc/miniconda3/envs/sglang/bin/python bench_ref_inputs_3080269.py /home/hyc/LLMKernel/KernelBench/tt/44_ConvTranspose2d_Multiply_GlobalAvgPool_GlobalAvgPool_Mean.py /home/hyc/LLMKernel/run/20251228_142941_batch_range36to44_openai_deepseek/44_ConvTranspose2d_Multiply_GlobalAvgPool_GlobalAvgPool_Mean/code/test_kernel_analysis_seed0.py --repeat 1
[ncu stdout]: [bench] Completed 1 iterations successfully

[ok] CSV written: /home/hyc/LLMKernel/ncu_temp_3080269.csv
[Hybrid] Requesting LLM analysis for seed 1...
[92mFinish reason: stop[0m
Usage: In=1969, Out=610, Total=2579
[Hybrid] Worth optimizing: yes
[Hybrid] Reason: The current implementation still materializes the full transposed-convolution output in global memory, even though the final result is just a (B, C_out, 1, 1) tensor.
[Hybrid] Analysis complete for seed 1, generating optimized kernel...
[Hybrid] Bottleneck: The main cost is writing and then rereading the large (B, C_out, H, W) conv_tran...
[Hybrid] Optimization: Fuse the transposed convolution, scalar multiplication, and global average pooli...
[Hybrid] Expected speedup: 30-40%
[92mFinish reason: stop[0m
Usage: In=2306, Out=11786, Total=14092
[algorithm_optimized_seed0] score=0.0650 (baseline=5.6578ms)
[algorithm_optimized_seed0] metrics saved to: /home/hyc/LLMKernel/run/20251228_142941_batch_range36to44_openai_deepseek/44_ConvTranspose2d_Multiply_GlobalAvgPool_GlobalAvgPool_Mean/evaluation/eval_0031.json
[Hybrid] âœ“ Rescue successful: 1.2562 â†’ 0.0650

[Hybrid] Seed 2: score=0.4067 < 1.0
[Hybrid] Attempting algorithm analysis rescue...
[ncu] Using GPU device 1 (CUDA_VISIBLE_DEVICES=1)
[ncu] running: /usr/local/cuda/bin/ncu --csv --page=raw --target-processes=all --replay-mode=kernel --profile-from-start=on --log-file=/home/hyc/LLMKernel/ncu_temp_3080269.csv --metrics=sm__throughput.avg.pct_of_peak_sustained_elapsed,launch__grid_size,sm__warps_active.avg.pct_of_peak_sustained_active,dram__throughput.avg.pct_of_peak_sustained_elapsed,lts__t_sector_hit_rate.pct,smsp__warp_issue_stalled_memory_dependency_per_warp_active.pct /home/hyc/miniconda3/envs/sglang/bin/python bench_ref_inputs_3080269.py /home/hyc/LLMKernel/KernelBench/tt/44_ConvTranspose2d_Multiply_GlobalAvgPool_GlobalAvgPool_Mean.py /home/hyc/LLMKernel/run/20251228_142941_batch_range36to44_openai_deepseek/44_ConvTranspose2d_Multiply_GlobalAvgPool_GlobalAvgPool_Mean/code/test_kernel_analysis_seed1.py --repeat 1
[ncu stdout]: [bench] Completed 1 iterations successfully

[ok] CSV written: /home/hyc/LLMKernel/ncu_temp_3080269.csv
[Hybrid] Requesting LLM analysis for seed 2...
[92mFinish reason: stop[0m
Usage: In=3361, Out=3868, Total=7229
[Hybrid] Worth optimizing: yes
[Hybrid] Reason: The Triton kernel is ~2.5x slower than the PyTorch/cuDNN baseline and still does full conv-transpose over all output pixels even though the final result is only BÃ—C scalars.
[Hybrid] Analysis complete for seed 2, generating optimized kernel...
[Hybrid] Bottleneck: The algorithm explicitly iterates over every (ho, wo) output location (and does ...
[Hybrid] Optimization: Exploit linearity of global average pooling and reorder the computation so that ...
[Hybrid] Expected speedup: 3-5x over the current Triton kernel, with a good chance of matching or surpassing the PyTorch baseline for typical sizes like 128Ã—128.
[92mFinish reason: stop[0m
Usage: In=3789, Out=17087, Total=20876
[91mTest Error (RuntimeError):[0m Traceback (most recent call last):
  File "/home/hyc/miniconda3/envs/sglang/lib/python3.11/site-packages/triton/language/core.py", line 43, in wrapper
    return fn(*args, **kwargs)
           ^^^^^^^^^^^^^^^^^^^
  File "/home/hyc/miniconda3/envs/sglang/lib/python3.11/site-packages/triton/language/core.py", line 1677, in full
    shape = _shape_check_impl(shape)
            ^^^^^^^^^^^^^^^^^^^^^^^^
  File "/home/hyc/miniconda3/envs/sglang/lib/python3.11/site-packages/triton/language/core.py", line 1661, in _shape_check_impl
    validate_block_shape(shape)
  File "/home/hyc/miniconda3/envs/sglang/lib/python3.11/site-packages/triton/_utils.py", line 54, in validate_block_shape
    raise ValueError(f"Shape element {i} must be a power of 2")
ValueError: Shape element 0 must be a power of 2

The above exception was the direct cause of the following exception:

triton.compiler.errors.CompilationError: at 10:11:
def zeros(shape, dtype):
    """
    Returns a tensor filled with the scalar value 0 for the given :code:`shape` and :code:`dtype`.

    :param shape: Shape of the new array, e.g., (8, 16) or (8, )
    :type shape: tuple of ints
    :param dtype: Data-type of the new array, e.g., :code:`tl.float16`
    :type dtype: DType
    """
    return core.full(shape, 0, dtype)
           ^
Shape element 0 must be a power of 2

The above exception was the direct cause of the following exception:

Traceback (most recent call last):
  File "/home/hyc/LLMKernel/utils/compile_and_run.py", line 555, in compare_and_bench
    test_out, _ = _run_once(test_model, inp, dev)
                  ^^^^^^^^^^^^^^^^^^^^^^^^^^^^^^^
  File "/home/hyc/LLMKernel/utils/compile_and_run.py", line 132, in _run_once
    out = model(*inp)
          ^^^^^^^^^^^
  File "/home/hyc/miniconda3/envs/sglang/lib/python3.11/site-packages/torch/nn/modules/module.py", line 1775, in _wrapped_call_impl
    return self._call_impl(*args, **kwargs)
           ^^^^^^^^^^^^^^^^^^^^^^^^^^^^^^^^
  File "/home/hyc/miniconda3/envs/sglang/lib/python3.11/site-packages/torch/nn/modules/module.py", line 1786, in _call_impl
    return forward_call(*args, **kwargs)
           ^^^^^^^^^^^^^^^^^^^^^^^^^^^^^
  File "/home/hyc/LLMKernel/run/20251228_142941_batch_range36to44_openai_deepseek/44_ConvTranspose2d_Multiply_GlobalAvgPool_GlobalAvgPool_Mean/code/kernel_20251228_154816.py", line 374, in forward
    return conv_transpose2d_global_avg_triton(
           ^^^^^^^^^^^^^^^^^^^^^^^^^^^^^^^^^^^
  File "/home/hyc/LLMKernel/run/20251228_142941_batch_range36to44_openai_deepseek/44_ConvTranspose2d_Multiply_GlobalAvgPool_GlobalAvgPool_Mean/code/kernel_20251228_154816.py", line 252, in conv_transpose2d_global_avg_triton
    compute_u_kernel[grid1](
  File "/home/hyc/miniconda3/envs/sglang/lib/python3.11/site-packages/triton/runtime/jit.py", line 419, in <lambda>
    return lambda *args, **kwargs: self.run(grid=grid, warmup=False, *args, **kwargs)
                                   ^^^^^^^^^^^^^^^^^^^^^^^^^^^^^^^^^^^^^^^^^^^^^^^^^^
  File "/home/hyc/miniconda3/envs/sglang/lib/python3.11/site-packages/triton/runtime/jit.py", line 733, in run
    kernel = self._do_compile(key, signature, device, constexprs, options, attrs, warmup)
             ^^^^^^^^^^^^^^^^^^^^^^^^^^^^^^^^^^^^^^^^^^^^^^^^^^^^^^^^^^^^^^^^^^^^^^^^^^^^
  File "/home/hyc/miniconda3/envs/sglang/lib/python3.11/site-packages/triton/runtime/jit.py", line 861, in _do_compile
    kernel = self.compile(src, target=target, options=options.__dict__)
             ^^^^^^^^^^^^^^^^^^^^^^^^^^^^^^^^^^^^^^^^^^^^^^^^^^^^^^^^^^
  File "/home/hyc/miniconda3/envs/sglang/lib/python3.11/site-packages/triton/compiler/compiler.py", line 300, in compile
    module = src.make_ir(target, options, codegen_fns, module_map, context)
             ^^^^^^^^^^^^^^^^^^^^^^^^^^^^^^^^^^^^^^^^^^^^^^^^^^^^^^^^^^^^^^
  File "/home/hyc/miniconda3/envs/sglang/lib/python3.11/site-packages/triton/compiler/compiler.py", line 80, in make_ir
    return ast_to_ttir(self.fn, self, context=context, options=options, codegen_fns=codegen_fns,
           ^^^^^^^^^^^^^^^^^^^^^^^^^^^^^^^^^^^^^^^^^^^^^^^^^^^^^^^^^^^^^^^^^^^^^^^^^^^^^^^^^^^^^
triton.compiler.errors.CompilationError: at 41:10:
    This is the spatially aggregated contribution of input channel ci
    for kernel tap (kh, kw), independent of output channels.
    """
    pid_b = tl.program_id(0)
    pid_ci = tl.program_id(1)

    # Guard (in case grid is larger than B or Cin)
    if pid_b >= B or pid_ci >= Cin:
        return

    # Accumulator over kernel taps: [K_h, K_w]
    acc = tl.zeros((KERNEL_H, KERNEL_W), dtype=tl.float32)
          ^

[algorithm_optimized_seed1] failed. See metrics.message for details.
[algorithm_optimized_seed1] metrics saved to: /home/hyc/LLMKernel/run/20251228_142941_batch_range36to44_openai_deepseek/44_ConvTranspose2d_Multiply_GlobalAvgPool_GlobalAvgPool_Mean/evaluation/eval_0032.json
[Hybrid] Algorithm-optimized kernel failed, attempting repair...
[92mFinish reason: stop[0m
Usage: In=4987, Out=8273, Total=13260
[algorithm_optimized_seed1_repair1] score=22.4994 (baseline=5.6578ms)
[algorithm_optimized_seed1_repair1] metrics saved to: /home/hyc/LLMKernel/run/20251228_142941_batch_range36to44_openai_deepseek/44_ConvTranspose2d_Multiply_GlobalAvgPool_GlobalAvgPool_Mean/evaluation/eval_0033.json
[Hybrid] âœ“ Repair successful for algorithm-optimized seed 2
[Hybrid] âœ“ Rescue successful: 0.4067 â†’ 22.4994

================================================================================
[Hybrid] Candidate Selection
================================================================================
[Hybrid] Total candidates: 4
  [1] seed 1: 1.2562
  [2] seed 2: 0.4067
  [3] algo-optimized (from seed 1): 0.0650
  [4] algo-optimized (from seed 2): 22.4994

[Hybrid] â˜… Selected best candidate: score=22.4994

[Optimization] Starting 3-stage optimization...

================================================================================
[Stage 1/2] grid_and_parallel
Description: Optimize grid layout and parallel work distribution across SMs.
Current candidates: 1, best score: 22.4994
================================================================================
[Stage 1] Profiling best candidate...
[ncu] Using GPU device 1 (CUDA_VISIBLE_DEVICES=1)
[ncu] running: /usr/local/cuda/bin/ncu --csv --page=raw --target-processes=all --replay-mode=kernel --profile-from-start=on --log-file=/home/hyc/LLMKernel/ncu_temp_3080269.csv --metrics=sm__throughput.avg.pct_of_peak_sustained_elapsed,launch__grid_size,sm__warps_active.avg.pct_of_peak_sustained_active,dram__throughput.avg.pct_of_peak_sustained_elapsed,lts__t_sector_hit_rate.pct,smsp__warp_issue_stalled_memory_dependency_per_warp_active.pct /home/hyc/miniconda3/envs/sglang/bin/python bench_ref_inputs_3080269.py /home/hyc/LLMKernel/KernelBench/tt/44_ConvTranspose2d_Multiply_GlobalAvgPool_GlobalAvgPool_Mean.py /home/hyc/LLMKernel/run/20251228_142941_batch_range36to44_openai_deepseek/44_ConvTranspose2d_Multiply_GlobalAvgPool_GlobalAvgPool_Mean/code/test_kernel_analysis_seed1.py --repeat 1
[ncu stdout]: [bench] Completed 1 iterations successfully

[ok] CSV written: /home/hyc/LLMKernel/ncu_temp_3080269.csv
[Stage 1] Generating optimized kernel...
[92mFinish reason: stop[0m
Usage: In=4503, Out=7635, Total=12138
[stage1_grid_and_parallel] score=18.9189 (baseline=5.6578ms)
[stage1_grid_and_parallel] metrics saved to: /home/hyc/LLMKernel/run/20251228_142941_batch_range36to44_openai_deepseek/44_ConvTranspose2d_Multiply_GlobalAvgPool_GlobalAvgPool_Mean/evaluation/eval_0034.json
  Optimized kernel score: 18.9189 âœ“
[Stage 1] Current: 18.9189 (global best: 22.4994)

================================================================================
[Stage 2/2] block_tiling
Description: Tune BLOCK_M/N/K sizes for optimal register/memory balance.
Current candidates: 1, best score: 22.4994
================================================================================
[Stage 2] Profiling best candidate...
[ncu] Using GPU device 1 (CUDA_VISIBLE_DEVICES=1)
[ncu] running: /usr/local/cuda/bin/ncu --csv --page=raw --target-processes=all --replay-mode=kernel --profile-from-start=on --log-file=/home/hyc/LLMKernel/ncu_temp_3080269.csv --metrics=sm__throughput.avg.pct_of_peak_sustained_elapsed,launch__grid_size,sm__warps_active.avg.pct_of_peak_sustained_active,dram__throughput.avg.pct_of_peak_sustained_elapsed,lts__t_sector_hit_rate.pct,smsp__warp_issue_stalled_memory_dependency_per_warp_active.pct /home/hyc/miniconda3/envs/sglang/bin/python bench_ref_inputs_3080269.py /home/hyc/LLMKernel/KernelBench/tt/44_ConvTranspose2d_Multiply_GlobalAvgPool_GlobalAvgPool_Mean.py /home/hyc/LLMKernel/run/20251228_142941_batch_range36to44_openai_deepseek/44_ConvTranspose2d_Multiply_GlobalAvgPool_GlobalAvgPool_Mean/code/test_kernel_analysis_seed1.py --repeat 1
[ncu stdout]: [bench] Completed 1 iterations successfully

[ok] CSV written: /home/hyc/LLMKernel/ncu_temp_3080269.csv
[Stage 2] Generating optimized kernel...
[92mFinish reason: stop[0m
Usage: In=4223, Out=9739, Total=13962
[stage2_block_tiling] score=26.1182 (baseline=5.6578ms)
[stage2_block_tiling] metrics saved to: /home/hyc/LLMKernel/run/20251228_142941_batch_range36to44_openai_deepseek/44_ConvTranspose2d_Multiply_GlobalAvgPool_GlobalAvgPool_Mean/evaluation/eval_0035.json
  Optimized kernel score: 26.1182 âœ“
[Stage 2] â˜… New best score: 26.1182
[44_ConvTranspose2d_Multiply_GlobalAvgPool_GlobalAvgPool_Mean.py] Figure saved to: /home/hyc/LLMKernel/run/20251228_142941_batch_range36to44_openai_deepseek/44_ConvTranspose2d_Multiply_GlobalAvgPool_GlobalAvgPool_Mean/figures/44_ConvTranspose2d_Multiply_GlobalAvgPool_GlobalAvgPool_Mean_score.png
