[Seed] Generating seed kernel...
[Seed 1/2] Generating...
[92mFinish reason: stop[0m
Usage: In=1746, Out=12111, Total=13857
[seed_0] score=1.1856 (baseline=24.0503ms)
[seed_0] metrics saved to: /home/hyc/LLMKernel/run/20251228_161811_batch_range79to85_openai_deepseek/82_Conv2d_Tanh_Scaling_BiasAdd_Max/evaluation/eval_0028.json
[Seed 1] Final score: 1.1856 âœ“
[Seed 2/2] Generating...
[92mFinish reason: stop[0m
Usage: In=1746, Out=15275, Total=17021
[seed_1] score=2.7164 (baseline=24.0503ms)
[seed_1] metrics saved to: /home/hyc/LLMKernel/run/20251228_161811_batch_range79to85_openai_deepseek/82_Conv2d_Tanh_Scaling_BiasAdd_Max/evaluation/eval_0029.json
[Seed 2] Final score: 2.7164 âœ“

================================================================================
[Hybrid Strategy] Analyzing all seeds for algorithmic optimization...
[Hybrid Strategy] - 2 seed(s) with score >= 1.0 (further optimization)
================================================================================

[Hybrid] Seed 1: score=1.1856 >= 1.0
[Hybrid] Attempting algorithm analysis for further optimization...
[ncu] Using GPU device 7 (CUDA_VISIBLE_DEVICES=7)
[ncu] running: /usr/local/cuda/bin/ncu --csv --page=raw --target-processes=all --replay-mode=kernel --profile-from-start=on --log-file=/home/hyc/LLMKernel/ncu_temp_3267963.csv --metrics=sm__throughput.avg.pct_of_peak_sustained_elapsed,launch__grid_size,sm__warps_active.avg.pct_of_peak_sustained_active,dram__throughput.avg.pct_of_peak_sustained_elapsed,lts__t_sector_hit_rate.pct,smsp__warp_issue_stalled_memory_dependency_per_warp_active.pct /home/hyc/miniconda3/envs/sglang/bin/python bench_ref_inputs_3267963.py /home/hyc/LLMKernel/KernelBench/tt/82_Conv2d_Tanh_Scaling_BiasAdd_Max.py /home/hyc/LLMKernel/run/20251228_161811_batch_range79to85_openai_deepseek/82_Conv2d_Tanh_Scaling_BiasAdd_Max/code/test_kernel_analysis_seed0.py --repeat 1
[ncu stdout]: [bench] Completed 1 iterations successfully

[ok] CSV written: /home/hyc/LLMKernel/ncu_temp_3267963.csv
[Hybrid] Requesting LLM analysis for seed 1...
[92mFinish reason: stop[0m
Usage: In=2991, Out=862, Total=3853
[Hybrid] Worth optimizing: yes
[Hybrid] Reason: The convolution is implemented as a deeply nested scalar loop rather than a blocked matrix-multiply style kernel, leaving a lot of compute throughput and data reuse on the table.
[Hybrid] Analysis complete for seed 1, generating optimized kernel...
[Hybrid] Bottleneck: Each output value is computed via explicit loops over C_in and K^2 with scalar l...
[Hybrid] Optimization: Replace the hand-written direct convolution loops with a blocked GEMM-style conv...
[Hybrid] Expected speedup: 25-40%
[92mFinish reason: stop[0m
Usage: In=3340, Out=13844, Total=17184
[91mTest Error (RuntimeError):[0m Traceback (most recent call last):
  File "/home/hyc/miniconda3/envs/sglang/lib/python3.11/site-packages/triton/language/core.py", line 43, in wrapper
    return fn(*args, **kwargs)
           ^^^^^^^^^^^^^^^^^^^
  File "/home/hyc/miniconda3/envs/sglang/lib/python3.11/site-packages/triton/language/core.py", line 1638, in arange
    return _semantic.arange(start, end)
           ^^^^^^^^^^^^^^^^^^^^^^^^^^^^
  File "/home/hyc/miniconda3/envs/sglang/lib/python3.11/site-packages/triton/language/semantic.py", line 574, in arange
    raise ValueError("arange's arguments must be of type tl.constexpr")
ValueError: arange's arguments must be of type tl.constexpr

The above exception was the direct cause of the following exception:

Traceback (most recent call last):
  File "/home/hyc/LLMKernel/utils/compile_and_run.py", line 555, in compare_and_bench
    test_out, _ = _run_once(test_model, inp, dev)
                  ^^^^^^^^^^^^^^^^^^^^^^^^^^^^^^^
  File "/home/hyc/LLMKernel/utils/compile_and_run.py", line 132, in _run_once
    out = model(*inp)
          ^^^^^^^^^^^
  File "/home/hyc/miniconda3/envs/sglang/lib/python3.11/site-packages/torch/nn/modules/module.py", line 1775, in _wrapped_call_impl
    return self._call_impl(*args, **kwargs)
           ^^^^^^^^^^^^^^^^^^^^^^^^^^^^^^^^
  File "/home/hyc/miniconda3/envs/sglang/lib/python3.11/site-packages/torch/nn/modules/module.py", line 1786, in _call_impl
    return forward_call(*args, **kwargs)
           ^^^^^^^^^^^^^^^^^^^^^^^^^^^^^
  File "/home/hyc/LLMKernel/run/20251228_161811_batch_range79to85_openai_deepseek/82_Conv2d_Tanh_Scaling_BiasAdd_Max/code/kernel_20251228_170239.py", line 238, in forward
    return fused_conv_tanh_scale_bias_maxpool(
           ^^^^^^^^^^^^^^^^^^^^^^^^^^^^^^^^^^^
  File "/home/hyc/LLMKernel/run/20251228_161811_batch_range79to85_openai_deepseek/82_Conv2d_Tanh_Scaling_BiasAdd_Max/code/kernel_20251228_170239.py", line 200, in fused_conv_tanh_scale_bias_maxpool
    fused_conv_tanh_scale_bias_maxpool_gemm_kernel[grid](
  File "/home/hyc/miniconda3/envs/sglang/lib/python3.11/site-packages/triton/runtime/jit.py", line 419, in <lambda>
    return lambda *args, **kwargs: self.run(grid=grid, warmup=False, *args, **kwargs)
                                   ^^^^^^^^^^^^^^^^^^^^^^^^^^^^^^^^^^^^^^^^^^^^^^^^^^
  File "/home/hyc/miniconda3/envs/sglang/lib/python3.11/site-packages/triton/runtime/jit.py", line 733, in run
    kernel = self._do_compile(key, signature, device, constexprs, options, attrs, warmup)
             ^^^^^^^^^^^^^^^^^^^^^^^^^^^^^^^^^^^^^^^^^^^^^^^^^^^^^^^^^^^^^^^^^^^^^^^^^^^^
  File "/home/hyc/miniconda3/envs/sglang/lib/python3.11/site-packages/triton/runtime/jit.py", line 861, in _do_compile
    kernel = self.compile(src, target=target, options=options.__dict__)
             ^^^^^^^^^^^^^^^^^^^^^^^^^^^^^^^^^^^^^^^^^^^^^^^^^^^^^^^^^^
  File "/home/hyc/miniconda3/envs/sglang/lib/python3.11/site-packages/triton/compiler/compiler.py", line 300, in compile
    module = src.make_ir(target, options, codegen_fns, module_map, context)
             ^^^^^^^^^^^^^^^^^^^^^^^^^^^^^^^^^^^^^^^^^^^^^^^^^^^^^^^^^^^^^^
  File "/home/hyc/miniconda3/envs/sglang/lib/python3.11/site-packages/triton/compiler/compiler.py", line 80, in make_ir
    return ast_to_ttir(self.fn, self, context=context, options=options, codegen_fns=codegen_fns,
           ^^^^^^^^^^^^^^^^^^^^^^^^^^^^^^^^^^^^^^^^^^^^^^^^^^^^^^^^^^^^^^^^^^^^^^^^^^^^^^^^^^^^^
triton.compiler.errors.CompilationError: at 42:13:
    # Pooled spatial tiles
    P_total = H_pool * W_pool
    offs_p_local = tl.arange(0, BLOCK_P)          # [0..BLOCK_P)
    p_global_block = pid_p * BLOCK_P + offs_p_local  # [BLOCK_P]
    mask_p = p_global_block < P_total

    # Flattened conv positions inside this pooled-tile:
    # Each pooled output has P_inner = POOL_KERNEL*POOL_KERNEL conv positions
    P_inner = POOL_KERNEL * POOL_KERNEL
    S = BLOCK_P * P_inner

    offs_s = tl.arange(0, S)           # [0..S)
             ^
arange's arguments must be of type tl.constexpr

[algorithm_optimized_seed0] failed. See metrics.message for details.
[algorithm_optimized_seed0] metrics saved to: /home/hyc/LLMKernel/run/20251228_161811_batch_range79to85_openai_deepseek/82_Conv2d_Tanh_Scaling_BiasAdd_Max/evaluation/eval_0030.json
[Hybrid] Algorithm-optimized kernel failed, attempting repair...
[92mFinish reason: stop[0m
Usage: In=3891, Out=6438, Total=10329
[91mTest Error (RuntimeError):[0m Traceback (most recent call last):
  File "/home/hyc/miniconda3/envs/sglang/lib/python3.11/site-packages/triton/language/core.py", line 43, in wrapper
    return fn(*args, **kwargs)
           ^^^^^^^^^^^^^^^^^^^
  File "/home/hyc/miniconda3/envs/sglang/lib/python3.11/site-packages/triton/language/core.py", line 1638, in arange
    return _semantic.arange(start, end)
           ^^^^^^^^^^^^^^^^^^^^^^^^^^^^
  File "/home/hyc/miniconda3/envs/sglang/lib/python3.11/site-packages/triton/language/semantic.py", line 574, in arange
    raise ValueError("arange's arguments must be of type tl.constexpr")
ValueError: arange's arguments must be of type tl.constexpr

The above exception was the direct cause of the following exception:

Traceback (most recent call last):
  File "/home/hyc/LLMKernel/utils/compile_and_run.py", line 555, in compare_and_bench
    test_out, _ = _run_once(test_model, inp, dev)
                  ^^^^^^^^^^^^^^^^^^^^^^^^^^^^^^^
  File "/home/hyc/LLMKernel/utils/compile_and_run.py", line 132, in _run_once
    out = model(*inp)
          ^^^^^^^^^^^
  File "/home/hyc/miniconda3/envs/sglang/lib/python3.11/site-packages/torch/nn/modules/module.py", line 1775, in _wrapped_call_impl
    return self._call_impl(*args, **kwargs)
           ^^^^^^^^^^^^^^^^^^^^^^^^^^^^^^^^
  File "/home/hyc/miniconda3/envs/sglang/lib/python3.11/site-packages/torch/nn/modules/module.py", line 1786, in _call_impl
    return forward_call(*args, **kwargs)
           ^^^^^^^^^^^^^^^^^^^^^^^^^^^^^
  File "/home/hyc/LLMKernel/run/20251228_161811_batch_range79to85_openai_deepseek/82_Conv2d_Tanh_Scaling_BiasAdd_Max/code/kernel_20251228_170321.py", line 238, in forward
    return fused_conv_tanh_scale_bias_maxpool(
           ^^^^^^^^^^^^^^^^^^^^^^^^^^^^^^^^^^^
  File "/home/hyc/LLMKernel/run/20251228_161811_batch_range79to85_openai_deepseek/82_Conv2d_Tanh_Scaling_BiasAdd_Max/code/kernel_20251228_170321.py", line 200, in fused_conv_tanh_scale_bias_maxpool
    fused_conv_tanh_scale_bias_maxpool_gemm_kernel[grid](
  File "/home/hyc/miniconda3/envs/sglang/lib/python3.11/site-packages/triton/runtime/jit.py", line 419, in <lambda>
    return lambda *args, **kwargs: self.run(grid=grid, warmup=False, *args, **kwargs)
                                   ^^^^^^^^^^^^^^^^^^^^^^^^^^^^^^^^^^^^^^^^^^^^^^^^^^
  File "/home/hyc/miniconda3/envs/sglang/lib/python3.11/site-packages/triton/runtime/jit.py", line 733, in run
    kernel = self._do_compile(key, signature, device, constexprs, options, attrs, warmup)
             ^^^^^^^^^^^^^^^^^^^^^^^^^^^^^^^^^^^^^^^^^^^^^^^^^^^^^^^^^^^^^^^^^^^^^^^^^^^^
  File "/home/hyc/miniconda3/envs/sglang/lib/python3.11/site-packages/triton/runtime/jit.py", line 861, in _do_compile
    kernel = self.compile(src, target=target, options=options.__dict__)
             ^^^^^^^^^^^^^^^^^^^^^^^^^^^^^^^^^^^^^^^^^^^^^^^^^^^^^^^^^^
  File "/home/hyc/miniconda3/envs/sglang/lib/python3.11/site-packages/triton/compiler/compiler.py", line 300, in compile
    module = src.make_ir(target, options, codegen_fns, module_map, context)
             ^^^^^^^^^^^^^^^^^^^^^^^^^^^^^^^^^^^^^^^^^^^^^^^^^^^^^^^^^^^^^^
  File "/home/hyc/miniconda3/envs/sglang/lib/python3.11/site-packages/triton/compiler/compiler.py", line 80, in make_ir
    return ast_to_ttir(self.fn, self, context=context, options=options, codegen_fns=codegen_fns,
           ^^^^^^^^^^^^^^^^^^^^^^^^^^^^^^^^^^^^^^^^^^^^^^^^^^^^^^^^^^^^^^^^^^^^^^^^^^^^^^^^^^^^^
triton.compiler.errors.CompilationError: at 43:13:
    P_total = H_pool * W_pool
    offs_p_local = tl.arange(0, BLOCK_P)               # [0..BLOCK_P)
    p_global_block = pid_p * BLOCK_P + offs_p_local    # [BLOCK_P]
    mask_p = p_global_block < P_total                  # [BLOCK_P]

    # Flattened conv positions inside this pooled-tile:
    # Each pooled output has P_inner = POOL_KERNEL*POOL_KERNEL conv positions
    P_inner = POOL_KERNEL * POOL_KERNEL
    S_len = BLOCK_P * P_inner

    # S index over [0 .. BLOCK_P * P_inner)
    offs_s = tl.arange(0, BLOCK_P * P_inner)           # [S_len)
             ^
arange's arguments must be of type tl.constexpr

[algorithm_optimized_seed0_repair1] failed. See metrics.message for details.
[algorithm_optimized_seed0_repair1] metrics saved to: /home/hyc/LLMKernel/run/20251228_161811_batch_range79to85_openai_deepseek/82_Conv2d_Tanh_Scaling_BiasAdd_Max/evaluation/eval_0031.json
[Hybrid] âœ— Rescue failed, keeping original seed

[Hybrid] Seed 2: score=2.7164 >= 1.0
[Hybrid] Attempting algorithm analysis for further optimization...
[ncu] Using GPU device 7 (CUDA_VISIBLE_DEVICES=7)
[ncu] running: /usr/local/cuda/bin/ncu --csv --page=raw --target-processes=all --replay-mode=kernel --profile-from-start=on --log-file=/home/hyc/LLMKernel/ncu_temp_3267963.csv --metrics=sm__throughput.avg.pct_of_peak_sustained_elapsed,launch__grid_size,sm__warps_active.avg.pct_of_peak_sustained_active,dram__throughput.avg.pct_of_peak_sustained_elapsed,lts__t_sector_hit_rate.pct,smsp__warp_issue_stalled_memory_dependency_per_warp_active.pct /home/hyc/miniconda3/envs/sglang/bin/python bench_ref_inputs_3267963.py /home/hyc/LLMKernel/KernelBench/tt/82_Conv2d_Tanh_Scaling_BiasAdd_Max.py /home/hyc/LLMKernel/run/20251228_161811_batch_range79to85_openai_deepseek/82_Conv2d_Tanh_Scaling_BiasAdd_Max/code/test_kernel_analysis_seed1.py --repeat 1
[ncu stdout]: [bench] Completed 1 iterations successfully

[ok] CSV written: /home/hyc/LLMKernel/ncu_temp_3267963.csv
[Hybrid] Requesting LLM analysis for seed 2...
[92mFinish reason: stop[0m
Usage: In=3778, Out=738, Total=4516
[Hybrid] Worth optimizing: yes
[Hybrid] Reason: There is still a full extra global read+write of the conv output tensor just to perform max-pooling, which is a classic candidate for fusion.
[Hybrid] Analysis complete for seed 2, generating optimized kernel...
[Hybrid] Bottleneck: The current implementation writes the full (N, OC, OH, OW) activation to DRAM af...
[Hybrid] Optimization: Fuse max-pooling into the conv kernel epilogue so that each thread block compute...
[Hybrid] Expected speedup: 20-30%
[92mFinish reason: stop[0m
Usage: In=4092, Out=11654, Total=15746
[algorithm_optimized_seed1] score=4.0252 (baseline=24.0503ms)
[algorithm_optimized_seed1] metrics saved to: /home/hyc/LLMKernel/run/20251228_161811_batch_range79to85_openai_deepseek/82_Conv2d_Tanh_Scaling_BiasAdd_Max/evaluation/eval_0032.json
[Hybrid] âœ“ Rescue successful: 2.7164 â†’ 4.0252

================================================================================
[Hybrid] Candidate Selection
================================================================================
[Hybrid] Total candidates: 3
  [1] seed 1: 1.1856
  [2] seed 2: 2.7164
  [3] algo-optimized (from seed 1): 4.0252

[Hybrid] â˜… Selected best candidate: score=4.0252

[Optimization] Starting 3-stage optimization...

================================================================================
[Stage 1/3] grid_and_parallel
Description: Optimize grid layout and parallel work distribution across SMs.
Current candidates: 1, best score: 4.0252
================================================================================
[Stage 1] Profiling best candidate...
[ncu] Using GPU device 7 (CUDA_VISIBLE_DEVICES=7)
[ncu] running: /usr/local/cuda/bin/ncu --csv --page=raw --target-processes=all --replay-mode=kernel --profile-from-start=on --log-file=/home/hyc/LLMKernel/ncu_temp_3267963.csv --metrics=sm__throughput.avg.pct_of_peak_sustained_elapsed,launch__grid_size,sm__warps_active.avg.pct_of_peak_sustained_active,dram__throughput.avg.pct_of_peak_sustained_elapsed,lts__t_sector_hit_rate.pct,smsp__warp_issue_stalled_memory_dependency_per_warp_active.pct /home/hyc/miniconda3/envs/sglang/bin/python bench_ref_inputs_3267963.py /home/hyc/LLMKernel/KernelBench/tt/82_Conv2d_Tanh_Scaling_BiasAdd_Max.py /home/hyc/LLMKernel/run/20251228_161811_batch_range79to85_openai_deepseek/82_Conv2d_Tanh_Scaling_BiasAdd_Max/code/test_kernel_analysis_seed1.py --repeat 1
[ncu stdout]: [bench] Completed 1 iterations successfully

[ok] CSV written: /home/hyc/LLMKernel/ncu_temp_3267963.csv
[Stage 1] Generating optimized kernel...
[92mFinish reason: stop[0m
Usage: In=2908, Out=8172, Total=11080
[stage1_grid_and_parallel] score=6.6477 (baseline=24.0503ms)
[stage1_grid_and_parallel] metrics saved to: /home/hyc/LLMKernel/run/20251228_161811_batch_range79to85_openai_deepseek/82_Conv2d_Tanh_Scaling_BiasAdd_Max/evaluation/eval_0033.json
  Optimized kernel score: 6.6477 âœ“
[Stage 1] â˜… New best score: 6.6477

================================================================================
[Stage 2/3] block_tiling
Description: Tune BLOCK_M/N/K sizes for optimal register/memory balance.
Current candidates: 1, best score: 6.6477
================================================================================
[Stage 2] Profiling best candidate...
[ncu] Using GPU device 7 (CUDA_VISIBLE_DEVICES=7)
[ncu] running: /usr/local/cuda/bin/ncu --csv --page=raw --target-processes=all --replay-mode=kernel --profile-from-start=on --log-file=/home/hyc/LLMKernel/ncu_temp_3267963.csv --metrics=sm__throughput.avg.pct_of_peak_sustained_elapsed,launch__grid_size,sm__warps_active.avg.pct_of_peak_sustained_active,dram__throughput.avg.pct_of_peak_sustained_elapsed,lts__t_sector_hit_rate.pct,smsp__warp_issue_stalled_memory_dependency_per_warp_active.pct /home/hyc/miniconda3/envs/sglang/bin/python bench_ref_inputs_3267963.py /home/hyc/LLMKernel/KernelBench/tt/82_Conv2d_Tanh_Scaling_BiasAdd_Max.py /home/hyc/LLMKernel/run/20251228_161811_batch_range79to85_openai_deepseek/82_Conv2d_Tanh_Scaling_BiasAdd_Max/code/test_kernel_analysis_seed1.py --repeat 1
[ncu stdout]: [bench] Completed 1 iterations successfully

[ok] CSV written: /home/hyc/LLMKernel/ncu_temp_3267963.csv
[Stage 2] Generating optimized kernel...
[92mFinish reason: stop[0m
Usage: In=3333, Out=8674, Total=12007
[stage2_block_tiling] score=6.6440 (baseline=24.0503ms)
[stage2_block_tiling] metrics saved to: /home/hyc/LLMKernel/run/20251228_161811_batch_range79to85_openai_deepseek/82_Conv2d_Tanh_Scaling_BiasAdd_Max/evaluation/eval_0034.json
  Optimized kernel score: 6.6440 âœ“
[Stage 2] Current: 6.6440 (global best: 6.6477)

================================================================================
[Stage 3/3] memory_and_tuning
Description: Optimize memory access patterns and fine-tune num_stages/num_warps.
Current candidates: 1, best score: 6.6477
================================================================================
[Stage 3] Profiling best candidate...
[ncu] Using GPU device 7 (CUDA_VISIBLE_DEVICES=7)
[ncu] running: /usr/local/cuda/bin/ncu --csv --page=raw --target-processes=all --replay-mode=kernel --profile-from-start=on --log-file=/home/hyc/LLMKernel/ncu_temp_3267963.csv --metrics=sm__throughput.avg.pct_of_peak_sustained_elapsed,launch__grid_size,sm__warps_active.avg.pct_of_peak_sustained_active,dram__throughput.avg.pct_of_peak_sustained_elapsed,lts__t_sector_hit_rate.pct,smsp__warp_issue_stalled_memory_dependency_per_warp_active.pct /home/hyc/miniconda3/envs/sglang/bin/python bench_ref_inputs_3267963.py /home/hyc/LLMKernel/KernelBench/tt/82_Conv2d_Tanh_Scaling_BiasAdd_Max.py /home/hyc/LLMKernel/run/20251228_161811_batch_range79to85_openai_deepseek/82_Conv2d_Tanh_Scaling_BiasAdd_Max/code/test_kernel_analysis_seed1.py --repeat 1
[ncu stdout]: [bench] Completed 1 iterations successfully

[ok] CSV written: /home/hyc/LLMKernel/ncu_temp_3267963.csv
[Stage 3] Generating optimized kernel...
[92mFinish reason: stop[0m
Usage: In=3553, Out=8920, Total=12473
[stage3_memory_and_tuning] score=7.2909 (baseline=24.0503ms)
[stage3_memory_and_tuning] metrics saved to: /home/hyc/LLMKernel/run/20251228_161811_batch_range79to85_openai_deepseek/82_Conv2d_Tanh_Scaling_BiasAdd_Max/evaluation/eval_0035.json
  Optimized kernel score: 7.2909 âœ“
[Stage 3] â˜… New best score: 7.2909
[82_Conv2d_Tanh_Scaling_BiasAdd_Max.py] Figure saved to: /home/hyc/LLMKernel/run/20251228_161811_batch_range79to85_openai_deepseek/82_Conv2d_Tanh_Scaling_BiasAdd_Max/figures/82_Conv2d_Tanh_Scaling_BiasAdd_Max_score.png
