{
  "runnable": false,
  "phase": "seed_repair",
  "error_type": "RuntimeError",
  "message": "Traceback (most recent call last):\n  File \"/home/hyc/LLMKernel/utils/compile_and_run.py\", line 538, in compare_and_bench\n    test_out, _ = _run_once(test_model, inp, dev)\n                  ^^^^^^^^^^^^^^^^^^^^^^^^^^^^^^^\n  File \"/home/hyc/LLMKernel/utils/compile_and_run.py\", line 132, in _run_once\n    out = model(*inp)\n          ^^^^^^^^^^^\n  File \"/home/hyc/miniconda3/envs/sglang/lib/python3.11/site-packages/torch/nn/modules/module.py\", line 1751, in _wrapped_call_impl\n    return self._call_impl(*args, **kwargs)\n           ^^^^^^^^^^^^^^^^^^^^^^^^^^^^^^^^\n  File \"/home/hyc/miniconda3/envs/sglang/lib/python3.11/site-packages/torch/nn/modules/module.py\", line 1762, in _call_impl\n    return forward_call(*args, **kwargs)\n           ^^^^^^^^^^^^^^^^^^^^^^^^^^^^^\n  File \"/home/hyc/LLMKernel/run/20251214_114735_batch_range56to80_deepseek_deepseek/61_ConvTranspose3d_ReLU_GroupNorm/code/kernel_20251214_154910.py\", line 251, in forward\n    x = fused_relu_group_norm(x, self.weight, self.bias, self.groups)\n        ^^^^^^^^^^^^^^^^^^^^^^^^^^^^^^^^^^^^^^^^^^^^^^^^^^^^^^^^^^^^^\n  File \"/home/hyc/LLMKernel/run/20251214_114735_batch_range56to80_deepseek_deepseek/61_ConvTranspose3d_ReLU_GroupNorm/code/kernel_20251214_154910.py\", line 199, in fused_relu_group_norm\n    fused_relu_group_norm_kernel[grid](\n  File \"/home/hyc/miniconda3/envs/sglang/lib/python3.11/site-packages/triton/runtime/jit.py\", line 347, in <lambda>\n    return lambda *args, **kwargs: self.run(grid=grid, warmup=False, *args, **kwargs)\n                                   ^^^^^^^^^^^^^^^^^^^^^^^^^^^^^^^^^^^^^^^^^^^^^^^^^^\n  File \"/home/hyc/miniconda3/envs/sglang/lib/python3.11/site-packages/triton/runtime/jit.py\", line 569, in run\n    kernel = self.compile(src, target=target, options=options.__dict__)\n             ^^^^^^^^^^^^^^^^^^^^^^^^^^^^^^^^^^^^^^^^^^^^^^^^^^^^^^^^^^\n  File \"/home/hyc/miniconda3/envs/sglang/lib/python3.11/site-packages/triton/compiler/compiler.py\", line 278, in compile\n    module = src.make_ir(options, codegen_fns, module_map, context)\n             ^^^^^^^^^^^^^^^^^^^^^^^^^^^^^^^^^^^^^^^^^^^^^^^^^^^^^^\n  File \"/home/hyc/miniconda3/envs/sglang/lib/python3.11/site-packages/triton/compiler/compiler.py\", line 81, in make_ir\n    return ast_to_ttir(self.fn, self, context=context, options=options, codegen_fns=codegen_fns,\n           ^^^^^^^^^^^^^^^^^^^^^^^^^^^^^^^^^^^^^^^^^^^^^^^^^^^^^^^^^^^^^^^^^^^^^^^^^^^^^^^^^^^^^\ntriton.compiler.errors.CompilationError: at 55:12:\n        c = c_offset + c_idx\n\n        # Loop over spatial elements in this group\n        for dhw_offset in range(0, GROUP_SIZE_DHW, BLOCK_D * BLOCK_H * BLOCK_W):\n            # Calculate spatial index within group\n            dhw_idx = tl.arange(0, BLOCK_D * BLOCK_H * BLOCK_W)\n            global_dhw = group_id * GROUP_SIZE_DHW + dhw_offset + dhw_idx\n\n            # Mask for valid dhw_offset\n            dhw_offset_mask = dhw_offset < GROUP_SIZE_DHW\n\n            if dhw_offset_mask:\n            ^\nAssertionError('initial value for `count` is of type int32[], but the then block redefines it as fp32[]')\n"
}