[Seed] Generating seed kernel...
[Seed 1/2] Generating...
[92mFinish reason: stop[0m
Usage: In=2269, Out=11965, Total=14234
[91mTest Error (RuntimeError):[0m Traceback (most recent call last):
  File "/home/hyc/LLMKernel/utils/compile_and_run.py", line 555, in compare_and_bench
    test_out, _ = _run_once(test_model, inp, dev)
                  ^^^^^^^^^^^^^^^^^^^^^^^^^^^^^^^
  File "/home/hyc/LLMKernel/utils/compile_and_run.py", line 132, in _run_once
    out = model(*inp)
          ^^^^^^^^^^^
  File "/home/hyc/miniconda3/envs/sglang/lib/python3.11/site-packages/torch/nn/modules/module.py", line 1775, in _wrapped_call_impl
    return self._call_impl(*args, **kwargs)
           ^^^^^^^^^^^^^^^^^^^^^^^^^^^^^^^^
  File "/home/hyc/miniconda3/envs/sglang/lib/python3.11/site-packages/torch/nn/modules/module.py", line 1786, in _call_impl
    return forward_call(*args, **kwargs)
           ^^^^^^^^^^^^^^^^^^^^^^^^^^^^^
  File "/home/hyc/LLMKernel/run/20251228_085453_batch_range11to24_openai_deepseek/11_VGG16/code/kernel_20251228_085611.py", line 443, in forward
    x = conv3x3_bias_relu(x, self.features[0])   # Conv 1_1 + ReLU
        ^^^^^^^^^^^^^^^^^^^^^^^^^^^^^^^^^^^^^^
  File "/home/hyc/LLMKernel/run/20251228_085453_batch_range11to24_openai_deepseek/11_VGG16/code/kernel_20251228_085611.py", line 283, in conv3x3_bias_relu
    conv3x3_bias_relu_kernel[grid](
  File "/home/hyc/miniconda3/envs/sglang/lib/python3.11/site-packages/triton/runtime/jit.py", line 419, in <lambda>
    return lambda *args, **kwargs: self.run(grid=grid, warmup=False, *args, **kwargs)
                                   ^^^^^^^^^^^^^^^^^^^^^^^^^^^^^^^^^^^^^^^^^^^^^^^^^^
  File "/home/hyc/miniconda3/envs/sglang/lib/python3.11/site-packages/triton/runtime/jit.py", line 733, in run
    kernel = self._do_compile(key, signature, device, constexprs, options, attrs, warmup)
             ^^^^^^^^^^^^^^^^^^^^^^^^^^^^^^^^^^^^^^^^^^^^^^^^^^^^^^^^^^^^^^^^^^^^^^^^^^^^
  File "/home/hyc/miniconda3/envs/sglang/lib/python3.11/site-packages/triton/runtime/jit.py", line 861, in _do_compile
    kernel = self.compile(src, target=target, options=options.__dict__)
             ^^^^^^^^^^^^^^^^^^^^^^^^^^^^^^^^^^^^^^^^^^^^^^^^^^^^^^^^^^
  File "/home/hyc/miniconda3/envs/sglang/lib/python3.11/site-packages/triton/compiler/compiler.py", line 300, in compile
    module = src.make_ir(target, options, codegen_fns, module_map, context)
             ^^^^^^^^^^^^^^^^^^^^^^^^^^^^^^^^^^^^^^^^^^^^^^^^^^^^^^^^^^^^^^
  File "/home/hyc/miniconda3/envs/sglang/lib/python3.11/site-packages/triton/compiler/compiler.py", line 80, in make_ir
    return ast_to_ttir(self.fn, self, context=context, options=options, codegen_fns=codegen_fns,
           ^^^^^^^^^^^^^^^^^^^^^^^^^^^^^^^^^^^^^^^^^^^^^^^^^^^^^^^^^^^^^^^^^^^^^^^^^^^^^^^^^^^^^
triton.compiler.errors.CompilationError: at 26:12:
    pid_n = tl.program_id(1)

    # Flattened output spatial/batch index (M = N*H*W)
    offs_m = pid_m * BLOCK_M + tl.arange(0, BLOCK_M)
    offs_n = pid_n * BLOCK_N + tl.arange(0, BLOCK_N)

    M = N * H * W
    K_total = Cin * 9

    # Compute (n, h, w) from flattened offs_m
    hw_size = H * W
    n_idx = tl.floor_divide(offs_m, hw_size)
            ^
AttributeError("module 'triton.language' has no attribute 'floor_divide'")

[seed_0] failed. See metrics.message for details.
[seed_0] metrics saved to: /home/hyc/LLMKernel/run/20251228_085453_batch_range11to24_openai_deepseek/11_VGG16/evaluation/eval_0000.json
[Seed 1] Failed, attempting repair...
[92mFinish reason: stop[0m
Usage: In=5606, Out=6809, Total=12415
[seed_0_repair_1] score=0.6534 (baseline=7.7064ms)
[seed_0_repair_1] metrics saved to: /home/hyc/LLMKernel/run/20251228_085453_batch_range11to24_openai_deepseek/11_VGG16/evaluation/eval_0001.json
[Seed 1 Repair] Score: 0.6534 âœ“
[Seed 1] Final score: 0.6534 âœ“
[Seed 2/2] Generating...
[92mFinish reason: stop[0m
Usage: In=2269, Out=6521, Total=8790
[seed_1] score=0.6553 (baseline=7.7209ms)
[seed_1] metrics saved to: /home/hyc/LLMKernel/run/20251228_085453_batch_range11to24_openai_deepseek/11_VGG16/evaluation/eval_0002.json
[Seed 2] Final score: 0.6553 âœ“

================================================================================
[Hybrid Strategy] Analyzing all seeds for algorithmic optimization...
[Hybrid Strategy] - 2 seed(s) with score < 1.0 (rescue)
================================================================================

[Hybrid] Seed 1: score=0.6534 < 1.0
[Hybrid] Attempting algorithm analysis rescue...
[Hybrid] Requesting LLM analysis for seed 1...
[92mFinish reason: stop[0m
Usage: In=5801, Out=1694, Total=7495
[Hybrid] Worth optimizing: yes
[Hybrid] Reason: The custom Triton implementation is ~50% slower than the PyTorch/cuDNN baseline, so there is clear headroom from using a more efficient convolution algorithm.
[Hybrid] Analysis complete for seed 1, generating optimized kernel...
[Hybrid] Bottleneck: All 3x3 stride-1 convolutions use a straightforward direct-convolution/GEMM-styl...
[Hybrid] Optimization: Replace the direct 3x3 convolution in conv3x3_bias_relu with a Winograd algorith...
[Hybrid] Expected speedup: 30-50% reduction in convolution time (roughly 1.3-1.5x overall speedup vs the current Triton implementation, with potential to exceed the PyTorch baseline on VGG16).
[92mFinish reason: stop[0m
Usage: In=6224, Out=25447, Total=31671
[91mTest Error (RuntimeError):[0m Traceback (most recent call last):
  File "/home/hyc/miniconda3/envs/sglang/lib/python3.11/site-packages/triton/language/core.py", line 43, in wrapper
    return fn(*args, **kwargs)
           ^^^^^^^^^^^^^^^^^^^
  File "/home/hyc/miniconda3/envs/sglang/lib/python3.11/site-packages/triton/language/core.py", line 1101, in __getitem__
    raise ValueError(f"unsupported tensor index: {sl}")
ValueError: unsupported tensor index: constexpr[0]

The above exception was the direct cause of the following exception:

Traceback (most recent call last):
  File "/home/hyc/LLMKernel/utils/compile_and_run.py", line 555, in compare_and_bench
    test_out, _ = _run_once(test_model, inp, dev)
                  ^^^^^^^^^^^^^^^^^^^^^^^^^^^^^^^
  File "/home/hyc/LLMKernel/utils/compile_and_run.py", line 132, in _run_once
    out = model(*inp)
          ^^^^^^^^^^^
  File "/home/hyc/miniconda3/envs/sglang/lib/python3.11/site-packages/torch/nn/modules/module.py", line 1775, in _wrapped_call_impl
    return self._call_impl(*args, **kwargs)
           ^^^^^^^^^^^^^^^^^^^^^^^^^^^^^^^^
  File "/home/hyc/miniconda3/envs/sglang/lib/python3.11/site-packages/torch/nn/modules/module.py", line 1786, in _call_impl
    return forward_call(*args, **kwargs)
           ^^^^^^^^^^^^^^^^^^^^^^^^^^^^^
  File "/home/hyc/LLMKernel/run/20251228_085453_batch_range11to24_openai_deepseek/11_VGG16/code/kernel_20251228_090102.py", line 621, in forward
    x = conv3x3_bias_relu(x, self.features[0])   # Conv 1_1 + ReLU
        ^^^^^^^^^^^^^^^^^^^^^^^^^^^^^^^^^^^^^^
  File "/home/hyc/LLMKernel/run/20251228_085453_batch_range11to24_openai_deepseek/11_VGG16/code/kernel_20251228_090102.py", line 460, in conv3x3_bias_relu
    winograd_f2k3_conv3x3_bias_relu_kernel[grid](
  File "/home/hyc/miniconda3/envs/sglang/lib/python3.11/site-packages/triton/runtime/jit.py", line 419, in <lambda>
    return lambda *args, **kwargs: self.run(grid=grid, warmup=False, *args, **kwargs)
                                   ^^^^^^^^^^^^^^^^^^^^^^^^^^^^^^^^^^^^^^^^^^^^^^^^^^
  File "/home/hyc/miniconda3/envs/sglang/lib/python3.11/site-packages/triton/runtime/jit.py", line 733, in run
    kernel = self._do_compile(key, signature, device, constexprs, options, attrs, warmup)
             ^^^^^^^^^^^^^^^^^^^^^^^^^^^^^^^^^^^^^^^^^^^^^^^^^^^^^^^^^^^^^^^^^^^^^^^^^^^^
  File "/home/hyc/miniconda3/envs/sglang/lib/python3.11/site-packages/triton/runtime/jit.py", line 861, in _do_compile
    kernel = self.compile(src, target=target, options=options.__dict__)
             ^^^^^^^^^^^^^^^^^^^^^^^^^^^^^^^^^^^^^^^^^^^^^^^^^^^^^^^^^^
  File "/home/hyc/miniconda3/envs/sglang/lib/python3.11/site-packages/triton/compiler/compiler.py", line 300, in compile
    module = src.make_ir(target, options, codegen_fns, module_map, context)
             ^^^^^^^^^^^^^^^^^^^^^^^^^^^^^^^^^^^^^^^^^^^^^^^^^^^^^^^^^^^^^^
  File "/home/hyc/miniconda3/envs/sglang/lib/python3.11/site-packages/triton/compiler/compiler.py", line 80, in make_ir
    return ast_to_ttir(self.fn, self, context=context, options=options, codegen_fns=codegen_fns,
           ^^^^^^^^^^^^^^^^^^^^^^^^^^^^^^^^^^^^^^^^^^^^^^^^^^^^^^^^^^^^^^^^^^^^^^^^^^^^^^^^^^^^^
triton.compiler.errors.CompilationError: at 72:17:
            patch = tl.load(x_ptrs, mask=mask_in, other=0.0)  # [4,4]

            # ---- Winograd input transform: D = B^T * d * B ----
            # Using standard F(2x2,3x3) B matrix:
            # B^T = [[1, 0, -1, 0],
            #        [0, 1,  1, 0],
            #        [0,-1,  1, 0],
            #        [0, 1,  0,-1]]
            # Implement as: temp = B^T * d; D = temp * B

            # Rows of d
            d0 = patch[0, :]
                 ^
unsupported tensor index: constexpr[0]

[algorithm_optimized_seed0] failed. See metrics.message for details.
[algorithm_optimized_seed0] metrics saved to: /home/hyc/LLMKernel/run/20251228_085453_batch_range11to24_openai_deepseek/11_VGG16/evaluation/eval_0003.json
[Hybrid] Algorithm-optimized kernel failed, attempting repair...
[92mFinish reason: stop[0m
Usage: In=8572, Out=11488, Total=20060
[algorithm_optimized_seed0_repair1] score=0.0081 (baseline=7.7209ms)
[algorithm_optimized_seed0_repair1] metrics saved to: /home/hyc/LLMKernel/run/20251228_085453_batch_range11to24_openai_deepseek/11_VGG16/evaluation/eval_0004.json
[Hybrid] âœ“ Repair successful for algorithm-optimized seed 1
[Hybrid] âœ“ Rescue successful: 0.6534 â†’ 0.0081

[Hybrid] Seed 2: score=0.6553 < 1.0
[Hybrid] Attempting algorithm analysis rescue...
[Hybrid] Requesting LLM analysis for seed 2...
[92mFinish reason: stop[0m
Usage: In=3321, Out=2198, Total=5519
[Hybrid] Worth optimizing: yes
[Hybrid] Reason: The Triton model is ~50% slower than the PyTorch baseline, and a significant part of the overhead comes from avoidable data layout conversions around the GEMM.
[Hybrid] Analysis complete for seed 2, generating optimized kernel...
[Hybrid] Bottleneck: Each fused_linear call performs weight.t().contiguous() to create a [K, N] matri...
[Hybrid] Optimization: Apply a memory-layout-aware algorithm: remove runtime weight transposition by mo...
[Hybrid] Expected speedup: 15-25% on the classifier path, translating to roughly 5-15% end-to-end, depending on how much time the model spends in the fully-connected layers vs convolutions.
[92mFinish reason: stop[0m
Usage: In=3551, Out=3323, Total=6874
[algorithm_optimized_seed1] score=0.8633 (baseline=7.7209ms)
[algorithm_optimized_seed1] metrics saved to: /home/hyc/LLMKernel/run/20251228_085453_batch_range11to24_openai_deepseek/11_VGG16/evaluation/eval_0005.json
[Hybrid] âœ“ Rescue successful: 0.6553 â†’ 0.8633

================================================================================
[Hybrid] Candidate Selection
================================================================================
[Hybrid] Total candidates: 4
  [1] seed 1: 0.6534
  [2] seed 2: 0.6553
  [3] algo-optimized (from seed 1): 0.0081
  [4] algo-optimized (from seed 2): 0.8633

[Hybrid] â˜… Selected best candidate: score=0.8633

[Optimization] Starting 3-stage optimization...

================================================================================
[Stage 1/3] grid_and_parallel
Description: Optimize grid layout and parallel work distribution across SMs.
Current candidates: 1, best score: 0.8633
================================================================================
[Stage 1] Profiling best candidate...
[Stage 1] Generating optimized kernel...
[92mFinish reason: stop[0m
Usage: In=2603, Out=7527, Total=10130
[stage1_grid_and_parallel] score=1.0642 (baseline=7.7209ms)
[stage1_grid_and_parallel] metrics saved to: /home/hyc/LLMKernel/run/20251228_085453_batch_range11to24_openai_deepseek/11_VGG16/evaluation/eval_0006.json
  Optimized kernel score: 1.0642 âœ“
[Stage 1] â˜… New best score: 1.0642

================================================================================
[Stage 2/3] block_tiling
Description: Tune BLOCK_M/N/K sizes for optimal register/memory balance.
Current candidates: 1, best score: 1.0642
================================================================================
[Stage 2] Profiling best candidate...
[Stage 2] Generating optimized kernel...
[92mFinish reason: stop[0m
Usage: In=3038, Out=4622, Total=7660
[stage2_block_tiling] score=1.0351 (baseline=7.7209ms)
[stage2_block_tiling] metrics saved to: /home/hyc/LLMKernel/run/20251228_085453_batch_range11to24_openai_deepseek/11_VGG16/evaluation/eval_0007.json
  Optimized kernel score: 1.0351 âœ“
[Stage 2] Current: 1.0351 (global best: 1.0642)

================================================================================
[Stage 3/3] memory_and_tuning
Description: Optimize memory access patterns and fine-tune num_stages/num_warps.
Current candidates: 1, best score: 1.0642
================================================================================
[Stage 3] Profiling best candidate...
[Stage 3] Generating optimized kernel...
[92mFinish reason: stop[0m
Usage: In=3112, Out=4438, Total=7550
[stage3_memory_and_tuning] score=1.0682 (baseline=7.7209ms)
[stage3_memory_and_tuning] metrics saved to: /home/hyc/LLMKernel/run/20251228_085453_batch_range11to24_openai_deepseek/11_VGG16/evaluation/eval_0008.json
  Optimized kernel score: 1.0682 âœ“
[Stage 3] â˜… New best score: 1.0682
[11_VGG16.py] Figure saved to: /home/hyc/LLMKernel/run/20251228_085453_batch_range11to24_openai_deepseek/11_VGG16/figures/11_VGG16_score.png
