{
  "runnable": false,
  "phase": "seed",
  "error_type": "RuntimeError",
  "message": "Traceback (most recent call last):\n  File \"/home/hyc/miniconda3/envs/sglang/lib/python3.11/site-packages/triton/language/core.py\", line 34, in wrapper\n    return fn(*args, **kwargs)\n           ^^^^^^^^^^^^^^^^^^^\n  File \"/home/hyc/miniconda3/envs/sglang/lib/python3.11/site-packages/triton/language/core.py\", line 1490, in full\n    shape = _shape_check_impl(shape)\n            ^^^^^^^^^^^^^^^^^^^^^^^^\n  File \"/home/hyc/miniconda3/envs/sglang/lib/python3.11/site-packages/triton/language/core.py\", line 1474, in _shape_check_impl\n    validate_block_shape(shape)\n  File \"/home/hyc/miniconda3/envs/sglang/lib/python3.11/site-packages/triton/language/_utils.py\", line 14, in validate_block_shape\n    raise TypeError(f\"Shape element {i} must have type `constexpr[int]`, got `constexpr[{type(d)}]\")\nTypeError: Shape element 0 must have type `constexpr[int]`, got `constexpr[<class 'triton.language.core.tensor'>]\n\nThe above exception was the direct cause of the following exception:\n\ntriton.compiler.errors.CompilationError: at 10:11:\ndef zeros(shape, dtype):\n    \"\"\"\n    Returns a tensor filled with the scalar value 0 for the given :code:`shape` and :code:`dtype`.\n\n    :param shape: Shape of the new array, e.g., (8, 16) or (8, )\n    :type shape: tuple of ints\n    :param dtype: Data-type of the new array, e.g., :code:`tl.float16`\n    :type dtype: DType\n    \"\"\"\n    return core.full(shape, 0, dtype)\n           ^\n\nThe above exception was the direct cause of the following exception:\n\nTraceback (most recent call last):\n  File \"/home/hyc/LLMKernel/utils/compile_and_run.py\", line 535, in compare_and_bench\n    test_out, _ = _run_once(test_model, inp, dev)\n                  ^^^^^^^^^^^^^^^^^^^^^^^^^^^^^^^\n  File \"/home/hyc/LLMKernel/utils/compile_and_run.py\", line 132, in _run_once\n    out = model(*inp)\n          ^^^^^^^^^^^\n  File \"/home/hyc/miniconda3/envs/sglang/lib/python3.11/site-packages/torch/nn/modules/module.py\", line 1751, in _wrapped_call_impl\n    return self._call_impl(*args, **kwargs)\n           ^^^^^^^^^^^^^^^^^^^^^^^^^^^^^^^^\n  File \"/home/hyc/miniconda3/envs/sglang/lib/python3.11/site-packages/torch/nn/modules/module.py\", line 1762, in _call_impl\n    return forward_call(*args, **kwargs)\n           ^^^^^^^^^^^^^^^^^^^^^^^^^^^^^\n  File \"/home/hyc/LLMKernel/run/20251212_170115_batch_range70to100_deepseek_deepseek/99_TripletMarginLoss/code/kernel_20251213_033051.py\", line 238, in forward\n    return triton_triplet_margin_loss(anchor, positive, negative, self.margin)\n           ^^^^^^^^^^^^^^^^^^^^^^^^^^^^^^^^^^^^^^^^^^^^^^^^^^^^^^^^^^^^^^^^^^^\n  File \"/home/hyc/LLMKernel/run/20251212_170115_batch_range70to100_deepseek_deepseek/99_TripletMarginLoss/code/kernel_20251213_033051.py\", line 211, in triton_triplet_margin_loss\n    triplet_margin_loss_kernel_optimized[grid](\n  File \"/home/hyc/miniconda3/envs/sglang/lib/python3.11/site-packages/triton/runtime/jit.py\", line 347, in <lambda>\n    return lambda *args, **kwargs: self.run(grid=grid, warmup=False, *args, **kwargs)\n                                   ^^^^^^^^^^^^^^^^^^^^^^^^^^^^^^^^^^^^^^^^^^^^^^^^^^\n  File \"/home/hyc/miniconda3/envs/sglang/lib/python3.11/site-packages/triton/runtime/jit.py\", line 569, in run\n    kernel = self.compile(src, target=target, options=options.__dict__)\n             ^^^^^^^^^^^^^^^^^^^^^^^^^^^^^^^^^^^^^^^^^^^^^^^^^^^^^^^^^^\n  File \"/home/hyc/miniconda3/envs/sglang/lib/python3.11/site-packages/triton/compiler/compiler.py\", line 278, in compile\n    module = src.make_ir(options, codegen_fns, module_map, context)\n             ^^^^^^^^^^^^^^^^^^^^^^^^^^^^^^^^^^^^^^^^^^^^^^^^^^^^^^\n  File \"/home/hyc/miniconda3/envs/sglang/lib/python3.11/site-packages/triton/compiler/compiler.py\", line 81, in make_ir\n    return ast_to_ttir(self.fn, self, context=context, options=options, codegen_fns=codegen_fns,\n           ^^^^^^^^^^^^^^^^^^^^^^^^^^^^^^^^^^^^^^^^^^^^^^^^^^^^^^^^^^^^^^^^^^^^^^^^^^^^^^^^^^^^^\ntriton.compiler.errors.CompilationError: at 50:12:\n    neg_diff = anchor - negative\n    pos_sq = pos_diff * pos_diff\n    neg_sq = neg_diff * neg_diff\n\n    # Reduce within block\n    pos_sum = tl.sum(pos_sq)\n    neg_sum = tl.sum(neg_sq)\n\n    # Use shared memory for per-sample accumulation\n    # Each sample gets 2 slots: pos_sum, neg_sum\n    shmem_size = BLOCK_SIZE_BATCH * 2\n    shmem = tl.zeros((shmem_size,), tl.float32)\n            ^\n"
}