[Seed] Generating seed kernel...
[Seed 1/2] Generating...
[92mFinish reason: stop[0m
Usage: In=1709, Out=9637, Total=11346
[seed_0] score=1.0910 (baseline=6.9353ms)
[seed_0] metrics saved to: /home/hyc/LLMKernel/run/20251229_022911_batch_range41to51_openai_deepseek/48_Conv3d_Scaling_Tanh_Multiply_Sigmoid/evaluation/eval_0009.json
[Seed 1] Final score: 1.0910 âœ“
[Seed 2/2] Generating...
[92mFinish reason: stop[0m
Usage: In=1709, Out=10118, Total=11827
[91mTest Error (CompilationError):[0m invalid syntax (kernel_20251229_024344.py, line 39)
[seed_1] failed. See metrics.message for details.
[seed_1] metrics saved to: /home/hyc/LLMKernel/run/20251229_022911_batch_range41to51_openai_deepseek/48_Conv3d_Scaling_Tanh_Multiply_Sigmoid/evaluation/eval_0010.json
[Seed 2] Failed, attempting repair...
[92mFinish reason: stop[0m
Usage: In=2710, Out=5572, Total=8282
[seed_1_repair_1] score=1.3740 (baseline=6.9353ms)
[seed_1_repair_1] metrics saved to: /home/hyc/LLMKernel/run/20251229_022911_batch_range41to51_openai_deepseek/48_Conv3d_Scaling_Tanh_Multiply_Sigmoid/evaluation/eval_0011.json
[Seed 2 Repair] Score: 1.3740 âœ“
[Seed 2] Final score: 1.3740 âœ“

================================================================================
[Hybrid Strategy] Analyzing all seeds for algorithmic optimization...
[Hybrid Strategy] - 2 seed(s) with score >= 1.0 (further optimization)
================================================================================

[Hybrid] Seed 1: score=1.0910 >= 1.0
[Hybrid] Attempting algorithm analysis for further optimization...
[ncu] Using GPU device 1 (CUDA_VISIBLE_DEVICES=1)
[ncu] running: /usr/local/cuda/bin/ncu --csv --page=raw --target-processes=all --replay-mode=kernel --profile-from-start=on --log-file=/home/hyc/LLMKernel/ncu_temp_3554571.csv --metrics=sm__throughput.avg.pct_of_peak_sustained_elapsed,launch__grid_size,sm__warps_active.avg.pct_of_peak_sustained_active,dram__throughput.avg.pct_of_peak_sustained_elapsed,lts__t_sector_hit_rate.pct,smsp__warp_issue_stalled_memory_dependency_per_warp_active.pct /home/hyc/miniconda3/envs/sglang/bin/python bench_ref_inputs_3554571.py /home/hyc/LLMKernel/KernelBench/t/48_Conv3d_Scaling_Tanh_Multiply_Sigmoid.py /home/hyc/LLMKernel/run/20251229_022911_batch_range41to51_openai_deepseek/48_Conv3d_Scaling_Tanh_Multiply_Sigmoid/code/test_kernel_analysis_seed0.py --repeat 1
[ncu stdout]: [bench] Completed 1 iterations successfully

[ok] CSV written: /home/hyc/LLMKernel/ncu_temp_3554571.csv
[Hybrid] Requesting LLM analysis for seed 1...
[92mFinish reason: stop[0m
Usage: In=2595, Out=3972, Total=6567
[Hybrid] Worth optimizing: yes
[Hybrid] Reason: The fused kernel performs two expensive transcendental activations (tanh and sigmoid) per output element, which likely dominate runtime given the relatively small 3Ã—3Ã—3 convolution and make the kernel SFU/compute-bound rather than purely memory-bound.
[Hybrid] Analysis complete for seed 1, generating optimized kernel...
[Hybrid] Bottleneck: Both tanh and sigmoid are implemented via exponentials (`tl.exp`), so each outpu...
[Hybrid] Optimization: Replace the exact exp-based tanh and sigmoid with fast polynomial or rational ap...
[Hybrid] Expected speedup: 20-40%
[92mFinish reason: stop[0m
Usage: In=2878, Out=6117, Total=8995
[algorithm_optimized_seed0] score=1.1480 (baseline=6.9353ms)
[algorithm_optimized_seed0] metrics saved to: /home/hyc/LLMKernel/run/20251229_022911_batch_range41to51_openai_deepseek/48_Conv3d_Scaling_Tanh_Multiply_Sigmoid/evaluation/eval_0012.json
[Hybrid] âœ“ Rescue successful: 1.0910 â†’ 1.1480

[Hybrid] Seed 2: score=1.3740 >= 1.0
[Hybrid] Attempting algorithm analysis for further optimization...
[ncu] Using GPU device 1 (CUDA_VISIBLE_DEVICES=1)
[ncu] running: /usr/local/cuda/bin/ncu --csv --page=raw --target-processes=all --replay-mode=kernel --profile-from-start=on --log-file=/home/hyc/LLMKernel/ncu_temp_3554571.csv --metrics=sm__throughput.avg.pct_of_peak_sustained_elapsed,launch__grid_size,sm__warps_active.avg.pct_of_peak_sustained_active,dram__throughput.avg.pct_of_peak_sustained_elapsed,lts__t_sector_hit_rate.pct,smsp__warp_issue_stalled_memory_dependency_per_warp_active.pct /home/hyc/miniconda3/envs/sglang/bin/python bench_ref_inputs_3554571.py /home/hyc/LLMKernel/KernelBench/t/48_Conv3d_Scaling_Tanh_Multiply_Sigmoid.py /home/hyc/LLMKernel/run/20251229_022911_batch_range41to51_openai_deepseek/48_Conv3d_Scaling_Tanh_Multiply_Sigmoid/code/test_kernel_analysis_seed1.py --repeat 1
[ncu stdout]: [bench] Completed 1 iterations successfully

[ok] CSV written: /home/hyc/LLMKernel/ncu_temp_3554571.csv
[Hybrid] Requesting LLM analysis for seed 2...
[92mFinish reason: stop[0m
Usage: In=3215, Out=3279, Total=6494
[Hybrid] Worth optimizing: yes
[Hybrid] Reason: The current kernel implements convolution as an implicit GEMM, which causes a lot of redundant global-memory reads for overlapping 3D windows, making the kernel memory-bound.
[Hybrid] Analysis complete for seed 2, generating optimized kernel...
[Hybrid] Bottleneck: Each output voxel independently gathers its Cin*Kd*Kh*Kw input patch from global...
[Hybrid] Optimization: Replace the implicit GEMM formulation with a spatially tiled direct 3D convoluti...
[Hybrid] Expected speedup: 20-30%
[92mFinish reason: stop[0m
Usage: In=3528, Out=17028, Total=20556
[91mTest Error (RuntimeError):[0m Traceback (most recent call last):
  File "/home/hyc/miniconda3/envs/sglang/lib/python3.11/site-packages/triton/language/core.py", line 43, in wrapper
    return fn(*args, **kwargs)
           ^^^^^^^^^^^^^^^^^^^
  File "/home/hyc/miniconda3/envs/sglang/lib/python3.11/site-packages/triton/language/core.py", line 1677, in full
    shape = _shape_check_impl(shape)
            ^^^^^^^^^^^^^^^^^^^^^^^^
  File "/home/hyc/miniconda3/envs/sglang/lib/python3.11/site-packages/triton/language/core.py", line 1661, in _shape_check_impl
    validate_block_shape(shape)
  File "/home/hyc/miniconda3/envs/sglang/lib/python3.11/site-packages/triton/_utils.py", line 52, in validate_block_shape
    raise TypeError(f"Shape element {i} must have type `constexpr[int]`, got `constexpr[{type(d)}]")
TypeError: Shape element 0 must have type `constexpr[int]`, got `constexpr[<class 'triton.language.core.tensor'>]

The above exception was the direct cause of the following exception:

triton.compiler.errors.CompilationError: at 10:11:
def zeros(shape, dtype):
    """
    Returns a tensor filled with the scalar value 0 for the given :code:`shape` and :code:`dtype`.

    :param shape: Shape of the new array, e.g., (8, 16) or (8, )
    :type shape: tuple of ints
    :param dtype: Data-type of the new array, e.g., :code:`tl.float16`
    :type dtype: DType
    """
    return core.full(shape, 0, dtype)
           ^
Shape element 0 must have type `constexpr[int]`, got `constexpr[<class 'triton.language.core.tensor'>]

The above exception was the direct cause of the following exception:

Traceback (most recent call last):
  File "/home/hyc/LLMKernel/utils/compile_and_run.py", line 555, in compare_and_bench
    test_out, _ = _run_once(test_model, inp, dev)
                  ^^^^^^^^^^^^^^^^^^^^^^^^^^^^^^^
  File "/home/hyc/LLMKernel/utils/compile_and_run.py", line 132, in _run_once
    out = model(*inp)
          ^^^^^^^^^^^
  File "/home/hyc/miniconda3/envs/sglang/lib/python3.11/site-packages/torch/nn/modules/module.py", line 1775, in _wrapped_call_impl
    return self._call_impl(*args, **kwargs)
           ^^^^^^^^^^^^^^^^^^^^^^^^^^^^^^^^
  File "/home/hyc/miniconda3/envs/sglang/lib/python3.11/site-packages/torch/nn/modules/module.py", line 1786, in _call_impl
    return forward_call(*args, **kwargs)
           ^^^^^^^^^^^^^^^^^^^^^^^^^^^^^
  File "/home/hyc/LLMKernel/run/20251229_022911_batch_range41to51_openai_deepseek/48_Conv3d_Scaling_Tanh_Multiply_Sigmoid/code/kernel_20251229_024840.py", line 305, in forward
    return fused_conv3d_tanh_sigmoid(
           ^^^^^^^^^^^^^^^^^^^^^^^^^^
  File "/home/hyc/LLMKernel/run/20251229_022911_batch_range41to51_openai_deepseek/48_Conv3d_Scaling_Tanh_Multiply_Sigmoid/code/kernel_20251229_024840.py", line 236, in fused_conv3d_tanh_sigmoid
    conv3d_tiled_fused_tanh_sigmoid_kernel[grid](
  File "/home/hyc/miniconda3/envs/sglang/lib/python3.11/site-packages/triton/runtime/jit.py", line 419, in <lambda>
    return lambda *args, **kwargs: self.run(grid=grid, warmup=False, *args, **kwargs)
                                   ^^^^^^^^^^^^^^^^^^^^^^^^^^^^^^^^^^^^^^^^^^^^^^^^^^
  File "/home/hyc/miniconda3/envs/sglang/lib/python3.11/site-packages/triton/runtime/jit.py", line 733, in run
    kernel = self._do_compile(key, signature, device, constexprs, options, attrs, warmup)
             ^^^^^^^^^^^^^^^^^^^^^^^^^^^^^^^^^^^^^^^^^^^^^^^^^^^^^^^^^^^^^^^^^^^^^^^^^^^^
  File "/home/hyc/miniconda3/envs/sglang/lib/python3.11/site-packages/triton/runtime/jit.py", line 861, in _do_compile
    kernel = self.compile(src, target=target, options=options.__dict__)
             ^^^^^^^^^^^^^^^^^^^^^^^^^^^^^^^^^^^^^^^^^^^^^^^^^^^^^^^^^^
  File "/home/hyc/miniconda3/envs/sglang/lib/python3.11/site-packages/triton/compiler/compiler.py", line 300, in compile
    module = src.make_ir(target, options, codegen_fns, module_map, context)
             ^^^^^^^^^^^^^^^^^^^^^^^^^^^^^^^^^^^^^^^^^^^^^^^^^^^^^^^^^^^^^^
  File "/home/hyc/miniconda3/envs/sglang/lib/python3.11/site-packages/triton/compiler/compiler.py", line 80, in make_ir
    return ast_to_ttir(self.fn, self, context=context, options=options, codegen_fns=codegen_fns,
           ^^^^^^^^^^^^^^^^^^^^^^^^^^^^^^^^^^^^^^^^^^^^^^^^^^^^^^^^^^^^^^^^^^^^^^^^^^^^^^^^^^^^^
triton.compiler.errors.CompilationError: at 74:10:
    mask_oc = oc_offsets < Cout

    # -------------------------------------------------------------------------
    # Base pointers for this batch
    # -------------------------------------------------------------------------
    x_batch_ptr = x_ptr + b * stride_xb
    out_batch_ptr = out_ptr + b * stride_ob

    # -------------------------------------------------------------------------
    # Accumulator over (P = OD*OH*OW, OC)
    # -------------------------------------------------------------------------
    acc = tl.zeros((BLOCK_P, BLOCK_OC), dtype=tl.float32)
          ^

[algorithm_optimized_seed1] failed. See metrics.message for details.
[algorithm_optimized_seed1] metrics saved to: /home/hyc/LLMKernel/run/20251229_022911_batch_range41to51_openai_deepseek/48_Conv3d_Scaling_Tanh_Multiply_Sigmoid/evaluation/eval_0013.json
[Hybrid] Algorithm-optimized kernel failed, attempting repair...
[92mFinish reason: stop[0m
Usage: In=4350, Out=8464, Total=12814
[91mTest Error (RuntimeError):[0m Traceback (most recent call last):
  File "/home/hyc/miniconda3/envs/sglang/lib/python3.11/site-packages/triton/language/core.py", line 43, in wrapper
    return fn(*args, **kwargs)
           ^^^^^^^^^^^^^^^^^^^
  File "/home/hyc/miniconda3/envs/sglang/lib/python3.11/site-packages/triton/language/core.py", line 1638, in arange
    return _semantic.arange(start, end)
           ^^^^^^^^^^^^^^^^^^^^^^^^^^^^
  File "/home/hyc/miniconda3/envs/sglang/lib/python3.11/site-packages/triton/language/semantic.py", line 583, in arange
    raise ValueError("arange's range must be a power of 2")
ValueError: arange's range must be a power of 2

The above exception was the direct cause of the following exception:

Traceback (most recent call last):
  File "/home/hyc/LLMKernel/utils/compile_and_run.py", line 555, in compare_and_bench
    test_out, _ = _run_once(test_model, inp, dev)
                  ^^^^^^^^^^^^^^^^^^^^^^^^^^^^^^^
  File "/home/hyc/LLMKernel/utils/compile_and_run.py", line 132, in _run_once
    out = model(*inp)
          ^^^^^^^^^^^
  File "/home/hyc/miniconda3/envs/sglang/lib/python3.11/site-packages/torch/nn/modules/module.py", line 1775, in _wrapped_call_impl
    return self._call_impl(*args, **kwargs)
           ^^^^^^^^^^^^^^^^^^^^^^^^^^^^^^^^
  File "/home/hyc/miniconda3/envs/sglang/lib/python3.11/site-packages/torch/nn/modules/module.py", line 1786, in _call_impl
    return forward_call(*args, **kwargs)
           ^^^^^^^^^^^^^^^^^^^^^^^^^^^^^
  File "/home/hyc/LLMKernel/run/20251229_022911_batch_range41to51_openai_deepseek/48_Conv3d_Scaling_Tanh_Multiply_Sigmoid/code/kernel_20251229_024945.py", line 314, in forward
    return fused_conv3d_tanh_sigmoid(
           ^^^^^^^^^^^^^^^^^^^^^^^^^^
  File "/home/hyc/LLMKernel/run/20251229_022911_batch_range41to51_openai_deepseek/48_Conv3d_Scaling_Tanh_Multiply_Sigmoid/code/kernel_20251229_024945.py", line 240, in fused_conv3d_tanh_sigmoid
    conv3d_tiled_fused_tanh_sigmoid_kernel[grid](
  File "/home/hyc/miniconda3/envs/sglang/lib/python3.11/site-packages/triton/runtime/jit.py", line 419, in <lambda>
    return lambda *args, **kwargs: self.run(grid=grid, warmup=False, *args, **kwargs)
                                   ^^^^^^^^^^^^^^^^^^^^^^^^^^^^^^^^^^^^^^^^^^^^^^^^^^
  File "/home/hyc/miniconda3/envs/sglang/lib/python3.11/site-packages/triton/runtime/jit.py", line 733, in run
    kernel = self._do_compile(key, signature, device, constexprs, options, attrs, warmup)
             ^^^^^^^^^^^^^^^^^^^^^^^^^^^^^^^^^^^^^^^^^^^^^^^^^^^^^^^^^^^^^^^^^^^^^^^^^^^^
  File "/home/hyc/miniconda3/envs/sglang/lib/python3.11/site-packages/triton/runtime/jit.py", line 861, in _do_compile
    kernel = self.compile(src, target=target, options=options.__dict__)
             ^^^^^^^^^^^^^^^^^^^^^^^^^^^^^^^^^^^^^^^^^^^^^^^^^^^^^^^^^^
  File "/home/hyc/miniconda3/envs/sglang/lib/python3.11/site-packages/triton/compiler/compiler.py", line 300, in compile
    module = src.make_ir(target, options, codegen_fns, module_map, context)
             ^^^^^^^^^^^^^^^^^^^^^^^^^^^^^^^^^^^^^^^^^^^^^^^^^^^^^^^^^^^^^^
  File "/home/hyc/miniconda3/envs/sglang/lib/python3.11/site-packages/triton/compiler/compiler.py", line 80, in make_ir
    return ast_to_ttir(self.fn, self, context=context, options=options, codegen_fns=codegen_fns,
           ^^^^^^^^^^^^^^^^^^^^^^^^^^^^^^^^^^^^^^^^^^^^^^^^^^^^^^^^^^^^^^^^^^^^^^^^^^^^^^^^^^^^^
triton.compiler.errors.CompilationError: at 76:15:
    x_batch_ptr = x_ptr + b * stride_xb
    out_batch_ptr = out_ptr + b * stride_ob

    # -------------------------------------------------------------------------
    # Accumulator over (P = OD*OH*OW, OC)
    # -------------------------------------------------------------------------
    acc = tl.zeros((BLOCK_P, BLOCK_OC), dtype=tl.float32)

    # -------------------------------------------------------------------------
    # Precompute flattened tile indices for input load
    # -------------------------------------------------------------------------
    tile_idx = tl.arange(0, TILE_SIZE)
               ^
arange's range must be a power of 2

[algorithm_optimized_seed1_repair1] failed. See metrics.message for details.
[algorithm_optimized_seed1_repair1] metrics saved to: /home/hyc/LLMKernel/run/20251229_022911_batch_range41to51_openai_deepseek/48_Conv3d_Scaling_Tanh_Multiply_Sigmoid/evaluation/eval_0014.json
[Hybrid] âœ— Rescue failed, keeping original seed

================================================================================
[Hybrid] Candidate Selection
================================================================================
[Hybrid] Total candidates: 3
  [1] seed 1: 1.0910
  [2] seed 2: 1.3740
  [3] algo-optimized (from seed 1): 1.1480

[Hybrid] â˜… Selected best candidate: score=1.3740

[Optimization] Starting 3-stage optimization...

================================================================================
[Stage 1/3] grid_and_parallel
Description: Optimize grid layout and parallel work distribution across SMs.
Current candidates: 1, best score: 1.3740
================================================================================
[Stage 1] Profiling best candidate...
[ncu] Using GPU device 1 (CUDA_VISIBLE_DEVICES=1)
[ncu] running: /usr/local/cuda/bin/ncu --csv --page=raw --target-processes=all --replay-mode=kernel --profile-from-start=on --log-file=/home/hyc/LLMKernel/ncu_temp_3554571.csv --metrics=sm__throughput.avg.pct_of_peak_sustained_elapsed,launch__grid_size,sm__warps_active.avg.pct_of_peak_sustained_active,dram__throughput.avg.pct_of_peak_sustained_elapsed,lts__t_sector_hit_rate.pct,smsp__warp_issue_stalled_memory_dependency_per_warp_active.pct /home/hyc/miniconda3/envs/sglang/bin/python bench_ref_inputs_3554571.py /home/hyc/LLMKernel/KernelBench/t/48_Conv3d_Scaling_Tanh_Multiply_Sigmoid.py /home/hyc/LLMKernel/run/20251229_022911_batch_range41to51_openai_deepseek/48_Conv3d_Scaling_Tanh_Multiply_Sigmoid/code/test_kernel_analysis_seed1.py --repeat 1
[ncu stdout]: [bench] Completed 1 iterations successfully

[ok] CSV written: /home/hyc/LLMKernel/ncu_temp_3554571.csv
[Stage 1] Generating optimized kernel...
[92mFinish reason: stop[0m
Usage: In=2955, Out=6664, Total=9619
[stage1_grid_and_parallel] score=1.3295 (baseline=6.9353ms)
[stage1_grid_and_parallel] metrics saved to: /home/hyc/LLMKernel/run/20251229_022911_batch_range41to51_openai_deepseek/48_Conv3d_Scaling_Tanh_Multiply_Sigmoid/evaluation/eval_0015.json
  Optimized kernel score: 1.3295 âœ“
[Stage 1] Current: 1.3295 (global best: 1.3740)

================================================================================
[Stage 2/3] block_tiling
Description: Tune BLOCK_M/N/K sizes for optimal register/memory balance.
Current candidates: 1, best score: 1.3740
================================================================================
[Stage 2] Profiling best candidate...
[ncu] Using GPU device 1 (CUDA_VISIBLE_DEVICES=1)
[ncu] running: /usr/local/cuda/bin/ncu --csv --page=raw --target-processes=all --replay-mode=kernel --profile-from-start=on --log-file=/home/hyc/LLMKernel/ncu_temp_3554571.csv --metrics=sm__throughput.avg.pct_of_peak_sustained_elapsed,launch__grid_size,sm__warps_active.avg.pct_of_peak_sustained_active,dram__throughput.avg.pct_of_peak_sustained_elapsed,lts__t_sector_hit_rate.pct,smsp__warp_issue_stalled_memory_dependency_per_warp_active.pct /home/hyc/miniconda3/envs/sglang/bin/python bench_ref_inputs_3554571.py /home/hyc/LLMKernel/KernelBench/t/48_Conv3d_Scaling_Tanh_Multiply_Sigmoid.py /home/hyc/LLMKernel/run/20251229_022911_batch_range41to51_openai_deepseek/48_Conv3d_Scaling_Tanh_Multiply_Sigmoid/code/test_kernel_analysis_seed1.py --repeat 1
[ncu stdout]: [bench] Completed 1 iterations successfully

[ok] CSV written: /home/hyc/LLMKernel/ncu_temp_3554571.csv
[Stage 2] Generating optimized kernel...
[92mFinish reason: stop[0m
Usage: In=3164, Out=6119, Total=9283
[stage2_block_tiling] score=1.9680 (baseline=6.9353ms)
[stage2_block_tiling] metrics saved to: /home/hyc/LLMKernel/run/20251229_022911_batch_range41to51_openai_deepseek/48_Conv3d_Scaling_Tanh_Multiply_Sigmoid/evaluation/eval_0016.json
  Optimized kernel score: 1.9680 âœ“
[Stage 2] â˜… New best score: 1.9680

================================================================================
[Stage 3/3] memory_and_tuning
Description: Optimize memory access patterns and fine-tune num_stages/num_warps.
Current candidates: 1, best score: 1.9680
================================================================================
[Stage 3] Profiling best candidate...
[ncu] Using GPU device 1 (CUDA_VISIBLE_DEVICES=1)
[ncu] running: /usr/local/cuda/bin/ncu --csv --page=raw --target-processes=all --replay-mode=kernel --profile-from-start=on --log-file=/home/hyc/LLMKernel/ncu_temp_3554571.csv --metrics=sm__throughput.avg.pct_of_peak_sustained_elapsed,launch__grid_size,sm__warps_active.avg.pct_of_peak_sustained_active,dram__throughput.avg.pct_of_peak_sustained_elapsed,lts__t_sector_hit_rate.pct,smsp__warp_issue_stalled_memory_dependency_per_warp_active.pct /home/hyc/miniconda3/envs/sglang/bin/python bench_ref_inputs_3554571.py /home/hyc/LLMKernel/KernelBench/t/48_Conv3d_Scaling_Tanh_Multiply_Sigmoid.py /home/hyc/LLMKernel/run/20251229_022911_batch_range41to51_openai_deepseek/48_Conv3d_Scaling_Tanh_Multiply_Sigmoid/code/test_kernel_analysis_seed1.py --repeat 1
[ncu stdout]: [bench] Completed 1 iterations successfully

[ok] CSV written: /home/hyc/LLMKernel/ncu_temp_3554571.csv
[Stage 3] Generating optimized kernel...
[92mFinish reason: stop[0m
Usage: In=3389, Out=5774, Total=9163
[stage3_memory_and_tuning] score=1.6932 (baseline=6.9353ms)
[stage3_memory_and_tuning] metrics saved to: /home/hyc/LLMKernel/run/20251229_022911_batch_range41to51_openai_deepseek/48_Conv3d_Scaling_Tanh_Multiply_Sigmoid/evaluation/eval_0017.json
  Optimized kernel score: 1.6932 âœ“
[Stage 3] Current: 1.6932 (global best: 1.9680)
[48_Conv3d_Scaling_Tanh_Multiply_Sigmoid.py] Figure saved to: /home/hyc/LLMKernel/run/20251229_022911_batch_range41to51_openai_deepseek/48_Conv3d_Scaling_Tanh_Multiply_Sigmoid/figures/48_Conv3d_Scaling_Tanh_Multiply_Sigmoid_score.png
