{
  "runnable": false,
  "phase": "seed_0",
  "error_type": "RuntimeError",
  "message": "Traceback (most recent call last):\n  File \"/home/hyc/miniconda3/envs/sglang/lib/python3.11/site-packages/triton/language/core.py\", line 43, in wrapper\n    return fn(*args, **kwargs)\n           ^^^^^^^^^^^^^^^^^^^\n  File \"/home/hyc/miniconda3/envs/sglang/lib/python3.11/site-packages/triton/language/core.py\", line 1094, in __getitem__\n    for dim, sl in enumerate(slices):\n  File \"/home/hyc/miniconda3/envs/sglang/lib/python3.11/site-packages/triton/language/core.py\", line 41, in wrapper\n    raise ValueError(\"Did you forget to add @triton.jit ? \"\nValueError: Did you forget to add @triton.jit ? (`_semantic` argument must be provided outside of JIT functions.)\n\nThe above exception was the direct cause of the following exception:\n\nTraceback (most recent call last):\n  File \"/home/hyc/LLMKernel/utils/compile_and_run.py\", line 554, in compare_and_bench\n    test_out, _ = _run_once(test_model, inp, dev)\n                  ^^^^^^^^^^^^^^^^^^^^^^^^^^^^^^^\n  File \"/home/hyc/LLMKernel/utils/compile_and_run.py\", line 132, in _run_once\n    out = model(*inp)\n          ^^^^^^^^^^^\n  File \"/home/hyc/miniconda3/envs/sglang/lib/python3.11/site-packages/torch/nn/modules/module.py\", line 1775, in _wrapped_call_impl\n    return self._call_impl(*args, **kwargs)\n           ^^^^^^^^^^^^^^^^^^^^^^^^^^^^^^^^\n  File \"/home/hyc/miniconda3/envs/sglang/lib/python3.11/site-packages/torch/nn/modules/module.py\", line 1786, in _call_impl\n    return forward_call(*args, **kwargs)\n           ^^^^^^^^^^^^^^^^^^^^^^^^^^^^^\n  File \"/home/hyc/LLMKernel/run/20251223_124226_93_masked_cumsum_openai_deepseek/93_masked_cumsum/code/kernel_20251223_124351.py\", line 201, in forward\n    return triton_masked_cumsum(x, mask, self.dim)\n           ^^^^^^^^^^^^^^^^^^^^^^^^^^^^^^^^^^^^^^^\n  File \"/home/hyc/LLMKernel/run/20251223_124226_93_masked_cumsum_openai_deepseek/93_masked_cumsum/code/kernel_20251223_124351.py\", line 150, in triton_masked_cumsum\n    _cumsum_tile_kernel[grid](\n  File \"/home/hyc/miniconda3/envs/sglang/lib/python3.11/site-packages/triton/runtime/jit.py\", line 419, in <lambda>\n    return lambda *args, **kwargs: self.run(grid=grid, warmup=False, *args, **kwargs)\n                                   ^^^^^^^^^^^^^^^^^^^^^^^^^^^^^^^^^^^^^^^^^^^^^^^^^^\n  File \"/home/hyc/miniconda3/envs/sglang/lib/python3.11/site-packages/triton/runtime/jit.py\", line 733, in run\n    kernel = self._do_compile(key, signature, device, constexprs, options, attrs, warmup)\n             ^^^^^^^^^^^^^^^^^^^^^^^^^^^^^^^^^^^^^^^^^^^^^^^^^^^^^^^^^^^^^^^^^^^^^^^^^^^^\n  File \"/home/hyc/miniconda3/envs/sglang/lib/python3.11/site-packages/triton/runtime/jit.py\", line 861, in _do_compile\n    kernel = self.compile(src, target=target, options=options.__dict__)\n             ^^^^^^^^^^^^^^^^^^^^^^^^^^^^^^^^^^^^^^^^^^^^^^^^^^^^^^^^^^\n  File \"/home/hyc/miniconda3/envs/sglang/lib/python3.11/site-packages/triton/compiler/compiler.py\", line 300, in compile\n    module = src.make_ir(target, options, codegen_fns, module_map, context)\n             ^^^^^^^^^^^^^^^^^^^^^^^^^^^^^^^^^^^^^^^^^^^^^^^^^^^^^^^^^^^^^^\n  File \"/home/hyc/miniconda3/envs/sglang/lib/python3.11/site-packages/triton/compiler/compiler.py\", line 80, in make_ir\n    return ast_to_ttir(self.fn, self, context=context, options=options, codegen_fns=codegen_fns,\n           ^^^^^^^^^^^^^^^^^^^^^^^^^^^^^^^^^^^^^^^^^^^^^^^^^^^^^^^^^^^^^^^^^^^^^^^^^^^^^^^^^^^^^\ntriton.compiler.errors.CompilationError: at 32:36:\n\n    # base pointers for this row\n    x_row_ptr = x_ptr + pid_m * stride_m\n    y_row_ptr = y_ptr + pid_m * stride_m\n\n    # load this tile, zero-padding out-of-range columns\n    vals = tl.load(x_row_ptr + offs * stride_n, mask=mask, other=0.0)\n\n    # inclusive scan within the tile (BLOCK_SIZE must be 256 here)\n    idx = tl.arange(0, BLOCK_SIZE)\n    # Hillis-Steele scan, unrolled for BLOCK_SIZE = 256\n    vals_shift = tl.where(idx >= 1, vals[idx - 1], 0.0)\n                                    ^\nDid you forget to add @triton.jit ? (`_semantic` argument must be provided outside of JIT functions.)\n"
}