[Seed] Generating seed kernel...
[Seed 1/2] Generating...
[92mFinish reason: stop[0m
Usage: In=1762, Out=5556, Total=7318
[91mTest Error (RuntimeError):[0m Traceback (most recent call last):
  File "/home/hyc/LLMKernel/utils/compile_and_run.py", line 536, in compare_and_bench
    test_model = ModelNew(*init_args, **init_kwargs)
                 ^^^^^^^^^^^^^^^^^^^^^^^^^^^^^^^^^^^
  File "/home/hyc/LLMKernel/run/20251228_142926_batch_range13to23_openai_deepseek/18_Matmul_Sum_Max_AvgPool_LogSumExp_LogSumExp/code/kernel_20251228_150946.py", line 107, in __init__
    nn.init.kaiming_uniform_(self.weight, a=math.sqrt(5))
                                            ^^^^
NameError: name 'math' is not defined

[seed_0] failed. See metrics.message for details.
[seed_0] metrics saved to: /home/hyc/LLMKernel/run/20251228_142926_batch_range13to23_openai_deepseek/18_Matmul_Sum_Max_AvgPool_LogSumExp_LogSumExp/evaluation/eval_0014.json
[Seed 1] Failed, attempting repair...
[92mFinish reason: stop[0m
Usage: In=1590, Out=4315, Total=5905
[seed_0_repair_1] score=0.6806 (baseline=3.2013ms)
[seed_0_repair_1] metrics saved to: /home/hyc/LLMKernel/run/20251228_142926_batch_range13to23_openai_deepseek/18_Matmul_Sum_Max_AvgPool_LogSumExp_LogSumExp/evaluation/eval_0015.json
[Seed 1 Repair] Score: 0.6806 âœ“
[Seed 1] Final score: 0.6806 âœ“
[Seed 2/2] Generating...
[92mFinish reason: stop[0m
Usage: In=1762, Out=6829, Total=8591
[seed_1] score=6.6541 (baseline=3.2486ms)
[seed_1] metrics saved to: /home/hyc/LLMKernel/run/20251228_142926_batch_range13to23_openai_deepseek/18_Matmul_Sum_Max_AvgPool_LogSumExp_LogSumExp/evaluation/eval_0016.json
[Seed 2] Final score: 6.6541 âœ“

================================================================================
[Hybrid Strategy] Analyzing all seeds for algorithmic optimization...
[Hybrid Strategy] - 1 seed(s) with score < 1.0 (rescue)
[Hybrid Strategy] - 1 seed(s) with score >= 1.0 (further optimization)
================================================================================

[Hybrid] Seed 1: score=0.6806 < 1.0
[Hybrid] Attempting algorithm analysis rescue...
[ncu] Using GPU device 7 (CUDA_VISIBLE_DEVICES=7)
[ncu] running: /usr/local/cuda/bin/ncu --csv --page=raw --target-processes=all --replay-mode=kernel --profile-from-start=on --log-file=/home/hyc/LLMKernel/ncu_temp_3079947.csv --metrics=sm__throughput.avg.pct_of_peak_sustained_elapsed,launch__grid_size,sm__warps_active.avg.pct_of_peak_sustained_active,dram__throughput.avg.pct_of_peak_sustained_elapsed,lts__t_sector_hit_rate.pct,smsp__warp_issue_stalled_memory_dependency_per_warp_active.pct /home/hyc/miniconda3/envs/sglang/bin/python bench_ref_inputs_3079947.py /home/hyc/LLMKernel/KernelBench/tt/18_Matmul_Sum_Max_AvgPool_LogSumExp_LogSumExp.py /home/hyc/LLMKernel/run/20251228_142926_batch_range13to23_openai_deepseek/18_Matmul_Sum_Max_AvgPool_LogSumExp_LogSumExp/code/test_kernel_analysis_seed0.py --repeat 1
[ncu stdout]: [bench] Completed 1 iterations successfully

[ok] CSV written: /home/hyc/LLMKernel/ncu_temp_3079947.csv
[Hybrid] Requesting LLM analysis for seed 1...
[92mFinish reason: stop[0m
Usage: In=2280, Out=1337, Total=3617
[Hybrid] Worth optimizing: yes
[Hybrid] Reason: The kernel is performing a full MÃ—KÃ—N matmul even though the final result is only one scalar per row, so most of the computed data is immediately reduced away.
[Hybrid] Analysis complete for seed 1, generating optimized kernel...
[Hybrid] Bottleneck: You compute the entire y = x @ W^T + b (shape MÃ—N) tile-by-tile and then sum ove...
[Hybrid] Optimization: Exploit the algebraic identity sum_n (x W^T + b)_mn = x_m Â· (sum_n W_nÂ·) + sum_n...
[Hybrid] Expected speedup: 2-3x
[92mFinish reason: stop[0m
Usage: In=2599, Out=5849, Total=8448
[91mTest Error (RuntimeError):[0m Traceback (most recent call last):
  File "/home/hyc/LLMKernel/utils/compile_and_run.py", line 555, in compare_and_bench
    test_out, _ = _run_once(test_model, inp, dev)
                  ^^^^^^^^^^^^^^^^^^^^^^^^^^^^^^^
  File "/home/hyc/LLMKernel/utils/compile_and_run.py", line 132, in _run_once
    out = model(*inp)
          ^^^^^^^^^^^
  File "/home/hyc/miniconda3/envs/sglang/lib/python3.11/site-packages/torch/nn/modules/module.py", line 1775, in _wrapped_call_impl
    return self._call_impl(*args, **kwargs)
           ^^^^^^^^^^^^^^^^^^^^^^^^^^^^^^^^
  File "/home/hyc/miniconda3/envs/sglang/lib/python3.11/site-packages/torch/nn/modules/module.py", line 1786, in _call_impl
    return forward_call(*args, **kwargs)
           ^^^^^^^^^^^^^^^^^^^^^^^^^^^^^
  File "/home/hyc/LLMKernel/run/20251228_142926_batch_range13to23_openai_deepseek/18_Matmul_Sum_Max_AvgPool_LogSumExp_LogSumExp/code/kernel_20251228_151242.py", line 151, in forward
    return fused_linear_and_reductions(x, self.weight, self.bias)
           ^^^^^^^^^^^^^^^^^^^^^^^^^^^^^^^^^^^^^^^^^^^^^^^^^^^^^^
  File "/home/hyc/LLMKernel/run/20251228_142926_batch_range13to23_openai_deepseek/18_Matmul_Sum_Max_AvgPool_LogSumExp_LogSumExp/code/kernel_20251228_151242.py", line 105, in fused_linear_and_reductions
    fused_row_gemv_kernel[grid](
  File "/home/hyc/miniconda3/envs/sglang/lib/python3.11/site-packages/triton/runtime/jit.py", line 419, in <lambda>
    return lambda *args, **kwargs: self.run(grid=grid, warmup=False, *args, **kwargs)
                                   ^^^^^^^^^^^^^^^^^^^^^^^^^^^^^^^^^^^^^^^^^^^^^^^^^^
  File "/home/hyc/miniconda3/envs/sglang/lib/python3.11/site-packages/triton/runtime/jit.py", line 733, in run
    kernel = self._do_compile(key, signature, device, constexprs, options, attrs, warmup)
             ^^^^^^^^^^^^^^^^^^^^^^^^^^^^^^^^^^^^^^^^^^^^^^^^^^^^^^^^^^^^^^^^^^^^^^^^^^^^
  File "/home/hyc/miniconda3/envs/sglang/lib/python3.11/site-packages/triton/runtime/jit.py", line 861, in _do_compile
    kernel = self.compile(src, target=target, options=options.__dict__)
             ^^^^^^^^^^^^^^^^^^^^^^^^^^^^^^^^^^^^^^^^^^^^^^^^^^^^^^^^^^
  File "/home/hyc/miniconda3/envs/sglang/lib/python3.11/site-packages/triton/compiler/compiler.py", line 320, in compile
    next_module = compile_ir(module, metadata)
                  ^^^^^^^^^^^^^^^^^^^^^^^^^^^^
  File "/home/hyc/miniconda3/envs/sglang/lib/python3.11/site-packages/triton/backends/nvidia/compiler.py", line 515, in <lambda>
    stages["ttgir"] = lambda src, metadata: self.make_ttgir(src, metadata, options, capability)
                                            ^^^^^^^^^^^^^^^^^^^^^^^^^^^^^^^^^^^^^^^^^^^^^^^^^^^
  File "/home/hyc/miniconda3/envs/sglang/lib/python3.11/site-packages/triton/backends/nvidia/compiler.py", line 319, in make_ttgir
    pm.run(mod)
RuntimeError: PassManager::run failed

[algorithm_optimized_seed0] failed. See metrics.message for details.
[algorithm_optimized_seed0] metrics saved to: /home/hyc/LLMKernel/run/20251228_142926_batch_range13to23_openai_deepseek/18_Matmul_Sum_Max_AvgPool_LogSumExp_LogSumExp/evaluation/eval_0017.json
[Hybrid] Algorithm-optimized kernel failed, attempting repair...
[92mFinish reason: stop[0m
Usage: In=2576, Out=5886, Total=8462
[algorithm_optimized_seed0_repair1] score=7.6997 (baseline=3.2486ms)
[algorithm_optimized_seed0_repair1] metrics saved to: /home/hyc/LLMKernel/run/20251228_142926_batch_range13to23_openai_deepseek/18_Matmul_Sum_Max_AvgPool_LogSumExp_LogSumExp/evaluation/eval_0018.json
[Hybrid] âœ“ Repair successful for algorithm-optimized seed 1
[Hybrid] âœ“ Rescue successful: 0.6806 â†’ 7.6997

[Hybrid] Seed 2: score=6.6541 >= 1.0
[Hybrid] Attempting algorithm analysis for further optimization...
[ncu] Using GPU device 7 (CUDA_VISIBLE_DEVICES=7)
[ncu] running: /usr/local/cuda/bin/ncu --csv --page=raw --target-processes=all --replay-mode=kernel --profile-from-start=on --log-file=/home/hyc/LLMKernel/ncu_temp_3079947.csv --metrics=sm__throughput.avg.pct_of_peak_sustained_elapsed,launch__grid_size,sm__warps_active.avg.pct_of_peak_sustained_active,dram__throughput.avg.pct_of_peak_sustained_elapsed,lts__t_sector_hit_rate.pct,smsp__warp_issue_stalled_memory_dependency_per_warp_active.pct /home/hyc/miniconda3/envs/sglang/bin/python bench_ref_inputs_3079947.py /home/hyc/LLMKernel/KernelBench/tt/18_Matmul_Sum_Max_AvgPool_LogSumExp_LogSumExp.py /home/hyc/LLMKernel/run/20251228_142926_batch_range13to23_openai_deepseek/18_Matmul_Sum_Max_AvgPool_LogSumExp_LogSumExp/code/test_kernel_analysis_seed1.py --repeat 1
[ncu stdout]: [bench] Completed 1 iterations successfully

[ok] CSV written: /home/hyc/LLMKernel/ncu_temp_3079947.csv
[Hybrid] Requesting LLM analysis for seed 2...
[92mFinish reason: stop[0m
Usage: In=2266, Out=2030, Total=4296
[Hybrid] Worth optimizing: yes
[Hybrid] Reason: The forward path still pays an O(out_features * in_features) cost every call to recompute reduced weights/bias, even though these reductions are independent of the batch and can be reused across forwards.
[Hybrid] Analysis complete for seed 2, generating optimized kernel...
[Hybrid] Bottleneck: In `fused_linear_chain`, `w_reduced = weight.sum(dim=0)` and `b_reduced = bias.s...
[Hybrid] Optimization: Algorithm replacement via parameter reparameterization/caching: precompute and c...
[Hybrid] Expected speedup: 20-40%
[92mFinish reason: stop[0m
Usage: In=2582, Out=8807, Total=11389
[91mTest Error (RuntimeError):[0m Traceback (most recent call last):
  File "/home/hyc/miniconda3/envs/sglang/lib/python3.11/site-packages/triton/language/core.py", line 43, in wrapper
    return fn(*args, **kwargs)
           ^^^^^^^^^^^^^^^^^^^
  File "/home/hyc/miniconda3/envs/sglang/lib/python3.11/site-packages/triton/language/core.py", line 2021, in dot
    return _semantic.dot(input, other, acc, input_precision, max_num_imprecise_acc, out_dtype)
           ^^^^^^^^^^^^^^^^^^^^^^^^^^^^^^^^^^^^^^^^^^^^^^^^^^^^^^^^^^^^^^^^^^^^^^^^^^^^^^^^^^^
  File "/home/hyc/miniconda3/envs/sglang/lib/python3.11/site-packages/triton/language/semantic.py", line 1514, in dot
    assert lhs_rank == rhs_rank == 2 or lhs_rank == rhs_rank == 3, f"Both inputs must be either 2D or 3D; (lhs: {lhs.shape} vs rhs: {rhs.shape})"
           ^^^^^^^^^^^^^^^^^^^^^^^^^^^^^^^^^^^^^^^^^^^^^^^^^^^^^^
AssertionError: Both inputs must be either 2D or 3D; (lhs: ['constexpr[128]', 'constexpr[256]'] vs rhs: ['constexpr[256]'])

The above exception was the direct cause of the following exception:

Traceback (most recent call last):
  File "/home/hyc/LLMKernel/utils/compile_and_run.py", line 555, in compare_and_bench
    test_out, _ = _run_once(test_model, inp, dev)
                  ^^^^^^^^^^^^^^^^^^^^^^^^^^^^^^^
  File "/home/hyc/LLMKernel/utils/compile_and_run.py", line 132, in _run_once
    out = model(*inp)
          ^^^^^^^^^^^
  File "/home/hyc/miniconda3/envs/sglang/lib/python3.11/site-packages/torch/nn/modules/module.py", line 1775, in _wrapped_call_impl
    return self._call_impl(*args, **kwargs)
           ^^^^^^^^^^^^^^^^^^^^^^^^^^^^^^^^
  File "/home/hyc/miniconda3/envs/sglang/lib/python3.11/site-packages/torch/nn/modules/module.py", line 1786, in _call_impl
    return forward_call(*args, **kwargs)
           ^^^^^^^^^^^^^^^^^^^^^^^^^^^^^
  File "/home/hyc/LLMKernel/run/20251228_142926_batch_range13to23_openai_deepseek/18_Matmul_Sum_Max_AvgPool_LogSumExp_LogSumExp/code/kernel_20251228_151509.py", line 184, in forward
    return fused_linear_chain(x, self._w_reduced, self._b_reduced)
           ^^^^^^^^^^^^^^^^^^^^^^^^^^^^^^^^^^^^^^^^^^^^^^^^^^^^^^^
  File "/home/hyc/LLMKernel/run/20251228_142926_batch_range13to23_openai_deepseek/18_Matmul_Sum_Max_AvgPool_LogSumExp_LogSumExp/code/kernel_20251228_151509.py", line 85, in fused_linear_chain
    matvec_sum_kernel[grid](
  File "/home/hyc/miniconda3/envs/sglang/lib/python3.11/site-packages/triton/runtime/jit.py", line 419, in <lambda>
    return lambda *args, **kwargs: self.run(grid=grid, warmup=False, *args, **kwargs)
                                   ^^^^^^^^^^^^^^^^^^^^^^^^^^^^^^^^^^^^^^^^^^^^^^^^^^
  File "/home/hyc/miniconda3/envs/sglang/lib/python3.11/site-packages/triton/runtime/jit.py", line 733, in run
    kernel = self._do_compile(key, signature, device, constexprs, options, attrs, warmup)
             ^^^^^^^^^^^^^^^^^^^^^^^^^^^^^^^^^^^^^^^^^^^^^^^^^^^^^^^^^^^^^^^^^^^^^^^^^^^^
  File "/home/hyc/miniconda3/envs/sglang/lib/python3.11/site-packages/triton/runtime/jit.py", line 861, in _do_compile
    kernel = self.compile(src, target=target, options=options.__dict__)
             ^^^^^^^^^^^^^^^^^^^^^^^^^^^^^^^^^^^^^^^^^^^^^^^^^^^^^^^^^^
  File "/home/hyc/miniconda3/envs/sglang/lib/python3.11/site-packages/triton/compiler/compiler.py", line 300, in compile
    module = src.make_ir(target, options, codegen_fns, module_map, context)
             ^^^^^^^^^^^^^^^^^^^^^^^^^^^^^^^^^^^^^^^^^^^^^^^^^^^^^^^^^^^^^^
  File "/home/hyc/miniconda3/envs/sglang/lib/python3.11/site-packages/triton/compiler/compiler.py", line 80, in make_ir
    return ast_to_ttir(self.fn, self, context=context, options=options, codegen_fns=codegen_fns,
           ^^^^^^^^^^^^^^^^^^^^^^^^^^^^^^^^^^^^^^^^^^^^^^^^^^^^^^^^^^^^^^^^^^^^^^^^^^^^^^^^^^^^^
triton.compiler.errors.CompilationError: at 33:15:
    for k in range(0, K, BLOCK_K):
        k_curr = k + offs_k
        mask_k = k_curr < K

        a_ptrs = a_ptr + offs_m[:, None] * stride_am + k_curr[None, :] * stride_ak
        w_ptrs = w_ptr + k_curr * stride_wk

        a = tl.load(a_ptrs, mask=mask_m[:, None] & mask_k[None, :], other=0.0)
        w = tl.load(w_ptrs, mask=mask_k, other=0.0)

        # Use tensor-core-friendly dot product for the block
        acc += tl.dot(a, w, allow_tf32=True)
               ^
Both inputs must be either 2D or 3D; (lhs: ['constexpr[128]', 'constexpr[256]'] vs rhs: ['constexpr[256]'])

[algorithm_optimized_seed1] failed. See metrics.message for details.
[algorithm_optimized_seed1] metrics saved to: /home/hyc/LLMKernel/run/20251228_142926_batch_range13to23_openai_deepseek/18_Matmul_Sum_Max_AvgPool_LogSumExp_LogSumExp/evaluation/eval_0019.json
[Hybrid] Algorithm-optimized kernel failed, attempting repair...
[92mFinish reason: stop[0m
Usage: In=3249, Out=4260, Total=7509
[algorithm_optimized_seed1_repair1] score=3.6534 (baseline=3.2486ms)
[algorithm_optimized_seed1_repair1] metrics saved to: /home/hyc/LLMKernel/run/20251228_142926_batch_range13to23_openai_deepseek/18_Matmul_Sum_Max_AvgPool_LogSumExp_LogSumExp/evaluation/eval_0020.json
[Hybrid] âœ“ Repair successful for algorithm-optimized seed 2
[Hybrid] âœ“ Rescue successful: 6.6541 â†’ 3.6534

================================================================================
[Hybrid] Candidate Selection
================================================================================
[Hybrid] Total candidates: 4
  [1] seed 1: 0.6806
  [2] seed 2: 6.6541
  [3] algo-optimized (from seed 1): 7.6997
  [4] algo-optimized (from seed 2): 3.6534

[Hybrid] â˜… Selected best candidate: score=7.6997

[Optimization] Starting 3-stage optimization...

================================================================================
[Stage 1/2] grid_and_parallel
Description: Optimize grid layout and parallel work distribution across SMs.
Current candidates: 1, best score: 7.6997
================================================================================
[Stage 1] Profiling best candidate...
[ncu] Using GPU device 7 (CUDA_VISIBLE_DEVICES=7)
[ncu] running: /usr/local/cuda/bin/ncu --csv --page=raw --target-processes=all --replay-mode=kernel --profile-from-start=on --log-file=/home/hyc/LLMKernel/ncu_temp_3079947.csv --metrics=sm__throughput.avg.pct_of_peak_sustained_elapsed,launch__grid_size,sm__warps_active.avg.pct_of_peak_sustained_active,dram__throughput.avg.pct_of_peak_sustained_elapsed,lts__t_sector_hit_rate.pct,smsp__warp_issue_stalled_memory_dependency_per_warp_active.pct /home/hyc/miniconda3/envs/sglang/bin/python bench_ref_inputs_3079947.py /home/hyc/LLMKernel/KernelBench/tt/18_Matmul_Sum_Max_AvgPool_LogSumExp_LogSumExp.py /home/hyc/LLMKernel/run/20251228_142926_batch_range13to23_openai_deepseek/18_Matmul_Sum_Max_AvgPool_LogSumExp_LogSumExp/code/test_kernel_analysis_seed1.py --repeat 1
[ncu stdout]: [bench] Completed 1 iterations successfully

[ok] CSV written: /home/hyc/LLMKernel/ncu_temp_3079947.csv
[Stage 1] Generating optimized kernel...
[92mFinish reason: stop[0m
Usage: In=2121, Out=8257, Total=10378
[91mTest Error (RuntimeError):[0m Traceback (most recent call last):
  File "/home/hyc/LLMKernel/utils/compile_and_run.py", line 555, in compare_and_bench
    test_out, _ = _run_once(test_model, inp, dev)
                  ^^^^^^^^^^^^^^^^^^^^^^^^^^^^^^^
  File "/home/hyc/LLMKernel/utils/compile_and_run.py", line 132, in _run_once
    out = model(*inp)
          ^^^^^^^^^^^
  File "/home/hyc/miniconda3/envs/sglang/lib/python3.11/site-packages/torch/nn/modules/module.py", line 1775, in _wrapped_call_impl
    return self._call_impl(*args, **kwargs)
           ^^^^^^^^^^^^^^^^^^^^^^^^^^^^^^^^
  File "/home/hyc/miniconda3/envs/sglang/lib/python3.11/site-packages/torch/nn/modules/module.py", line 1786, in _call_impl
    return forward_call(*args, **kwargs)
           ^^^^^^^^^^^^^^^^^^^^^^^^^^^^^
  File "/home/hyc/LLMKernel/run/20251228_142926_batch_range13to23_openai_deepseek/18_Matmul_Sum_Max_AvgPool_LogSumExp_LogSumExp/code/kernel_20251228_151655.py", line 173, in forward
    return fused_linear_and_reductions(x, self.weight, self.bias)
           ^^^^^^^^^^^^^^^^^^^^^^^^^^^^^^^^^^^^^^^^^^^^^^^^^^^^^^
  File "/home/hyc/LLMKernel/run/20251228_142926_batch_range13to23_openai_deepseek/18_Matmul_Sum_Max_AvgPool_LogSumExp_LogSumExp/code/kernel_20251228_151655.py", line 137, in fused_linear_and_reductions
    fused_row_gemv_kernel[grid](
  File "/home/hyc/miniconda3/envs/sglang/lib/python3.11/site-packages/triton/runtime/jit.py", line 419, in <lambda>
    return lambda *args, **kwargs: self.run(grid=grid, warmup=False, *args, **kwargs)
                                   ^^^^^^^^^^^^^^^^^^^^^^^^^^^^^^^^^^^^^^^^^^^^^^^^^^
  File "/home/hyc/miniconda3/envs/sglang/lib/python3.11/site-packages/triton/runtime/jit.py", line 733, in run
    kernel = self._do_compile(key, signature, device, constexprs, options, attrs, warmup)
             ^^^^^^^^^^^^^^^^^^^^^^^^^^^^^^^^^^^^^^^^^^^^^^^^^^^^^^^^^^^^^^^^^^^^^^^^^^^^
  File "/home/hyc/miniconda3/envs/sglang/lib/python3.11/site-packages/triton/runtime/jit.py", line 861, in _do_compile
    kernel = self.compile(src, target=target, options=options.__dict__)
             ^^^^^^^^^^^^^^^^^^^^^^^^^^^^^^^^^^^^^^^^^^^^^^^^^^^^^^^^^^
  File "/home/hyc/miniconda3/envs/sglang/lib/python3.11/site-packages/triton/compiler/compiler.py", line 300, in compile
    module = src.make_ir(target, options, codegen_fns, module_map, context)
             ^^^^^^^^^^^^^^^^^^^^^^^^^^^^^^^^^^^^^^^^^^^^^^^^^^^^^^^^^^^^^^
  File "/home/hyc/miniconda3/envs/sglang/lib/python3.11/site-packages/triton/compiler/compiler.py", line 80, in make_ir
    return ast_to_ttir(self.fn, self, context=context, options=options, codegen_fns=codegen_fns,
           ^^^^^^^^^^^^^^^^^^^^^^^^^^^^^^^^^^^^^^^^^^^^^^^^^^^^^^^^^^^^^^^^^^^^^^^^^^^^^^^^^^^^^
triton.compiler.errors.CompilationError: def fused_row_gemv_kernel(
    x_ptr,           # (M, K) input
    w_eff_ptr,       # (K,)   effective weight vector
    out_ptr,         # (M,)   output (fp32)
    b_eff,           # scalar bias in fp32
    M, K,
    stride_xm, stride_xk,
    BLOCK_M: tl.constexpr,
    BLOCK_K: tl.constexpr,
    SPLIT_K: tl.constexpr,
):
    # 2D grid:
    #   pid_m  -> blocks of rows
    #   pid_k  -> split-K parallelism
    pid_m = tl.program_id(0)
    pid_k = tl.program_id(1)

    # Row offsets (output dimension)
    offs_m = pid_m * BLOCK_M + tl.arange(0, BLOCK_M)
    mask_m = offs_m < M

    # K offsets for tiling
    offs_k = tl.arange(0, BLOCK_K)

    # Accumulator for each row in the block
    acc = tl.zeros((BLOCK_M,), dtype=tl.float32)

    # Number of tiles along K
    k_tiles = tl.cdiv(K, BLOCK_K)

    # Each split-K instance processes a strided subset of K-tiles:
    # tile_idx = pid_k, pid_k + SPLIT_K, ...
    for tile_idx in range(pid_k, k_tiles, SPLIT_K):
        k_offsets = tile_idx * BLOCK_K + offs_k
        k_mask = k_offsets < K

        # Pointers
        x_ptrs = x_ptr + offs_m[:, None] * stride_xm + k_offsets[None, :] * stride_xk
        w_ptrs = w_eff_ptr + k_offsets

        # Loads
        x_tile = tl.load(
            x_ptrs,
            mask=mask_m[:, None] & k_mask[None, :],
            other=0.0,
        )
        w_tile = tl.load(
            w_ptrs,
            mask=k_mask,
            other=0.0,
        )

        # Promote to fp32
        x_tile = x_tile.to(tl.float32)
        w_tile = w_tile.to(tl.float32)

        # Per-row dot-product accumulation over this K-tile
        acc += tl.sum(x_tile * w_tile[None, :], axis=1)

    # Add scalar bias exactly once per row (only split 0 adds it)
    if SPLIT_K == 1:
        acc += b_eff
        tl.store(out_ptr + offs_m, acc, mask=mask_m)
    else:
        if pid_k == 0:
            acc += b_eff
        tl.atomic_add(out_ptr + offs_m, acc, mask=mask_m)

IncompatibleTypeErrorImpl('invalid operands of type pointer<fp32> and triton.language.float32')

[stage1_grid_and_parallel] failed. See metrics.message for details.
[stage1_grid_and_parallel] metrics saved to: /home/hyc/LLMKernel/run/20251228_142926_batch_range13to23_openai_deepseek/18_Matmul_Sum_Max_AvgPool_LogSumExp_LogSumExp/evaluation/eval_0021.json
  Optimization failed, attempting repair...
[92mFinish reason: stop[0m
Usage: In=3302, Out=4635, Total=7937
[stage1_grid_and_parallel_repair] score=7.7611 (baseline=3.2486ms)
[stage1_grid_and_parallel_repair] metrics saved to: /home/hyc/LLMKernel/run/20251228_142926_batch_range13to23_openai_deepseek/18_Matmul_Sum_Max_AvgPool_LogSumExp_LogSumExp/evaluation/eval_0022.json
  Optimized kernel score: 7.7611 âœ“
[Stage 1] â˜… New best score: 7.7611

================================================================================
[Stage 2/2] block_tiling
Description: Tune BLOCK_M/N/K sizes for optimal register/memory balance.
Current candidates: 1, best score: 7.7611
================================================================================
[Stage 2] Profiling best candidate...
[ncu] Using GPU device 7 (CUDA_VISIBLE_DEVICES=7)
[ncu] running: /usr/local/cuda/bin/ncu --csv --page=raw --target-processes=all --replay-mode=kernel --profile-from-start=on --log-file=/home/hyc/LLMKernel/ncu_temp_3079947.csv --metrics=sm__throughput.avg.pct_of_peak_sustained_elapsed,launch__grid_size,sm__warps_active.avg.pct_of_peak_sustained_active,dram__throughput.avg.pct_of_peak_sustained_elapsed,lts__t_sector_hit_rate.pct,smsp__warp_issue_stalled_memory_dependency_per_warp_active.pct /home/hyc/miniconda3/envs/sglang/bin/python bench_ref_inputs_3079947.py /home/hyc/LLMKernel/KernelBench/tt/18_Matmul_Sum_Max_AvgPool_LogSumExp_LogSumExp.py /home/hyc/LLMKernel/run/20251228_142926_batch_range13to23_openai_deepseek/18_Matmul_Sum_Max_AvgPool_LogSumExp_LogSumExp/code/test_kernel_analysis_seed1.py --repeat 1
[ncu stdout]: [bench] Completed 1 iterations successfully

[ok] CSV written: /home/hyc/LLMKernel/ncu_temp_3079947.csv
[Stage 2] Generating optimized kernel...
[92mFinish reason: stop[0m
Usage: In=2321, Out=5349, Total=7670
[stage2_block_tiling] score=7.8342 (baseline=3.2486ms)
[stage2_block_tiling] metrics saved to: /home/hyc/LLMKernel/run/20251228_142926_batch_range13to23_openai_deepseek/18_Matmul_Sum_Max_AvgPool_LogSumExp_LogSumExp/evaluation/eval_0023.json
  Optimized kernel score: 7.8342 âœ“
[Stage 2] â˜… New best score: 7.8342
[18_Matmul_Sum_Max_AvgPool_LogSumExp_LogSumExp.py] Figure saved to: /home/hyc/LLMKernel/run/20251228_142926_batch_range13to23_openai_deepseek/18_Matmul_Sum_Max_AvgPool_LogSumExp_LogSumExp/figures/18_Matmul_Sum_Max_AvgPool_LogSumExp_LogSumExp_score.png
